ITEM: TIMESTEP
0
ITEM: NUMBER OF ATOMS
250
ITEM: BOX BOUNDS pp pp pp
2.1246542862245494e+00 1.7875345713775143e+01
2.1246542862245494e+00 1.7875345713775143e+01
2.1246542862245494e+00 1.7875345713775143e+01
ITEM: ATOMS id type x y z 
1 1 2.12465 2.12465 2.12465 
2 1 3.69972 3.69972 3.69972 
3 1 5.27479 2.12465 2.12465 
11 1 2.12465 5.27479 2.12465 
13 1 5.27479 5.27479 2.12465 
26 1 2.12465 2.12465 5.27479 
28 1 5.27479 2.12465 5.27479 
36 1 2.12465 5.27479 5.27479 
38 1 5.27479 5.27479 5.27479 
4 1 6.84986 3.69972 3.69972 
12 1 3.69972 6.84986 3.69972 
21 1 2.12465 8.42493 2.12465 
22 1 5.27479 8.42493 2.12465 
46 1 2.12465 8.42493 5.27479 
47 1 5.27479 8.42493 5.27479 
14 1 6.84986 6.84986 3.69972 
27 1 3.69972 3.69972 6.84986 
51 1 2.12465 2.12465 8.42493 
52 1 5.27479 2.12465 8.42493 
56 1 2.12465 5.27479 8.42493 
57 1 5.27479 5.27479 8.42493 
29 1 6.84986 3.69972 6.84986 
37 1 3.69972 6.84986 6.84986 
61 1 2.12465 8.42493 8.42493 
62 1 5.27479 8.42493 8.42493 
39 1 6.84986 6.84986 6.84986 
126 1 3.69972 10 3.69972 
127 1 6.84986 10 3.69972 
151 1 3.69972 10 6.84986 
152 1 6.84986 10 6.84986 
66 1 3.69972 3.69972 10 
67 1 6.84986 3.69972 10 
71 1 3.69972 6.84986 10 
72 1 6.84986 6.84986 10 
187 1 6.84986 10 10 
186 1 3.69972 10 10 
5 1 8.42493 2.12465 2.12465 
15 1 8.42493 5.27479 2.12465 
30 1 8.42493 2.12465 5.27479 
40 1 8.42493 5.27479 5.27479 
6 1 10 3.69972 3.69972 
7 1 11.5751 2.12465 2.12465 
17 1 11.5751 5.27479 2.12465 
32 1 11.5751 2.12465 5.27479 
42 1 11.5751 5.27479 5.27479 
23 1 8.42493 8.42493 2.12465 
48 1 8.42493 8.42493 5.27479 
16 1 10 6.84986 3.69972 
24 1 11.5751 8.42493 2.12465 
49 1 11.5751 8.42493 5.27479 
53 1 8.42493 2.12465 8.42493 
58 1 8.42493 5.27479 8.42493 
31 1 10 3.69972 6.84986 
54 1 11.5751 2.12465 8.42493 
59 1 11.5751 5.27479 8.42493 
63 1 8.42493 8.42493 8.42493 
41 1 10 6.84986 6.84986 
64 1 11.5751 8.42493 8.42493 
128 1 10 10 3.69972 
153 1 10 10 6.84986 
68 1 10 3.69972 10 
73 1 10 6.84986 10 
188 1 10 10 10 
8 1 13.1501 3.69972 3.69972 
9 1 14.7252 2.12465 2.12465 
10 1 16.3003 3.69972 3.69972 
19 1 14.7252 5.27479 2.12465 
34 1 14.7252 2.12465 5.27479 
44 1 14.7252 5.27479 5.27479 
18 1 13.1501 6.84986 3.69972 
20 1 16.3003 6.84986 3.69972 
25 1 14.7252 8.42493 2.12465 
50 1 14.7252 8.42493 5.27479 
33 1 13.1501 3.69972 6.84986 
35 1 16.3003 3.69972 6.84986 
55 1 14.7252 2.12465 8.42493 
60 1 14.7252 5.27479 8.42493 
43 1 13.1501 6.84986 6.84986 
45 1 16.3003 6.84986 6.84986 
65 1 14.7252 8.42493 8.42493 
129 1 13.1501 10 3.69972 
130 1 16.3003 10 3.69972 
154 1 13.1501 10 6.84986 
155 1 16.3003 10 6.84986 
69 1 13.1501 3.69972 10 
70 1 16.3003 3.69972 10 
190 1 16.3003 10 10 
74 1 13.1501 6.84986 10 
189 1 13.1501 10 10 
75 1 16.3003 6.84986 10 
76 1 2.12465 2.12465 11.5751 
77 1 3.69972 3.69972 13.1501 
78 1 5.27479 2.12465 11.5751 
86 1 2.12465 5.27479 11.5751 
88 1 5.27479 5.27479 11.5751 
79 1 6.84986 3.69972 13.1501 
227 1 6.84986 10 16.3003 
226 1 3.69972 10 16.3003 
87 1 3.69972 6.84986 13.1501 
96 1 2.12465 8.42493 11.5751 
97 1 5.27479 8.42493 11.5751 
89 1 6.84986 6.84986 13.1501 
202 1 6.84986 10 13.1501 
201 1 3.69972 10 13.1501 
101 1 2.12465 2.12465 14.7252 
102 1 3.69972 3.69972 16.3003 
103 1 5.27479 2.12465 14.7252 
111 1 2.12465 5.27479 14.7252 
113 1 5.27479 5.27479 14.7252 
104 1 6.84986 3.69972 16.3003 
112 1 3.69972 6.84986 16.3003 
121 1 2.12465 8.42493 14.7252 
122 1 5.27479 8.42493 14.7252 
114 1 6.84986 6.84986 16.3003 
80 1 8.42493 2.12465 11.5751 
90 1 8.42493 5.27479 11.5751 
228 1 10 10 16.3003 
81 1 10 3.69972 13.1501 
82 1 11.5751 2.12465 11.5751 
92 1 11.5751 5.27479 11.5751 
98 1 8.42493 8.42493 11.5751 
203 1 10 10 13.1501 
91 1 10 6.84986 13.1501 
99 1 11.5751 8.42493 11.5751 
105 1 8.42493 2.12465 14.7252 
115 1 8.42493 5.27479 14.7252 
106 1 10 3.69972 16.3003 
107 1 11.5751 2.12465 14.7252 
117 1 11.5751 5.27479 14.7252 
123 1 8.42493 8.42493 14.7252 
116 1 10 6.84986 16.3003 
124 1 11.5751 8.42493 14.7252 
229 1 13.1501 10 16.3003 
230 1 16.3003 10 16.3003 
83 1 13.1501 3.69972 13.1501 
84 1 14.7252 2.12465 11.5751 
85 1 16.3003 3.69972 13.1501 
94 1 14.7252 5.27479 11.5751 
205 1 16.3003 10 13.1501 
204 1 13.1501 10 13.1501 
93 1 13.1501 6.84986 13.1501 
95 1 16.3003 6.84986 13.1501 
100 1 14.7252 8.42493 11.5751 
108 1 13.1501 3.69972 16.3003 
109 1 14.7252 2.12465 14.7252 
110 1 16.3003 3.69972 16.3003 
119 1 14.7252 5.27479 14.7252 
118 1 13.1501 6.84986 16.3003 
120 1 16.3003 6.84986 16.3003 
125 1 14.7252 8.42493 14.7252 
131 1 2.12465 11.5751 2.12465 
132 1 3.69972 13.1501 3.69972 
133 1 5.27479 11.5751 2.12465 
156 1 2.12465 11.5751 5.27479 
158 1 5.27479 11.5751 5.27479 
134 1 6.84986 13.1501 3.69972 
141 1 2.12465 14.7252 2.12465 
142 1 3.69972 16.3003 3.69972 
143 1 5.27479 14.7252 2.12465 
166 1 2.12465 14.7252 5.27479 
168 1 5.27479 14.7252 5.27479 
144 1 6.84986 16.3003 3.69972 
157 1 3.69972 13.1501 6.84986 
176 1 2.12465 11.5751 8.42493 
177 1 5.27479 11.5751 8.42493 
169 1 6.84986 16.3003 6.84986 
159 1 6.84986 13.1501 6.84986 
182 1 5.27479 14.7252 8.42493 
181 1 2.12465 14.7252 8.42493 
167 1 3.69972 16.3003 6.84986 
191 1 3.69972 13.1501 10 
192 1 6.84986 13.1501 10 
196 1 3.69972 16.3003 10 
197 1 6.84986 16.3003 10 
135 1 8.42493 11.5751 2.12465 
160 1 8.42493 11.5751 5.27479 
184 1 11.5751 14.7252 8.42493 
136 1 10 13.1501 3.69972 
137 1 11.5751 11.5751 2.12465 
162 1 11.5751 11.5751 5.27479 
171 1 10 16.3003 6.84986 
145 1 8.42493 14.7252 2.12465 
170 1 8.42493 14.7252 5.27479 
146 1 10 16.3003 3.69972 
147 1 11.5751 14.7252 2.12465 
172 1 11.5751 14.7252 5.27479 
183 1 8.42493 14.7252 8.42493 
178 1 8.42493 11.5751 8.42493 
161 1 10 13.1501 6.84986 
179 1 11.5751 11.5751 8.42493 
193 1 10 13.1501 10 
198 1 10 16.3003 10 
185 1 14.7252 14.7252 8.42493 
175 1 16.3003 16.3003 6.84986 
173 1 13.1501 16.3003 6.84986 
138 1 13.1501 13.1501 3.69972 
139 1 14.7252 11.5751 2.12465 
140 1 16.3003 13.1501 3.69972 
164 1 14.7252 11.5751 5.27479 
148 1 13.1501 16.3003 3.69972 
149 1 14.7252 14.7252 2.12465 
150 1 16.3003 16.3003 3.69972 
174 1 14.7252 14.7252 5.27479 
163 1 13.1501 13.1501 6.84986 
165 1 16.3003 13.1501 6.84986 
180 1 14.7252 11.5751 8.42493 
194 1 13.1501 13.1501 10 
195 1 16.3003 13.1501 10 
199 1 13.1501 16.3003 10 
200 1 16.3003 16.3003 10 
206 1 2.12465 11.5751 11.5751 
207 1 3.69972 13.1501 13.1501 
208 1 5.27479 11.5751 11.5751 
209 1 6.84986 13.1501 13.1501 
244 1 6.84986 16.3003 16.3003 
243 1 5.27479 14.7252 14.7252 
242 1 3.69972 16.3003 16.3003 
234 1 6.84986 13.1501 16.3003 
241 1 2.12465 14.7252 14.7252 
216 1 2.12465 14.7252 11.5751 
217 1 3.69972 16.3003 13.1501 
218 1 5.27479 14.7252 11.5751 
233 1 5.27479 11.5751 14.7252 
219 1 6.84986 16.3003 13.1501 
232 1 3.69972 13.1501 16.3003 
231 1 2.12465 11.5751 14.7252 
236 1 10 13.1501 16.3003 
237 1 11.5751 11.5751 14.7252 
247 1 11.5751 14.7252 14.7252 
210 1 8.42493 11.5751 11.5751 
246 1 10 16.3003 16.3003 
245 1 8.42493 14.7252 14.7252 
235 1 8.42493 11.5751 14.7252 
211 1 10 13.1501 13.1501 
212 1 11.5751 11.5751 11.5751 
220 1 8.42493 14.7252 11.5751 
221 1 10 16.3003 13.1501 
222 1 11.5751 14.7252 11.5751 
250 1 16.3003 16.3003 16.3003 
249 1 14.7252 14.7252 14.7252 
248 1 13.1501 16.3003 16.3003 
238 1 13.1501 13.1501 16.3003 
213 1 13.1501 13.1501 13.1501 
214 1 14.7252 11.5751 11.5751 
215 1 16.3003 13.1501 13.1501 
239 1 14.7252 11.5751 14.7252 
223 1 13.1501 16.3003 13.1501 
240 1 16.3003 13.1501 16.3003 
224 1 14.7252 14.7252 11.5751 
225 1 16.3003 16.3003 13.1501 
ITEM: TIMESTEP
50
ITEM: NUMBER OF ATOMS
250
ITEM: BOX BOUNDS pp pp pp
2.1150889137306548e+00 1.7884911086269035e+01
2.1150889137306548e+00 1.7884911086269035e+01
2.1150889137306548e+00 1.7884911086269035e+01
ITEM: ATOMS id type x y z 
1 1 2.05533 2.15327 2.16295 
2 1 3.65574 3.6402 3.64714 
3 1 5.29742 2.1384 2.17357 
11 1 2.17998 5.27439 2.17902 
13 1 5.33727 5.32639 2.09705 
26 1 2.10255 2.11603 5.24817 
28 1 5.30492 2.16135 5.33905 
36 1 2.07755 5.28814 5.21156 
38 1 5.27788 5.25098 5.20627 
4 1 6.85118 3.68148 3.67845 
12 1 3.77294 6.8949 3.658 
21 1 2.15864 8.40178 2.10097 
22 1 5.30341 8.41578 2.05271 
46 1 2.12871 8.38147 5.24653 
47 1 5.31832 8.43523 5.29853 
14 1 6.80825 6.90054 3.70528 
27 1 3.73643 3.66933 6.80828 
51 1 2.10504 2.13736 8.46872 
52 1 5.20171 2.05755 8.41765 
56 1 2.10634 5.21769 8.36373 
57 1 5.30104 5.24196 8.39232 
29 1 6.86411 3.73951 6.87116 
37 1 3.75412 6.85748 6.88548 
61 1 2.18951 8.46418 8.39145 
62 1 5.2995 8.44009 8.40092 
39 1 6.89148 6.90619 6.82332 
126 1 3.68263 9.95015 3.63618 
127 1 6.89766 10.0325 3.66824 
151 1 3.75326 10.014 6.78428 
152 1 6.84622 9.9999 6.86787 
66 1 3.68257 3.70239 9.94526 
67 1 6.85179 3.71013 9.98711 
71 1 3.71305 6.78932 9.9595 
72 1 6.87749 6.79446 9.98568 
187 1 6.90731 9.9512 10.0399 
186 1 3.7542 9.95126 10.0453 
5 1 8.40486 2.12714 2.1558 
15 1 8.40906 5.25393 2.19246 
30 1 8.37856 2.07316 5.27735 
40 1 8.40623 5.2042 5.21865 
6 1 9.97232 3.67286 3.62326 
7 1 11.555 2.08134 2.1573 
17 1 11.5683 5.26333 2.09992 
32 1 11.5448 2.09649 5.28144 
42 1 11.5482 5.29778 5.30317 
23 1 8.42054 8.33737 2.07725 
48 1 8.43489 8.4339 5.30776 
16 1 9.96598 6.85493 3.71435 
24 1 11.5677 8.36207 2.09524 
49 1 11.635 8.40214 5.27906 
53 1 8.39581 2.15395 8.36076 
58 1 8.42116 5.33617 8.36756 
31 1 10.0319 3.70026 6.79737 
54 1 11.6313 2.11538 8.43267 
59 1 11.5602 5.2296 8.48698 
63 1 8.44203 8.44725 8.48677 
41 1 9.96748 6.88231 6.78598 
64 1 11.5567 8.44192 8.37274 
128 1 9.95473 10.0125 3.68617 
153 1 9.95148 10.0271 6.78157 
68 1 10.0199 3.65845 9.95275 
73 1 10.0731 6.81743 9.99142 
188 1 10.0009 9.99404 9.96257 
8 1 13.1006 3.74555 3.6548 
9 1 14.7502 2.18627 2.07475 
10 1 16.2747 3.69589 3.68044 
19 1 14.682 5.28386 2.04909 
34 1 14.6508 2.07783 5.23575 
44 1 14.6592 5.30307 5.30731 
18 1 13.1613 6.83165 3.71792 
20 1 16.3154 6.78913 3.70133 
25 1 14.7546 8.35207 2.15247 
50 1 14.7767 8.43443 5.31317 
33 1 13.112 3.69928 6.86742 
35 1 16.3158 3.66625 6.83118 
55 1 14.6856 2.05282 8.38592 
60 1 14.7748 5.20988 8.45501 
43 1 13.1489 6.8584 6.85937 
45 1 16.3678 6.8169 6.90707 
65 1 14.7952 8.45519 8.476 
129 1 13.1109 9.96994 3.69436 
130 1 16.3083 9.94577 3.6381 
154 1 13.158 9.94533 6.89677 
155 1 16.3035 10.0155 6.76715 
69 1 13.2391 3.6976 10.0219 
70 1 16.3402 3.75073 9.97426 
190 1 16.3028 10.0301 10.0232 
74 1 13.2001 6.78793 10.035 
189 1 13.2032 9.97061 10.0586 
75 1 16.3634 6.8884 9.96954 
76 1 2.04182 2.12308 11.6475 
77 1 3.68536 3.72965 13.1399 
78 1 5.22554 2.05511 11.5527 
86 1 2.15065 5.27249 11.5865 
88 1 5.25078 5.20774 11.5055 
79 1 6.84218 3.71733 13.1871 
227 1 6.82805 10.0041 16.2913 
226 1 3.62415 10.0863 16.2511 
87 1 3.7703 6.85161 13.1644 
96 1 2.12487 8.42541 11.5206 
97 1 5.27416 8.40767 11.5109 
89 1 6.86193 6.76397 13.0803 
202 1 6.82159 9.91946 13.2003 
201 1 3.73416 9.98309 13.1863 
101 1 2.05265 2.08018 14.6985 
102 1 3.72673 3.73643 16.3719 
103 1 5.22316 2.08968 14.735 
111 1 2.12664 5.24794 14.7895 
113 1 5.31626 5.20413 14.7248 
104 1 6.8818 3.74597 16.3834 
112 1 3.69682 6.90409 16.3273 
121 1 2.16519 8.43278 14.6563 
122 1 5.29815 8.34626 14.7703 
114 1 6.89374 6.80104 16.249 
80 1 8.35621 2.15991 11.5626 
90 1 8.41275 5.27505 11.5066 
228 1 9.97915 9.95621 16.3613 
81 1 9.92175 3.67111 13.1615 
82 1 11.5076 2.18095 11.5461 
92 1 11.55 5.31373 11.5804 
98 1 8.39911 8.35672 11.6246 
203 1 9.96768 9.96009 13.1331 
91 1 9.98709 6.83449 13.1934 
99 1 11.603 8.46411 11.5717 
105 1 8.34121 2.16227 14.7736 
115 1 8.44194 5.30781 14.7778 
106 1 9.98393 3.74848 16.2473 
107 1 11.5467 2.10981 14.7595 
117 1 11.6034 5.22529 14.6513 
123 1 8.41789 8.43544 14.7918 
116 1 10.0873 6.80805 16.2763 
124 1 11.6276 8.47488 14.6916 
229 1 13.1091 10.0361 16.3746 
230 1 16.2604 10.0096 16.2638 
83 1 13.0676 3.65551 13.1108 
84 1 14.7866 2.09481 11.6148 
85 1 16.2412 3.7727 13.1203 
94 1 14.6982 5.26653 11.6094 
205 1 16.2881 9.9979 13.1306 
204 1 13.1649 10.046 13.1236 
93 1 13.1257 6.89187 13.1329 
95 1 16.2671 6.79917 13.1919 
100 1 14.7687 8.36703 11.5828 
108 1 13.0908 3.73039 16.2441 
109 1 14.7483 2.18874 14.6787 
110 1 16.2925 3.75275 16.3342 
119 1 14.684 5.29369 14.7076 
118 1 13.1457 6.88273 16.3092 
120 1 16.3091 6.85567 16.2528 
125 1 14.6778 8.44791 14.7311 
131 1 2.0268 11.6115 2.13895 
132 1 3.66795 13.1036 3.71177 
133 1 5.21397 11.6369 2.08241 
156 1 2.06196 11.5356 5.25803 
158 1 5.24647 11.5072 5.24679 
134 1 6.79787 13.1311 3.71137 
141 1 2.16006 14.7343 2.13989 
142 1 3.67557 16.3556 3.70054 
143 1 5.33419 14.7983 2.16112 
166 1 2.19915 14.7157 5.2628 
168 1 5.29756 14.6926 5.32697 
144 1 6.85568 16.3607 3.69418 
157 1 3.63099 13.0861 6.83964 
176 1 2.09865 11.5112 8.38605 
177 1 5.19889 11.6192 8.50608 
169 1 6.84143 16.2988 6.91301 
159 1 6.76599 13.1818 6.88907 
182 1 5.29796 14.7769 8.4855 
181 1 2.09427 14.7411 8.37067 
167 1 3.66485 16.3074 6.79307 
191 1 3.65091 13.1442 10.0359 
192 1 6.8952 13.0708 10.057 
196 1 3.71748 16.3305 10.0616 
197 1 6.92385 16.2491 10.0266 
135 1 8.34748 11.5807 2.15219 
160 1 8.37131 11.5595 5.36778 
184 1 11.6253 14.7868 8.48966 
136 1 9.96534 13.16 3.67393 
137 1 11.5913 11.5264 2.10403 
162 1 11.6366 11.5741 5.30304 
171 1 9.98367 16.2903 6.80657 
145 1 8.42301 14.6958 2.14485 
170 1 8.3802 14.6663 5.24306 
146 1 9.98317 16.3209 3.67176 
147 1 11.6141 14.743 2.15212 
172 1 11.6307 14.7277 5.28299 
183 1 8.46997 14.7161 8.4158 
178 1 8.42862 11.6177 8.48798 
161 1 9.98009 13.2241 6.88211 
179 1 11.5275 11.572 8.39927 
193 1 10.0561 13.1669 10.0409 
198 1 10.0481 16.3331 10.0158 
185 1 14.8009 14.7435 8.3593 
175 1 16.339 16.3643 6.78635 
173 1 13.1266 16.2833 6.82344 
138 1 13.131 13.1221 3.67895 
139 1 14.7256 11.5477 2.21114 
140 1 16.3146 13.2085 3.71297 
164 1 14.7478 11.6477 5.26212 
148 1 13.1567 16.2994 3.63268 
149 1 14.733 14.7047 2.0522 
150 1 16.2741 16.2499 3.66341 
174 1 14.7817 14.7875 5.22735 
163 1 13.1713 13.112 6.92475 
165 1 16.332 13.1358 6.80397 
180 1 14.788 11.5884 8.39354 
194 1 13.2347 13.092 10.0156 
195 1 16.3766 13.1303 9.93708 
199 1 13.246 16.3702 10.0717 
200 1 16.3708 16.3474 9.94174 
206 1 2.17503 11.6205 11.5893 
207 1 3.70265 13.2171 13.1644 
208 1 5.21695 11.582 11.6469 
209 1 6.90977 13.1624 13.2267 
244 1 6.84887 16.3464 16.268 
243 1 5.19741 14.7031 14.8131 
242 1 3.63325 16.3848 16.3234 
234 1 6.80374 13.186 16.2569 
241 1 2.12848 14.7579 14.7908 
216 1 2.04942 14.7105 11.5449 
217 1 3.68175 16.2566 13.1364 
218 1 5.29882 14.6452 11.6366 
233 1 5.2807 11.5942 14.7575 
219 1 6.78887 16.3455 13.1173 
232 1 3.6544 13.1392 16.3166 
231 1 2.06544 11.6188 14.6591 
236 1 9.9349 13.1988 16.3254 
237 1 11.5834 11.6319 14.6972 
247 1 11.6047 14.7724 14.6748 
210 1 8.36694 11.5645 11.6369 
246 1 10.0395 16.3489 16.2489 
245 1 8.3844 14.8105 14.6867 
235 1 8.41593 11.5272 14.7989 
211 1 9.93311 13.1335 13.2358 
212 1 11.5294 11.5907 11.5763 
220 1 8.44321 14.7281 11.5212 
221 1 9.94838 16.2546 13.1217 
222 1 11.5892 14.7231 11.5238 
250 1 16.3145 16.3572 16.3805 
249 1 14.8044 14.7723 14.7624 
248 1 13.1747 16.2624 16.2821 
238 1 13.1869 13.1267 16.348 
213 1 13.1964 13.1668 13.205 
214 1 14.7982 11.5641 11.6333 
215 1 16.2914 13.1665 13.1601 
239 1 14.6809 11.5251 14.7826 
223 1 13.1271 16.3521 13.1333 
240 1 16.2873 13.0942 16.2706 
224 1 14.6824 14.6793 11.5469 
225 1 16.2982 16.2663 13.1479 
ITEM: TIMESTEP
100
ITEM: NUMBER OF ATOMS
250
ITEM: BOX BOUNDS pp pp pp
2.1228900120322542e+00 1.7877109987967422e+01
2.1228900120322542e+00 1.7877109987967422e+01
2.1228900120322542e+00 1.7877109987967422e+01
ITEM: ATOMS id type x y z 
1 1 2.1149 2.1471 2.09198 
2 1 3.73897 3.75237 3.74499 
3 1 5.24616 2.16028 2.11329 
11 1 2.1125 5.32794 2.09641 
13 1 5.27666 5.29888 2.12254 
26 1 2.09078 2.14919 5.26505 
28 1 5.27123 2.07466 5.27217 
36 1 2.16413 5.24537 5.29365 
38 1 5.26337 5.30101 5.26425 
4 1 6.8037 3.72631 3.75694 
12 1 3.7056 6.82607 3.72541 
21 1 2.095 8.4393 2.05111 
22 1 5.30478 8.50989 2.09887 
46 1 2.17811 8.39294 5.25341 
47 1 5.28487 8.42727 5.21183 
14 1 6.90673 6.86868 3.68706 
27 1 3.66291 3.7178 6.80503 
51 1 2.12629 2.10428 8.37971 
52 1 5.30321 2.12569 8.45655 
56 1 2.20617 5.29816 8.38642 
57 1 5.28943 5.26652 8.34897 
29 1 6.86288 3.70411 6.82682 
37 1 3.74592 6.81713 6.77319 
61 1 2.1737 8.41665 8.38722 
62 1 5.33381 8.43179 8.4455 
39 1 6.86039 6.84054 6.83795 
126 1 3.72189 10.0087 3.63415 
127 1 6.79978 9.97458 3.70262 
151 1 3.68696 9.96286 6.84825 
152 1 6.85274 10.0687 6.93089 
66 1 3.69694 3.65558 9.99715 
67 1 6.83735 3.62087 9.95674 
71 1 3.73739 6.83312 9.96907 
72 1 6.85895 6.84644 9.93355 
187 1 6.84325 9.98901 10.0555 
186 1 3.71001 10.0096 9.97894 
5 1 8.449 2.08121 2.07791 
15 1 8.46841 5.31452 2.09681 
30 1 8.43607 2.10335 5.28337 
40 1 8.41502 5.29369 5.27819 
6 1 10.0155 3.69138 3.71451 
7 1 11.5837 2.14337 2.05855 
17 1 11.5455 5.26295 2.11427 
32 1 11.5509 2.12338 5.24254 
42 1 11.5414 5.2589 5.26033 
23 1 8.43345 8.42385 2.14395 
48 1 8.43722 8.4367 5.23276 
16 1 10.0162 6.84988 3.68578 
24 1 11.5726 8.41256 2.1633 
49 1 11.5548 8.45201 5.2556 
53 1 8.45194 2.12249 8.43817 
58 1 8.4929 5.27192 8.38092 
31 1 9.97146 3.69125 6.82677 
54 1 11.559 2.10939 8.40968 
59 1 11.6192 5.2943 8.3907 
63 1 8.46318 8.43996 8.42405 
41 1 10.0392 6.854 6.87569 
64 1 11.6122 8.40273 8.46097 
128 1 10.0023 9.99818 3.71096 
153 1 10.0363 10.0348 6.88262 
68 1 9.97249 3.71814 9.95839 
73 1 10.0065 6.88693 9.98622 
188 1 10.0378 10.0053 10.041 
8 1 13.1138 3.68676 3.6999 
9 1 14.6205 2.13442 2.08569 
10 1 16.2009 3.70966 3.72334 
19 1 14.7292 5.29221 2.13348 
34 1 14.6804 2.18342 5.22128 
44 1 14.7304 5.24776 5.28394 
18 1 13.1332 6.84778 3.70554 
20 1 16.2973 6.83771 3.68164 
25 1 14.719 8.42106 2.12046 
50 1 14.748 8.40681 5.29046 
33 1 13.1668 3.69576 6.82936 
35 1 16.2615 3.68664 6.79342 
55 1 14.7836 2.14014 8.39486 
60 1 14.7241 5.29129 8.40658 
43 1 13.1912 6.82579 6.95056 
45 1 16.3104 6.85738 6.82761 
65 1 14.7686 8.39304 8.42259 
129 1 13.1641 9.95146 3.76165 
130 1 16.2895 9.95423 3.68547 
154 1 13.1828 10.0262 6.87498 
155 1 16.3359 9.94765 6.85616 
69 1 13.1537 3.6688 10.0085 
70 1 16.319 3.6913 10.0245 
190 1 16.3873 10.0023 9.98282 
74 1 13.196 6.88487 9.95618 
189 1 13.1657 10.0013 9.9835 
75 1 16.3637 6.82177 10.0186 
76 1 2.14108 2.14732 11.5738 
77 1 3.66676 3.65211 13.1685 
78 1 5.23845 2.13352 11.5842 
86 1 2.10793 5.3079 11.5764 
88 1 5.28789 5.22758 11.5572 
79 1 6.79565 3.66727 13.1256 
227 1 6.79974 10.01 16.3409 
226 1 3.65183 10.0068 16.289 
87 1 3.70064 6.80578 13.1147 
96 1 2.18059 8.41416 11.5833 
97 1 5.30524 8.33518 11.604 
89 1 6.84323 6.80247 13.1498 
202 1 6.83989 9.95444 13.1739 
201 1 3.70139 9.99256 13.1439 
101 1 2.09534 2.20234 14.7623 
102 1 3.69361 3.71637 16.2919 
103 1 5.19728 2.13973 14.7446 
111 1 2.15886 5.28385 14.7197 
113 1 5.25281 5.25973 14.7269 
104 1 6.83467 3.67215 16.2981 
112 1 3.72214 6.84406 16.2501 
121 1 2.09136 8.41261 14.6988 
122 1 5.29888 8.40772 14.6834 
114 1 6.8783 6.859 16.3053 
80 1 8.38982 2.11089 11.5536 
90 1 8.4671 5.22682 11.5534 
228 1 9.99512 10.0224 16.3057 
81 1 9.93581 3.68475 13.1049 
82 1 11.5629 2.11235 11.5917 
92 1 11.546 5.26105 11.5679 
98 1 8.47867 8.4022 11.586 
203 1 9.9887 10.0009 13.1849 
91 1 10.0028 6.84884 13.1236 
99 1 11.5615 8.42674 11.5369 
105 1 8.39647 2.15123 14.7057 
115 1 8.44099 5.27019 14.6797 
106 1 9.99262 3.67309 16.3216 
107 1 11.5328 2.12604 14.6696 
117 1 11.5495 5.32823 14.6918 
123 1 8.47081 8.37904 14.7148 
116 1 10.0231 6.85386 16.2933 
124 1 11.5371 8.47013 14.7274 
229 1 13.1434 9.9586 16.3087 
230 1 16.2893 9.94829 16.2946 
83 1 13.1135 3.71607 13.1057 
84 1 14.7242 2.13443 11.542 
85 1 16.3114 3.70943 13.183 
94 1 14.743 5.27777 11.5693 
205 1 16.3472 9.96402 13.1557 
204 1 13.1307 10.0365 13.1655 
93 1 13.1297 6.86265 13.1467 
95 1 16.3726 6.89543 13.1238 
100 1 14.7617 8.42537 11.602 
108 1 13.1294 3.67393 16.2829 
109 1 14.6871 2.14413 14.7387 
110 1 16.3062 3.75702 16.267 
119 1 14.6806 5.30253 14.7154 
118 1 13.152 6.86453 16.2643 
120 1 16.3206 6.88413 16.3115 
125 1 14.741 8.43201 14.7266 
131 1 2.09091 11.5462 2.08555 
132 1 3.70205 13.1515 3.70342 
133 1 5.2288 11.5779 2.12147 
156 1 2.13993 11.5147 5.19447 
158 1 5.25677 11.5866 5.27889 
134 1 6.80354 13.1542 3.71774 
141 1 2.13992 14.7484 2.13014 
142 1 3.72981 16.2837 3.7137 
143 1 5.23336 14.7543 2.16299 
166 1 2.12329 14.7218 5.24101 
168 1 5.24608 14.7434 5.29639 
144 1 6.82556 16.2551 3.75866 
157 1 3.71812 13.1427 6.87953 
176 1 2.16229 11.546 8.42626 
177 1 5.29375 11.5539 8.4703 
169 1 6.84529 16.2952 6.85488 
159 1 6.81694 13.101 6.94412 
182 1 5.2363 14.6769 8.50261 
181 1 2.19701 14.7279 8.40063 
167 1 3.72441 16.2834 6.89473 
191 1 3.7269 13.177 9.98738 
192 1 6.82398 13.1442 10.0628 
196 1 3.67197 16.2357 9.99826 
197 1 6.8499 16.3045 9.99896 
135 1 8.40808 11.5741 2.1306 
160 1 8.41297 11.6405 5.29448 
184 1 11.6648 14.714 8.43709 
136 1 10.003 13.1056 3.75903 
137 1 11.4702 11.6091 2.15681 
162 1 11.5349 11.575 5.28296 
171 1 10.0016 16.3079 6.86198 
145 1 8.40011 14.7864 2.08542 
170 1 8.42369 14.7243 5.302 
146 1 9.99261 16.2396 3.69833 
147 1 11.5335 14.6817 2.06943 
172 1 11.5667 14.6897 5.28283 
183 1 8.44417 14.7514 8.45201 
178 1 8.40317 11.5806 8.47039 
161 1 10.028 13.1403 6.84839 
179 1 11.6163 11.5863 8.4626 
193 1 10.0251 13.1375 10.0291 
198 1 10.0162 16.3295 9.95161 
185 1 14.7526 14.7275 8.41186 
175 1 16.2986 16.292 6.79025 
173 1 13.1693 16.2812 6.84222 
138 1 13.1447 13.1634 3.74399 
139 1 14.7016 11.5351 2.13772 
140 1 16.2897 13.1289 3.65687 
164 1 14.6966 11.5446 5.2772 
148 1 13.15 16.3094 3.66582 
149 1 14.7652 14.7206 2.1368 
150 1 16.3164 16.3699 3.6719 
174 1 14.7052 14.7002 5.2657 
163 1 13.1616 13.167 6.84952 
165 1 16.317 13.1998 6.81093 
180 1 14.7325 11.5376 8.44006 
194 1 13.1963 13.1194 10.0148 
195 1 16.3076 13.1644 9.97937 
199 1 13.182 16.273 9.98656 
200 1 16.3072 16.2936 9.99664 
206 1 2.12124 11.524 11.5733 
207 1 3.66899 13.1355 13.2127 
208 1 5.32819 11.529 11.6406 
209 1 6.81214 13.1339 13.1958 
244 1 6.81272 16.3379 16.3415 
243 1 5.25832 14.797 14.7688 
242 1 3.70609 16.3508 16.3639 
234 1 6.84596 13.1907 16.3792 
241 1 2.07531 14.7437 14.742 
216 1 2.11818 14.7536 11.5829 
217 1 3.64044 16.3202 13.1788 
218 1 5.28657 14.7073 11.5984 
233 1 5.23473 11.5507 14.7175 
219 1 6.81619 16.2875 13.1665 
232 1 3.637 13.2127 16.3422 
231 1 2.10862 11.5767 14.7131 
236 1 10.0115 13.1626 16.3141 
237 1 11.5165 11.5764 14.7738 
247 1 11.571 14.7155 14.7383 
210 1 8.43691 11.5081 11.665 
246 1 9.95715 16.2971 16.3136 
245 1 8.39479 14.7606 14.7652 
235 1 8.42776 11.5816 14.7792 
211 1 10.0211 13.1539 13.1576 
212 1 11.5947 11.5932 11.5985 
220 1 8.44844 14.6962 11.6071 
221 1 9.96356 16.3623 13.1091 
222 1 11.6118 14.7396 11.6251 
250 1 16.2795 16.3198 16.2785 
249 1 14.7108 14.742 14.697 
248 1 13.1614 16.3606 16.2604 
238 1 13.0907 13.1576 16.3022 
213 1 13.139 13.1888 13.1578 
214 1 14.7386 11.5755 11.565 
215 1 16.3039 13.1566 13.1329 
239 1 14.7043 11.61 14.7502 
223 1 13.1364 16.3048 13.1464 
240 1 16.2824 13.1778 16.3348 
224 1 14.7823 14.7347 11.5529 
225 1 16.2641 16.3044 13.1499 
ITEM: TIMESTEP
150
ITEM: NUMBER OF ATOMS
250
ITEM: BOX BOUNDS pp pp pp
2.1190608082012110e+00 1.7880939191798465e+01
2.1190608082012110e+00 1.7880939191798465e+01
2.1190608082012110e+00 1.7880939191798465e+01
ITEM: ATOMS id type x y z 
1 1 2.11971 2.17729 2.11729 
2 1 3.66713 3.72161 3.68994 
3 1 5.25107 2.1456 2.13645 
11 1 2.07299 5.26426 2.07186 
13 1 5.23755 5.27474 2.11783 
26 1 2.1417 2.10326 5.23899 
28 1 5.22304 2.10799 5.24243 
36 1 2.09519 5.26514 5.26497 
38 1 5.33062 5.28096 5.30289 
4 1 6.89853 3.68018 3.66043 
12 1 3.6392 6.84697 3.6072 
21 1 2.11884 8.42453 2.14423 
22 1 5.19762 8.36293 2.13713 
46 1 2.11423 8.44057 5.22442 
47 1 5.27117 8.44182 5.26634 
14 1 6.87626 6.79171 3.65315 
27 1 3.70167 3.64772 6.89862 
51 1 2.1428 2.1091 8.36363 
52 1 5.30433 2.12935 8.39102 
56 1 2.12071 5.28134 8.46955 
57 1 5.29961 5.26515 8.45034 
29 1 6.81953 3.61574 6.80572 
37 1 3.67908 6.87666 6.81346 
61 1 2.12361 8.32638 8.44401 
62 1 5.27349 8.38766 8.40276 
39 1 6.86994 6.85615 6.83262 
126 1 3.66363 10.0208 3.7325 
127 1 6.83721 10.0441 3.76536 
151 1 3.70678 9.97948 6.8615 
152 1 6.87733 9.95732 6.81047 
66 1 3.70425 3.68095 10.0045 
67 1 6.84945 3.72179 9.98469 
71 1 3.74669 6.87033 9.98978 
72 1 6.88425 6.82157 10.0125 
187 1 6.85191 10.0039 10.0302 
186 1 3.71126 10.0053 9.98569 
5 1 8.39029 2.16455 2.14972 
15 1 8.412 5.23341 2.02861 
30 1 8.44605 2.14246 5.23257 
40 1 8.47131 5.348 5.28668 
6 1 9.9562 3.68191 3.72438 
7 1 11.5303 2.09825 2.06875 
17 1 11.6133 5.28564 2.09971 
32 1 11.5939 2.08588 5.23798 
42 1 11.6255 5.26833 5.25122 
23 1 8.44333 8.55001 2.12002 
48 1 8.42208 8.47606 5.29858 
16 1 10.0491 6.83204 3.69507 
24 1 11.5842 8.50745 2.12552 
49 1 11.5495 8.41279 5.35149 
53 1 8.44167 2.06911 8.44057 
58 1 8.42198 5.22046 8.45909 
31 1 10.0038 3.68111 6.87185 
54 1 11.5943 2.13081 8.38497 
59 1 11.6133 5.26148 8.37895 
63 1 8.44698 8.42585 8.35143 
41 1 10.0641 6.85253 6.87016 
64 1 11.6367 8.45457 8.44498 
128 1 10.0023 9.9932 3.7407 
153 1 10.0568 9.98432 6.96155 
68 1 10.0211 3.7163 10.0123 
73 1 9.96771 6.85088 9.98273 
188 1 10.0161 10.0402 10.0589 
8 1 13.1405 3.67835 3.68589 
9 1 14.7413 2.08684 2.12839 
10 1 16.3717 3.72683 3.61626 
19 1 14.7124 5.2697 2.14574 
34 1 14.7656 2.08346 5.28319 
44 1 14.7554 5.29449 5.22437 
18 1 13.1514 6.82981 3.70284 
20 1 16.3058 6.89633 3.69229 
25 1 14.6716 8.45794 2.09697 
50 1 14.6814 8.37046 5.24046 
33 1 13.1457 3.66402 6.83041 
35 1 16.3229 3.74069 6.88859 
55 1 14.7623 2.1657 8.42593 
60 1 14.7909 5.27925 8.42492 
43 1 13.169 6.87042 6.74811 
45 1 16.3228 6.83233 6.77968 
65 1 14.7607 8.40877 8.40861 
129 1 13.1662 10.0494 3.68665 
130 1 16.3142 10.0155 3.74672 
154 1 13.1632 10.0108 6.82703 
155 1 16.3517 10.012 6.89236 
69 1 13.0742 3.69496 9.9234 
70 1 16.3051 3.6511 9.9793 
190 1 16.3286 9.92309 9.9798 
74 1 13.1533 6.86738 10.0435 
189 1 13.1872 10.013 9.99404 
75 1 16.3021 6.82255 9.9793 
76 1 2.13731 2.09715 11.5006 
77 1 3.67374 3.68994 13.1374 
78 1 5.28046 2.09365 11.6018 
86 1 2.14182 5.21512 11.5328 
88 1 5.30001 5.27798 11.5778 
79 1 6.82259 3.64272 13.1075 
227 1 6.88358 10.0243 16.2885 
226 1 3.74772 9.92454 16.2928 
87 1 3.67363 6.80707 13.1179 
96 1 2.17487 8.41249 11.5634 
97 1 5.31862 8.40157 11.6106 
89 1 6.87272 6.85462 13.1842 
202 1 6.90622 10.0251 13.1814 
201 1 3.67587 9.97096 13.1167 
101 1 2.1145 2.12934 14.7667 
102 1 3.64995 3.72093 16.3017 
103 1 5.29768 2.15084 14.7288 
111 1 2.06923 5.3369 14.6558 
113 1 5.26718 5.32141 14.7118 
104 1 6.8168 3.69739 16.252 
112 1 3.71924 6.84058 16.2875 
121 1 2.14112 8.41383 14.7808 
122 1 5.23789 8.46843 14.7022 
114 1 6.81237 6.88954 16.3392 
80 1 8.45432 2.03558 11.559 
90 1 8.3743 5.26422 11.5686 
228 1 9.97184 10.0192 16.3143 
81 1 10.0619 3.72912 13.1217 
82 1 11.624 2.06072 11.5212 
92 1 11.633 5.24596 11.5024 
98 1 8.4277 8.43816 11.5252 
203 1 10.045 10.0428 13.2002 
91 1 10.0204 6.8499 13.0832 
99 1 11.6226 8.3992 11.6229 
105 1 8.43052 2.07127 14.6738 
115 1 8.37959 5.20039 14.6749 
106 1 9.98555 3.66361 16.2945 
107 1 11.5572 2.16217 14.6715 
117 1 11.5158 5.28854 14.7835 
123 1 8.40027 8.42346 14.6959 
116 1 9.92688 6.89895 16.324 
124 1 11.5538 8.37602 14.7619 
229 1 13.1491 9.99856 16.2789 
230 1 16.2918 10.0446 16.3218 
83 1 13.2197 3.75336 13.1848 
84 1 14.6813 2.15144 11.5431 
85 1 16.3165 3.65639 13.1588 
94 1 14.7483 5.29749 11.5385 
205 1 16.2946 10.0483 13.1598 
204 1 13.1641 9.96973 13.1941 
93 1 13.2004 6.85471 13.1194 
95 1 16.304 6.8586 13.124 
100 1 14.725 8.49994 11.5487 
108 1 13.1694 3.7539 16.3 
109 1 14.6791 2.10679 14.7095 
110 1 16.2489 3.68116 16.3164 
119 1 14.7846 5.2837 14.7182 
118 1 13.1446 6.80988 16.3158 
120 1 16.2742 6.82215 16.3025 
125 1 14.7418 8.41887 14.6963 
131 1 2.15819 11.5606 2.06764 
132 1 3.66805 13.1884 3.69457 
133 1 5.29148 11.5813 2.13761 
156 1 2.14928 11.6079 5.2861 
158 1 5.28751 11.6276 5.3274 
134 1 6.88542 13.1761 3.74254 
141 1 2.02014 14.7693 2.11576 
142 1 3.65966 16.3275 3.7284 
143 1 5.20589 14.6901 2.11028 
166 1 2.02519 14.7341 5.25305 
168 1 5.2446 14.7098 5.30372 
144 1 6.85256 16.2901 3.69934 
157 1 3.73501 13.1607 6.83535 
176 1 2.15055 11.6585 8.40034 
177 1 5.32587 11.5097 8.41139 
169 1 6.85924 16.2789 6.8528 
159 1 6.94508 13.1812 6.85172 
182 1 5.32949 14.6947 8.37877 
181 1 2.08972 14.6913 8.454 
167 1 3.72476 16.3148 6.88639 
191 1 3.70848 13.0772 10.0844 
192 1 6.85759 13.2047 10.052 
196 1 3.68255 16.3153 9.98871 
197 1 6.76042 16.2995 10.0092 
135 1 8.42647 11.6061 2.14543 
160 1 8.41979 11.5634 5.23305 
184 1 11.5267 14.6617 8.38877 
136 1 9.96162 13.1896 3.7041 
137 1 11.5989 11.5786 2.17211 
162 1 11.5504 11.5567 5.29146 
171 1 10.0491 16.2818 6.87303 
145 1 8.38687 14.7187 2.17501 
170 1 8.43433 14.768 5.34368 
146 1 10.0158 16.2826 3.70798 
147 1 11.5543 14.762 2.12816 
172 1 11.526 14.7486 5.25877 
183 1 8.39978 14.7028 8.47875 
178 1 8.48385 11.5551 8.46944 
161 1 10.0094 13.1004 6.91889 
179 1 11.6383 11.5838 8.47454 
193 1 9.96471 13.1637 9.99426 
198 1 9.98669 16.2382 10.016 
185 1 14.7381 14.702 8.45552 
175 1 16.2854 16.2569 6.86699 
173 1 13.1919 16.3573 6.82829 
138 1 13.1496 13.1429 3.66995 
139 1 14.6471 11.6022 2.02832 
140 1 16.2927 13.0797 3.68344 
164 1 14.7592 11.4956 5.2962 
148 1 13.1099 16.275 3.71958 
149 1 14.6627 14.7701 2.15475 
150 1 16.3036 16.3702 3.67896 
174 1 14.7007 14.7053 5.26235 
163 1 13.1749 13.1555 6.79659 
165 1 16.3196 13.0879 6.85632 
180 1 14.7741 11.5707 8.43142 
194 1 13.1133 13.2249 10.0103 
195 1 16.3157 13.15 10.0268 
199 1 13.0863 16.2573 9.91515 
200 1 16.282 16.2862 10.0036 
206 1 2.11052 11.5771 11.5603 
207 1 3.67033 13.1145 13.1526 
208 1 5.28823 11.541 11.5519 
209 1 6.7847 13.1383 13.1894 
244 1 6.79243 16.3032 16.3705 
243 1 5.2724 14.7397 14.7049 
242 1 3.67145 16.2688 16.2976 
234 1 6.81236 13.1394 16.3714 
241 1 2.07293 14.7527 14.692 
216 1 2.20142 14.7119 11.6229 
217 1 3.65641 16.3353 13.2125 
218 1 5.21685 14.8044 11.6184 
233 1 5.24632 11.5994 14.7853 
219 1 6.85303 16.2699 13.206 
232 1 3.71513 13.174 16.2904 
231 1 2.11088 11.548 14.8109 
236 1 9.96219 13.1255 16.3152 
237 1 11.5894 11.5499 14.7853 
247 1 11.4935 14.7456 14.7686 
210 1 8.49617 11.6026 11.5762 
246 1 9.96479 16.2849 16.2997 
245 1 8.43059 14.6614 14.7656 
235 1 8.35681 11.6336 14.7153 
211 1 10.0277 13.1967 13.1272 
212 1 11.6456 11.5585 11.6277 
220 1 8.40504 14.7087 11.6665 
221 1 10.0123 16.3101 13.1839 
222 1 11.5741 14.7541 11.5991 
250 1 16.2681 16.3188 16.2398 
249 1 14.6251 14.6991 14.7201 
248 1 13.0655 16.2897 16.3 
238 1 13.1354 13.1737 16.3098 
213 1 13.1408 13.1319 13.1222 
214 1 14.7127 11.569 11.553 
215 1 16.3105 13.1284 13.1499 
239 1 14.7526 11.6275 14.6828 
223 1 13.1712 16.305 13.1401 
240 1 16.2616 13.1992 16.3101 
224 1 14.7724 14.7758 11.6054 
225 1 16.2994 16.41 13.1494 
ITEM: TIMESTEP
200
ITEM: NUMBER OF ATOMS
250
ITEM: BOX BOUNDS pp pp pp
2.1175218974753980e+00 1.7882478102524278e+01
2.1175218974753980e+00 1.7882478102524278e+01
2.1175218974753980e+00 1.7882478102524278e+01
ITEM: ATOMS id type x y z 
1 1 2.11603 2.06349 2.10504 
2 1 3.69443 3.68179 3.66751 
3 1 5.24463 2.0796 2.11796 
11 1 2.11203 5.27432 2.08002 
13 1 5.26405 5.21123 2.10592 
26 1 2.11587 2.11761 5.30763 
28 1 5.30224 2.17111 5.25574 
36 1 2.13756 5.30172 5.23297 
38 1 5.26893 5.24126 5.25102 
4 1 6.8369 3.70417 3.64385 
12 1 3.69435 6.84073 3.71094 
21 1 2.07731 8.44676 2.14074 
22 1 5.29341 8.40023 2.16624 
46 1 2.06281 8.46282 5.32123 
47 1 5.25413 8.38892 5.29688 
14 1 6.81851 6.87231 3.69897 
27 1 3.74443 3.73695 6.85135 
51 1 2.10361 2.09963 8.46377 
52 1 5.2543 2.07095 8.41023 
56 1 2.10506 5.21334 8.42368 
57 1 5.26995 5.27171 8.45821 
29 1 6.89485 3.70215 6.84527 
37 1 3.67848 6.8188 6.87432 
61 1 2.10894 8.45052 8.42154 
62 1 5.27254 8.39531 8.40765 
39 1 6.86843 6.80508 6.85229 
126 1 3.69765 10.0265 3.75704 
127 1 6.86139 10.0082 3.65171 
151 1 3.72414 10.0399 6.86305 
152 1 6.87109 9.96796 6.82752 
66 1 3.7462 3.7153 9.98206 
67 1 6.87882 3.68671 10.0359 
71 1 3.6965 6.8284 10.0284 
72 1 6.86016 6.88337 10.0393 
187 1 6.91066 9.99551 9.9273 
186 1 3.70538 9.94216 9.99631 
5 1 8.38261 2.10657 2.08908 
15 1 8.38842 5.28842 2.13113 
30 1 8.40866 2.12543 5.31134 
40 1 8.47474 5.23809 5.25851 
6 1 10.035 3.73906 3.64207 
7 1 11.5538 2.13773 2.16737 
17 1 11.5308 5.28298 2.12896 
32 1 11.5948 2.13709 5.28035 
42 1 11.6137 5.2407 5.25998 
23 1 8.36107 8.40639 2.14679 
48 1 8.45429 8.38368 5.2733 
16 1 9.96917 6.87507 3.67905 
24 1 11.5567 8.42705 2.11293 
49 1 11.6002 8.42865 5.25258 
53 1 8.41278 2.08478 8.41014 
58 1 8.38187 5.25845 8.40325 
31 1 10.0279 3.6888 6.84836 
54 1 11.5698 2.08267 8.40342 
59 1 11.569 5.29413 8.4175 
63 1 8.41525 8.37476 8.47776 
41 1 9.97833 6.81439 6.83716 
64 1 11.5932 8.41966 8.45988 
128 1 10.0191 10.029 3.73916 
153 1 10.001 9.98155 6.85013 
68 1 10.0109 3.61953 10.0226 
73 1 10.0545 6.81584 9.99113 
188 1 10.0438 9.96287 10.0218 
8 1 13.2058 3.65787 3.6583 
9 1 14.7587 2.12359 2.14197 
10 1 16.3523 3.70126 3.71488 
19 1 14.7192 5.2686 2.08915 
34 1 14.8206 2.09815 5.29749 
44 1 14.7489 5.21509 5.24534 
18 1 13.1496 6.89247 3.62445 
20 1 16.2809 6.86833 3.64559 
25 1 14.7465 8.44219 2.10109 
50 1 14.7364 8.49021 5.22889 
33 1 13.1969 3.72961 6.79998 
35 1 16.3719 3.66984 6.82367 
55 1 14.6736 2.06216 8.42615 
60 1 14.7038 5.27586 8.38615 
43 1 13.1681 6.82815 6.80608 
45 1 16.3154 6.86268 6.85746 
65 1 14.7075 8.43513 8.37613 
129 1 13.1391 10.0241 3.65543 
130 1 16.2967 10.0627 3.66456 
154 1 13.1844 9.97509 6.8464 
155 1 16.3208 9.98756 6.8408 
69 1 13.2207 3.71984 9.96928 
70 1 16.2911 3.68644 9.98147 
190 1 16.2971 10.023 10.0111 
74 1 13.1411 6.81887 9.96345 
189 1 13.1746 10.0194 10.0315 
75 1 16.2779 6.86044 9.98099 
76 1 2.08378 2.06543 11.5779 
77 1 3.72332 3.73134 13.141 
78 1 5.29676 2.11279 11.5581 
86 1 2.1317 5.23137 11.5424 
88 1 5.25512 5.29357 11.5972 
79 1 6.93416 3.7017 13.1468 
227 1 6.8643 10.0009 16.3173 
226 1 3.73969 10.0269 16.3638 
87 1 3.71629 6.90327 13.1622 
96 1 2.06091 8.39886 11.5736 
97 1 5.28438 8.51254 11.5319 
89 1 6.86414 6.88951 13.1473 
202 1 6.85272 10.0609 13.1114 
201 1 3.70906 10.0156 13.1691 
101 1 2.12249 2.09215 14.6802 
102 1 3.6774 3.69637 16.2636 
103 1 5.30056 2.10119 14.7415 
111 1 2.08464 5.23214 14.7251 
113 1 5.26626 5.28122 14.7 
104 1 6.82335 3.7256 16.2848 
112 1 3.61148 6.8294 16.3038 
121 1 2.10946 8.4542 14.7325 
122 1 5.27725 8.4366 14.7573 
114 1 6.8151 6.86634 16.2769 
80 1 8.46263 2.12559 11.5864 
90 1 8.43967 5.27751 11.5981 
228 1 10.0037 10.0178 16.3149 
81 1 10.0733 3.69539 13.1306 
82 1 11.5883 2.14672 11.5335 
92 1 11.609 5.28437 11.6006 
98 1 8.42578 8.46559 11.5822 
203 1 10.0257 9.99464 13.1594 
91 1 10.005 6.84325 13.1787 
99 1 11.5947 8.44262 11.618 
105 1 8.43324 2.07562 14.7694 
115 1 8.40486 5.27966 14.7386 
106 1 9.97393 3.72873 16.2515 
107 1 11.6227 2.13114 14.7622 
117 1 11.5967 5.24693 14.7116 
123 1 8.39259 8.46853 14.7273 
116 1 9.93663 6.84373 16.3059 
124 1 11.609 8.3613 14.7485 
229 1 13.1435 10.0368 16.274 
230 1 16.2982 10.0376 16.3315 
83 1 13.1768 3.70789 13.1405 
84 1 14.7101 2.12725 11.5573 
85 1 16.3024 3.71108 13.0717 
94 1 14.7516 5.25586 11.5452 
205 1 16.3042 10.0095 13.1423 
204 1 13.1918 9.96806 13.1569 
93 1 13.1797 6.81415 13.1918 
95 1 16.2503 6.84438 13.1101 
100 1 14.758 8.40743 11.5429 
108 1 13.1361 3.68271 16.3135 
109 1 14.7225 2.1102 14.7217 
110 1 16.2719 3.64215 16.2811 
119 1 14.7395 5.25744 14.7203 
118 1 13.1292 6.87968 16.3179 
120 1 16.2658 6.87003 16.2921 
125 1 14.7371 8.43412 14.7445 
131 1 2.13112 11.6367 2.17947 
132 1 3.65796 13.1707 3.68643 
133 1 5.28974 11.5408 2.19404 
156 1 2.13376 11.6414 5.33963 
158 1 5.30482 11.5668 5.27635 
134 1 6.82932 13.1809 3.73281 
141 1 2.03796 14.7232 2.09681 
142 1 3.63823 16.2988 3.65154 
143 1 5.25661 14.743 2.14159 
166 1 2.09876 14.7307 5.32081 
168 1 5.27957 14.7457 5.23058 
144 1 6.81939 16.356 3.6817 
157 1 3.69375 13.1771 6.87692 
176 1 2.1512 11.5358 8.46326 
177 1 5.32091 11.6165 8.39229 
169 1 6.87384 16.3223 6.84005 
159 1 6.90806 13.1341 6.81614 
182 1 5.26501 14.7288 8.41179 
181 1 2.09557 14.7202 8.46072 
167 1 3.64864 16.262 6.79337 
191 1 3.72471 13.1572 9.97748 
192 1 6.84071 13.1214 9.99377 
196 1 3.71004 16.3228 9.98657 
197 1 6.86028 16.2976 10.0339 
135 1 8.43366 11.6011 2.14592 
160 1 8.48494 11.5368 5.35108 
184 1 11.515 14.7508 8.39727 
136 1 10.019 13.1869 3.69667 
137 1 11.6057 11.5875 2.09171 
162 1 11.6335 11.5905 5.3098 
171 1 9.99196 16.2977 6.85043 
145 1 8.40686 14.7143 2.17911 
170 1 8.44249 14.7407 5.28284 
146 1 9.9378 16.407 3.68814 
147 1 11.5408 14.7425 2.18665 
172 1 11.6033 14.7012 5.29628 
183 1 8.41133 14.707 8.46113 
178 1 8.44185 11.541 8.40717 
161 1 9.99754 13.1319 6.83371 
179 1 11.6056 11.5662 8.43209 
193 1 10.0207 13.1584 10.0507 
198 1 9.95632 16.2649 10.0567 
185 1 14.6853 14.71 8.40926 
175 1 16.3288 16.309 6.91255 
173 1 13.1439 16.2638 6.84739 
138 1 13.129 13.1361 3.68308 
139 1 14.7932 11.637 2.11377 
140 1 16.2698 13.1764 3.70474 
164 1 14.7574 11.616 5.24707 
148 1 13.1531 16.322 3.71374 
149 1 14.6491 14.7484 2.08507 
150 1 16.2428 16.2117 3.70363 
174 1 14.7437 14.7161 5.27766 
163 1 13.1548 13.1281 6.85639 
165 1 16.2848 13.1242 6.87484 
180 1 14.7504 11.6081 8.43547 
194 1 13.1426 13.1751 9.98924 
195 1 16.3041 13.1154 10.0517 
199 1 13.1419 16.3413 9.98024 
200 1 16.2927 16.303 9.99592 
206 1 2.11324 11.5708 11.6045 
207 1 3.70815 13.1347 13.1514 
208 1 5.25585 11.6142 11.5778 
209 1 6.85006 13.1642 13.1246 
244 1 6.85172 16.2609 16.2876 
243 1 5.22695 14.6707 14.7412 
242 1 3.62933 16.2935 16.2825 
234 1 6.82049 13.1471 16.2753 
241 1 2.10185 14.6933 14.7306 
216 1 2.0775 14.7195 11.5655 
217 1 3.74308 16.3139 13.1419 
218 1 5.2512 14.7063 11.5732 
233 1 5.27607 11.5742 14.7296 
219 1 6.85946 16.3052 13.177 
232 1 3.66395 13.0925 16.2819 
231 1 2.13723 11.5838 14.7208 
236 1 9.969 13.1379 16.3388 
237 1 11.6185 11.6145 14.7083 
247 1 11.5668 14.7239 14.7148 
210 1 8.40865 11.6514 11.5505 
246 1 9.93811 16.3174 16.3272 
245 1 8.37091 14.7024 14.7595 
235 1 8.45117 11.5731 14.7054 
211 1 9.98109 13.1158 13.2021 
212 1 11.5759 11.5641 11.5766 
220 1 8.3572 14.761 11.594 
221 1 10.0429 16.2489 13.1831 
222 1 11.5505 14.6979 11.5372 
250 1 16.2374 16.3027 16.3206 
249 1 14.7133 14.7612 14.753 
248 1 13.0963 16.3029 16.3234 
238 1 13.1277 13.1608 16.2836 
213 1 13.1623 13.1423 13.1693 
214 1 14.7521 11.6251 11.5666 
215 1 16.2988 13.2126 13.1757 
239 1 14.7216 11.5351 14.7009 
223 1 13.1317 16.3241 13.1274 
240 1 16.2978 13.1609 16.2628 
224 1 14.6773 14.7272 11.6102 
225 1 16.3218 16.2875 13.1231 
ITEM: TIMESTEP
250
ITEM: NUMBER OF ATOMS
250
ITEM: BOX BOUNDS pp pp pp
2.1233071465733664e+00 1.7876692853426299e+01
2.1233071465733664e+00 1.7876692853426299e+01
2.1233071465733664e+00 1.7876692853426299e+01
ITEM: ATOMS id type x y z 
1 1 2.07201 2.06874 2.10213 
2 1 3.70822 3.65473 3.67577 
3 1 5.25223 2.08282 2.04642 
11 1 2.12699 5.26148 2.14182 
13 1 5.24985 5.29441 2.08339 
26 1 2.15997 2.12805 5.28391 
28 1 5.28926 2.11156 5.29899 
36 1 2.14732 5.29508 5.27255 
38 1 5.25742 5.27684 5.2466 
4 1 6.80955 3.72956 3.73495 
12 1 3.70042 6.86455 3.77755 
21 1 2.15025 8.46896 2.11954 
22 1 5.26667 8.46563 2.11136 
46 1 2.15626 8.43229 5.30375 
47 1 5.26756 8.4029 5.30841 
14 1 6.80529 6.85797 3.76482 
27 1 3.71314 3.70222 6.78671 
51 1 2.12182 2.11549 8.48806 
52 1 5.26537 2.12011 8.43159 
56 1 2.1262 5.28717 8.36827 
57 1 5.27824 5.26266 8.40987 
29 1 6.87473 3.76517 6.90459 
37 1 3.71201 6.83844 6.90096 
61 1 2.11876 8.47576 8.42616 
62 1 5.28479 8.45664 8.44131 
39 1 6.81236 6.81577 6.86163 
126 1 3.71454 9.97312 3.7154 
127 1 6.89353 9.95693 3.71642 
151 1 3.71476 10.0068 6.86534 
152 1 6.84656 9.98787 6.86565 
66 1 3.70038 3.6668 10.0086 
67 1 6.86948 3.66912 10.0119 
71 1 3.63218 6.83879 10.0151 
72 1 6.82239 6.84797 10.007 
187 1 6.84052 10.0236 9.96189 
186 1 3.70878 10.0248 10.022 
5 1 8.42329 2.12569 2.08225 
15 1 8.3928 5.31898 2.18314 
30 1 8.42916 2.13866 5.27447 
40 1 8.38302 5.18329 5.23072 
6 1 10.0188 3.72626 3.67268 
7 1 11.5988 2.16073 2.15036 
17 1 11.5443 5.29009 2.09781 
32 1 11.5897 2.14706 5.31402 
42 1 11.5575 5.3054 5.24003 
23 1 8.42082 8.33739 2.10713 
48 1 8.41933 8.35262 5.2745 
16 1 9.97352 6.88099 3.70141 
24 1 11.5203 8.38298 2.09915 
49 1 11.6123 8.42493 5.20038 
53 1 8.41247 2.15528 8.44853 
58 1 8.4791 5.28302 8.44834 
31 1 10.0324 3.69874 6.82555 
54 1 11.5425 2.1321 8.44475 
59 1 11.5397 5.22698 8.44145 
63 1 8.45999 8.3748 8.47554 
41 1 9.99027 6.83005 6.82847 
64 1 11.5326 8.37872 8.38005 
128 1 10.0164 10.029 3.64058 
153 1 10.018 9.93725 6.7885 
68 1 10.0117 3.70588 9.94647 
73 1 10.0198 6.81093 10.0588 
188 1 10.0143 9.96097 9.95394 
8 1 13.1908 3.74733 3.70521 
9 1 14.6964 2.13832 2.11949 
10 1 16.2717 3.63049 3.7217 
19 1 14.743 5.27664 2.06998 
34 1 14.6893 2.11879 5.27506 
44 1 14.756 5.30852 5.25663 
18 1 13.1539 6.84746 3.68285 
20 1 16.2954 6.818 3.70797 
25 1 14.7474 8.46201 2.11123 
50 1 14.7751 8.46853 5.25053 
33 1 13.1915 3.66437 6.85123 
35 1 16.307 3.67153 6.83313 
55 1 14.71 2.09736 8.38373 
60 1 14.7048 5.24795 8.36587 
43 1 13.1378 6.84108 6.87704 
45 1 16.2667 6.83948 6.86516 
65 1 14.7064 8.44609 8.42747 
129 1 13.1687 9.98903 3.67705 
130 1 16.3197 10.0201 3.68383 
154 1 13.1491 10.0021 6.85932 
155 1 16.2596 10.0433 6.829 
69 1 13.1889 3.69513 10.0228 
70 1 16.3256 3.71907 9.96161 
190 1 16.2838 10.0582 10.0135 
74 1 13.1848 6.86438 9.96013 
189 1 13.1479 9.98187 9.99991 
75 1 16.3134 6.85244 9.96094 
76 1 2.15732 2.15515 11.6229 
77 1 3.75127 3.68141 13.1335 
78 1 5.28416 2.16932 11.576 
86 1 2.10329 5.33115 11.6117 
88 1 5.30696 5.3079 11.5892 
79 1 6.8885 3.75944 13.2086 
227 1 6.82007 10.0157 16.3143 
226 1 3.62659 10.0544 16.3729 
87 1 3.68407 6.91975 13.1807 
96 1 2.10206 8.4342 11.5862 
97 1 5.23395 8.45738 11.5675 
89 1 6.8194 6.89715 13.112 
202 1 6.80921 10.0033 13.0933 
201 1 3.71708 10.0247 13.1961 
101 1 2.11235 2.09479 14.6561 
102 1 3.70717 3.6279 16.2708 
103 1 5.24372 2.08278 14.7029 
111 1 2.15174 5.23145 14.7241 
113 1 5.25614 5.24462 14.7326 
104 1 6.85634 3.66693 16.3206 
112 1 3.66675 6.88721 16.3174 
121 1 2.09157 8.43869 14.6954 
122 1 5.28935 8.41572 14.7495 
114 1 6.81448 6.81035 16.2794 
80 1 8.41559 2.18488 11.6452 
90 1 8.52615 5.31137 11.5764 
228 1 10.0331 9.97848 16.308 
81 1 9.96621 3.63697 13.2012 
82 1 11.5564 2.14913 11.6356 
92 1 11.5497 5.30063 11.6227 
98 1 8.47135 8.4335 11.646 
203 1 9.98593 9.96164 13.1327 
91 1 9.99334 6.85745 13.2214 
99 1 11.5726 8.40223 11.5471 
105 1 8.44863 2.18223 14.7491 
115 1 8.46906 5.35835 14.7547 
106 1 9.99403 3.72338 16.3173 
107 1 11.5616 2.05894 14.7701 
117 1 11.6314 5.2621 14.7146 
123 1 8.46736 8.44221 14.7686 
116 1 10.0442 6.83672 16.2792 
124 1 11.5685 8.50772 14.7044 
229 1 13.1651 10.0073 16.3347 
230 1 16.3557 9.99548 16.2662 
83 1 13.1244 3.62727 13.1022 
84 1 14.7759 2.06855 11.5988 
85 1 16.3095 3.70251 13.1386 
94 1 14.7106 5.2669 11.5694 
205 1 16.3198 9.96606 13.1455 
204 1 13.1508 10.0187 13.097 
93 1 13.1239 6.85117 13.1514 
95 1 16.3468 6.83474 13.1831 
100 1 14.687 8.35433 11.5901 
108 1 13.1226 3.65572 16.3078 
109 1 14.7753 2.12862 14.719 
110 1 16.3632 3.70933 16.2617 
119 1 14.6685 5.23957 14.7337 
118 1 13.1385 6.8701 16.2851 
120 1 16.3158 6.86634 16.269 
125 1 14.7303 8.42144 14.7397 
131 1 2.09956 11.5935 2.19373 
132 1 3.72439 13.1522 3.74515 
133 1 5.25883 11.6112 2.11561 
156 1 2.11105 11.5557 5.29091 
158 1 5.29424 11.5419 5.24893 
134 1 6.83261 13.1235 3.65837 
141 1 2.1787 14.6716 2.11998 
142 1 3.68222 16.2624 3.67203 
143 1 5.2749 14.7187 2.09845 
166 1 2.18519 14.7148 5.28894 
168 1 5.29062 14.7728 5.26206 
144 1 6.81184 16.3249 3.7051 
157 1 3.69707 13.1532 6.85827 
176 1 2.12556 11.5183 8.49257 
177 1 5.24433 11.5948 8.43361 
169 1 6.80108 16.2929 6.84484 
159 1 6.75353 13.1366 6.84846 
182 1 5.24842 14.7755 8.43187 
181 1 2.13381 14.7311 8.42582 
167 1 3.71738 16.3351 6.82465 
191 1 3.66315 13.1976 9.92932 
192 1 6.85512 13.1244 9.91559 
196 1 3.70261 16.2695 10.0083 
197 1 6.90679 16.3044 9.98076 
135 1 8.42958 11.5446 2.13766 
160 1 8.45226 11.5869 5.26818 
184 1 11.6092 14.7548 8.48676 
136 1 10.0295 13.1104 3.75406 
137 1 11.538 11.5999 2.07889 
162 1 11.6239 11.5612 5.25089 
171 1 9.94159 16.3203 6.82593 
145 1 8.40514 14.7568 2.08197 
170 1 8.43192 14.7035 5.21349 
146 1 9.97588 16.3416 3.73497 
147 1 11.5343 14.7351 2.1155 
172 1 11.6049 14.7413 5.28281 
183 1 8.42966 14.7202 8.37207 
178 1 8.44311 11.5773 8.40421 
161 1 10.0297 13.1921 6.82575 
179 1 11.5222 11.5558 8.39705 
193 1 10.0066 13.0982 9.9861 
198 1 10.0176 16.3562 9.98468 
185 1 14.6984 14.7391 8.44167 
175 1 16.2956 16.3006 6.84715 
173 1 13.1173 16.262 6.84702 
138 1 13.158 13.1963 3.72067 
139 1 14.7692 11.5855 2.16442 
140 1 16.3074 13.2554 3.71536 
164 1 14.702 11.6543 5.2715 
148 1 13.1505 16.3308 3.70767 
149 1 14.7253 14.6829 2.10069 
150 1 16.3081 16.2651 3.74107 
174 1 14.7151 14.7376 5.31985 
163 1 13.1283 13.1332 6.91426 
165 1 16.3053 13.2377 6.90331 
180 1 14.6897 11.5453 8.42095 
194 1 13.1759 13.087 10.0003 
195 1 16.2915 13.1896 9.97182 
199 1 13.1581 16.3122 10.0815 
200 1 16.2706 16.2778 10.0148 
206 1 2.15549 11.5559 11.603 
207 1 3.69438 13.2011 13.1335 
208 1 5.26059 11.6014 11.5481 
209 1 6.88293 13.1786 13.1302 
244 1 6.81678 16.2903 16.2628 
243 1 5.24064 14.7193 14.756 
242 1 3.69639 16.2852 16.2747 
234 1 6.85899 13.1188 16.3002 
241 1 2.15313 14.7274 14.7377 
216 1 2.06481 14.7241 11.5376 
217 1 3.73837 16.2584 13.0677 
218 1 5.30122 14.6728 11.5212 
233 1 5.32889 11.524 14.6916 
219 1 6.85008 16.3402 13.1139 
232 1 3.67587 13.1398 16.368 
231 1 2.11553 11.5763 14.6679 
236 1 10.0257 13.2072 16.3065 
237 1 11.5483 11.5511 14.6673 
247 1 11.6223 14.7128 14.7375 
210 1 8.38444 11.5246 11.566 
246 1 10.0396 16.2965 16.3355 
245 1 8.42058 14.7634 14.7136 
235 1 8.48134 11.5169 14.7699 
211 1 9.97849 13.1268 13.1726 
212 1 11.535 11.5912 11.5483 
220 1 8.45461 14.7291 11.5363 
221 1 9.97162 16.3066 13.144 
222 1 11.5584 14.7072 11.5935 
250 1 16.2981 16.2741 16.3308 
249 1 14.7645 14.7594 14.714 
248 1 13.1671 16.3427 16.3252 
238 1 13.1409 13.155 16.2986 
213 1 13.1463 13.1853 13.1598 
214 1 14.7203 11.5732 11.6294 
215 1 16.2818 13.1495 13.1567 
239 1 14.7363 11.5752 14.7707 
223 1 13.1178 16.2993 13.1652 
240 1 16.2999 13.1111 16.2976 
224 1 14.6555 14.7081 11.5247 
225 1 16.276 16.215 13.1634 
ITEM: TIMESTEP
300
ITEM: NUMBER OF ATOMS
250
ITEM: BOX BOUNDS pp pp pp
2.1150992981200494e+00 1.7884900701879626e+01
2.1150992981200494e+00 1.7884900701879626e+01
2.1150992981200494e+00 1.7884900701879626e+01
ITEM: ATOMS id type x y z 
1 1 2.11347 2.14204 2.1063 
2 1 3.66481 3.66953 3.65963 
3 1 5.28147 2.14616 2.13375 
11 1 2.12571 5.24432 2.15434 
13 1 5.22508 5.31816 2.13494 
26 1 2.11259 2.09253 5.22591 
28 1 5.25479 2.10154 5.24787 
36 1 2.07133 5.21316 5.29247 
38 1 5.24438 5.26967 5.30653 
4 1 6.8197 3.6336 3.69458 
12 1 3.67089 6.84085 3.64134 
21 1 2.12755 8.36366 2.14277 
22 1 5.24542 8.43903 2.09766 
46 1 2.14894 8.38767 5.25135 
47 1 5.29314 8.47187 5.28929 
14 1 6.83041 6.80399 3.66326 
27 1 3.65147 3.64777 6.87449 
51 1 2.1291 2.13145 8.37245 
52 1 5.28687 2.19242 8.45439 
56 1 2.12275 5.30405 8.43686 
57 1 5.25743 5.26877 8.44892 
29 1 6.79244 3.64131 6.85374 
37 1 3.68811 6.9029 6.85973 
61 1 2.09338 8.40723 8.43629 
62 1 5.25039 8.43059 8.47345 
39 1 6.8488 6.89199 6.8866 
126 1 3.71589 9.99674 3.68054 
127 1 6.84978 9.97415 3.74079 
151 1 3.65309 9.97758 6.85241 
152 1 6.8659 10.005 6.86088 
66 1 3.65051 3.72731 9.99835 
67 1 6.83393 3.76679 10.0209 
71 1 3.70502 6.87374 9.98881 
72 1 6.83766 6.81675 9.98176 
187 1 6.80508 9.97177 10.0659 
186 1 3.65774 10.0517 10.0324 
5 1 8.43921 2.14914 2.18668 
15 1 8.41351 5.22658 2.08109 
30 1 8.40014 2.10009 5.22626 
40 1 8.3877 5.32733 5.32482 
6 1 9.95198 3.6548 3.74817 
7 1 11.5744 2.10064 2.12111 
17 1 11.6593 5.27652 2.09635 
32 1 11.5523 2.11729 5.24877 
42 1 11.5645 5.30009 5.28231 
23 1 8.43598 8.44954 2.07326 
48 1 8.40141 8.44901 5.29605 
16 1 10.0276 6.79642 3.70257 
24 1 11.6468 8.45316 2.09243 
49 1 11.5732 8.41054 5.26022 
53 1 8.42966 2.15039 8.41865 
58 1 8.44956 5.29021 8.45165 
31 1 9.97282 3.70378 6.82322 
54 1 11.6179 2.12885 8.45856 
59 1 11.6444 5.2461 8.4129 
63 1 8.41261 8.44884 8.36815 
41 1 10.0032 6.82314 6.84043 
64 1 11.5746 8.39101 8.35502 
128 1 9.99309 9.92649 3.64674 
153 1 9.98572 10.0042 6.78072 
68 1 10.0105 3.74883 10.0619 
73 1 9.97202 6.89395 9.9988 
188 1 9.9383 10.0049 9.95533 
8 1 13.089 3.76644 3.73058 
9 1 14.7419 2.0953 2.08566 
10 1 16.3006 3.68543 3.64086 
19 1 14.7525 5.27887 2.11675 
34 1 14.6546 2.11797 5.24022 
44 1 14.7098 5.32961 5.27279 
18 1 13.1883 6.82732 3.71607 
20 1 16.3615 6.8449 3.70421 
25 1 14.7376 8.38829 2.11962 
50 1 14.7265 8.38711 5.30125 
33 1 13.0884 3.67335 6.88186 
35 1 16.2734 3.70968 6.85376 
55 1 14.7777 2.14743 8.4635 
60 1 14.77 5.25057 8.47283 
43 1 13.1262 6.85895 6.81433 
45 1 16.3131 6.87386 6.82117 
65 1 14.7611 8.40228 8.45146 
129 1 13.1831 10.0181 3.70366 
130 1 16.3355 9.95247 3.75246 
154 1 13.1007 9.99647 6.80617 
155 1 16.2959 10.0581 6.87462 
69 1 13.0959 3.64422 10.0299 
70 1 16.325 3.70065 10.0244 
190 1 16.2693 9.95522 10.0238 
74 1 13.1478 6.81491 10.0271 
189 1 13.1018 9.95597 9.95114 
75 1 16.305 6.84584 10.019 
76 1 2.13676 2.14887 11.5544 
77 1 3.67364 3.69788 13.149 
78 1 5.29306 2.10794 11.5707 
86 1 2.1308 5.28719 11.586 
88 1 5.27984 5.27104 11.5542 
79 1 6.77248 3.74958 13.1831 
227 1 6.8356 9.96208 16.3072 
226 1 3.6747 10.0028 16.2276 
87 1 3.69412 6.78121 13.1574 
96 1 2.1448 8.48216 11.5542 
97 1 5.24925 8.35475 11.617 
89 1 6.84403 6.83175 13.1955 
202 1 6.86521 9.94773 13.2105 
201 1 3.67464 10.0087 13.1584 
101 1 2.1299 2.07815 14.756 
102 1 3.69632 3.68255 16.3387 
103 1 5.26439 2.11313 14.6598 
111 1 2.16104 5.30238 14.7411 
113 1 5.27695 5.27837 14.7659 
104 1 6.85187 3.68486 16.343 
112 1 3.74829 6.86193 16.3245 
121 1 2.16804 8.39525 14.7603 
122 1 5.24654 8.4296 14.7277 
114 1 6.86457 6.83762 16.3519 
80 1 8.3953 2.12241 11.5476 
90 1 8.37462 5.26736 11.6171 
228 1 9.98952 10.0039 16.3024 
81 1 9.98205 3.76144 13.2157 
82 1 11.5479 2.07108 11.6104 
92 1 11.5941 5.21664 11.5624 
98 1 8.3763 8.35968 11.5425 
203 1 9.97907 10.0308 13.1142 
91 1 10.0304 6.85089 13.1526 
99 1 11.5665 8.40668 11.5228 
105 1 8.37482 2.13836 14.7363 
115 1 8.41296 5.26335 14.7581 
106 1 10.0283 3.67398 16.3825 
107 1 11.5436 2.11575 14.7234 
117 1 11.5486 5.25713 14.7556 
123 1 8.39944 8.39866 14.7612 
116 1 10.0635 6.85617 16.3243 
124 1 11.5994 8.46964 14.6902 
229 1 13.1829 9.98956 16.3147 
230 1 16.2943 9.98525 16.2951 
83 1 13.156 3.66711 13.2081 
84 1 14.7744 2.11601 11.594 
85 1 16.3157 3.6621 13.2047 
94 1 14.7146 5.25632 11.606 
205 1 16.2642 9.99645 13.1555 
204 1 13.119 10.0316 13.1612 
93 1 13.1465 6.87068 13.1162 
95 1 16.2952 6.81847 13.1963 
100 1 14.729 8.44182 11.6079 
108 1 13.2017 3.72884 16.281 
109 1 14.7336 2.1042 14.7455 
110 1 16.327 3.71282 16.338 
119 1 14.7595 5.26672 14.7006 
118 1 13.207 6.82432 16.2878 
120 1 16.3559 6.80196 16.3365 
125 1 14.6925 8.41734 14.6909 
131 1 2.10364 11.5401 2.09303 
132 1 3.74748 13.1045 3.73946 
133 1 5.25811 11.5815 2.05281 
156 1 2.09459 11.5473 5.26436 
158 1 5.25054 11.5699 5.27323 
134 1 6.89838 13.1269 3.65153 
141 1 2.16779 14.7406 2.14781 
142 1 3.75206 16.3265 3.71043 
143 1 5.3081 14.7089 2.08684 
166 1 2.13142 14.744 5.24502 
168 1 5.27312 14.6833 5.28612 
144 1 6.88043 16.2737 3.64641 
157 1 3.67035 13.1241 6.81111 
176 1 2.0417 11.6704 8.35772 
177 1 5.20484 11.5385 8.42142 
169 1 6.85933 16.3249 6.84622 
159 1 6.82437 13.1753 6.80878 
182 1 5.29796 14.7492 8.39259 
181 1 2.11286 14.7884 8.36632 
167 1 3.71162 16.3611 6.92048 
191 1 3.65027 13.1334 10.0482 
192 1 6.87284 13.2128 9.98382 
196 1 3.68541 16.3294 10.0159 
197 1 6.8395 16.3208 9.9619 
135 1 8.41004 11.5525 2.07267 
160 1 8.36923 11.5718 5.20454 
184 1 11.5923 14.6986 8.4827 
136 1 9.98111 13.1686 3.63843 
137 1 11.6023 11.5771 2.12706 
162 1 11.5284 11.5591 5.20763 
171 1 10.002 16.3241 6.85694 
145 1 8.42971 14.7343 2.06334 
170 1 8.37144 14.7235 5.22931 
146 1 10.0572 16.2214 3.6817 
147 1 11.6367 14.7573 2.105 
172 1 11.5299 14.7743 5.26744 
183 1 8.44338 14.755 8.34316 
178 1 8.40102 11.5737 8.36372 
161 1 9.98693 13.1636 6.85944 
179 1 11.5355 11.5451 8.38015 
193 1 9.95599 13.1688 9.92412 
198 1 10.0278 16.3329 9.96669 
185 1 14.7469 14.7602 8.45858 
175 1 16.3008 16.3345 6.80138 
173 1 13.1263 16.3669 6.9068 
138 1 13.1706 13.1915 3.69038 
139 1 14.6472 11.549 2.13132 
140 1 16.3664 13.1307 3.74439 
164 1 14.7352 11.5716 5.31094 
148 1 13.1477 16.3045 3.67507 
149 1 14.8037 14.7485 2.16989 
150 1 16.3551 16.3965 3.685 
174 1 14.7093 14.7741 5.28657 
163 1 13.1409 13.1855 6.85149 
165 1 16.3216 13.1617 6.82626 
180 1 14.7071 11.5701 8.43261 
194 1 13.1146 13.1043 10.0363 
195 1 16.282 13.1538 9.97278 
199 1 13.118 16.2933 10.0265 
200 1 16.3331 16.3493 9.99834 
206 1 2.09541 11.6254 11.5506 
207 1 3.69961 13.1596 13.1438 
208 1 5.2768 11.5841 11.5578 
209 1 6.85352 13.1456 13.1638 
244 1 6.86384 16.343 16.2923 
243 1 5.34983 14.7252 14.6579 
242 1 3.71781 16.2803 16.2819 
234 1 6.89346 13.1564 16.2868 
241 1 2.12426 14.7335 14.7079 
216 1 2.15184 14.726 11.5935 
217 1 3.64763 16.2787 13.1308 
218 1 5.32224 14.777 11.5514 
233 1 5.25629 11.6328 14.7373 
219 1 6.84081 16.3106 13.1077 
232 1 3.73819 13.1723 16.2728 
231 1 2.12787 11.6117 14.7734 
236 1 9.99749 13.1457 16.2722 
237 1 11.5772 11.561 14.7527 
247 1 11.5664 14.7313 14.7542 
210 1 8.44427 11.5222 11.577 
246 1 10.0408 16.3309 16.2918 
245 1 8.48357 14.7563 14.679 
235 1 8.37821 11.5955 14.7383 
211 1 9.99849 13.1905 13.0889 
212 1 11.5575 11.5471 11.5606 
220 1 8.49804 14.6891 11.5075 
221 1 9.946 16.3313 13.1484 
222 1 11.5629 14.7631 11.6295 
250 1 16.3884 16.2796 16.3106 
249 1 14.7293 14.6637 14.7299 
248 1 13.2356 16.2637 16.3139 
238 1 13.1961 13.1529 16.3443 
213 1 13.1339 13.1303 13.1475 
214 1 14.7065 11.504 11.5899 
215 1 16.3055 13.0651 13.1107 
239 1 14.7142 11.6073 14.759 
223 1 13.1775 16.277 13.219 
240 1 16.3332 13.1499 16.3596 
224 1 14.7657 14.6925 11.5857 
225 1 16.3155 16.32 13.1611 
ITEM: TIMESTEP
350
ITEM: NUMBER OF ATOMS
250
ITEM: BOX BOUNDS pp pp pp
2.1237714076348722e+00 1.7876228592364789e+01
2.1237714076348722e+00 1.7876228592364789e+01
2.1237714076348722e+00 1.7876228592364789e+01
ITEM: ATOMS id type x y z 
1 1 2.23417 2.12993 2.1188 
2 1 3.69617 3.74853 3.77984 
3 1 5.30071 2.12432 2.14714 
11 1 2.13642 5.27883 2.10315 
13 1 5.32669 5.20839 2.20079 
26 1 2.07128 2.14036 5.27181 
28 1 5.25354 2.11811 5.27751 
36 1 2.11287 5.2444 5.29988 
38 1 5.23841 5.27969 5.32634 
4 1 6.85176 3.7116 3.70833 
12 1 3.74513 6.81866 3.7095 
21 1 2.10296 8.41576 2.09448 
22 1 5.30555 8.41087 2.15598 
46 1 2.09904 8.40782 5.28032 
47 1 5.266 8.4028 5.25238 
14 1 6.90596 6.8437 3.67573 
27 1 3.6681 3.76292 6.88031 
51 1 2.09544 2.17855 8.38035 
52 1 5.27808 2.13032 8.44324 
56 1 2.10208 5.28168 8.47236 
57 1 5.2523 5.32922 8.40852 
29 1 6.82704 3.69817 6.79066 
37 1 3.69011 6.82787 6.78576 
61 1 2.11361 8.44438 8.4335 
62 1 5.24313 8.42987 8.43092 
39 1 6.83458 6.86205 6.83891 
126 1 3.68291 10.0073 3.65452 
127 1 6.79619 10.0156 3.61675 
151 1 3.65484 10.0118 6.85699 
152 1 6.77117 10.0479 6.86726 
66 1 3.70649 3.75212 10.0016 
67 1 6.83749 3.71857 9.98968 
71 1 3.72994 6.88659 10.0138 
72 1 6.86641 6.88386 10.0048 
187 1 6.81613 9.99466 10.0369 
186 1 3.6324 9.98743 9.963 
5 1 8.451 2.05998 2.12905 
15 1 8.4924 5.25317 2.14095 
30 1 8.40775 2.08624 5.31099 
40 1 8.40371 5.3389 5.3118 
6 1 9.97641 3.70202 3.74465 
7 1 11.6149 2.10787 2.09757 
17 1 11.5961 5.26436 2.1727 
32 1 11.5203 2.10444 5.25491 
42 1 11.5513 5.22401 5.31602 
23 1 8.44446 8.4392 2.17495 
48 1 8.43373 8.45087 5.21332 
16 1 10.0062 6.79524 3.65437 
24 1 11.665 8.43921 2.13139 
49 1 11.5224 8.41922 5.27571 
53 1 8.45857 2.14549 8.40508 
58 1 8.36784 5.2756 8.40951 
31 1 9.92994 3.70145 6.92312 
54 1 11.5577 2.11603 8.43241 
59 1 11.5857 5.33719 8.43656 
63 1 8.3728 8.482 8.39153 
41 1 9.98864 6.88267 6.87822 
64 1 11.5923 8.45159 8.44756 
128 1 9.99812 9.96416 3.70863 
153 1 9.95201 10.0683 6.85092 
68 1 9.95286 3.69995 10.0651 
73 1 9.9955 6.87031 9.91761 
188 1 9.94407 10.0268 9.98106 
8 1 13.1189 3.62265 3.68218 
9 1 14.7444 2.14011 2.13532 
10 1 16.2582 3.78613 3.73293 
19 1 14.7361 5.25678 2.18924 
34 1 14.7419 2.19468 5.27691 
44 1 14.6867 5.18816 5.33531 
18 1 13.1589 6.90323 3.68027 
20 1 16.2971 6.84303 3.71344 
25 1 14.765 8.37814 2.14815 
50 1 14.6994 8.42689 5.31112 
33 1 13.1279 3.75937 6.85522 
35 1 16.2423 3.72912 6.84225 
55 1 14.7313 2.14949 8.48076 
60 1 14.7325 5.3121 8.49399 
43 1 13.2006 6.83402 6.87276 
45 1 16.3344 6.86361 6.87991 
65 1 14.6926 8.38293 8.41615 
129 1 13.143 9.98505 3.74427 
130 1 16.2726 9.96294 3.7016 
154 1 13.1509 10.0154 6.82749 
155 1 16.2986 9.91714 6.89144 
69 1 13.1695 3.67478 10.0488 
70 1 16.2704 3.70688 10.0794 
190 1 16.2963 9.98777 9.97669 
74 1 13.1147 6.80806 10.0138 
189 1 13.1044 9.97903 9.97273 
75 1 16.2905 6.8437 10.0975 
76 1 2.10243 2.09622 11.5468 
77 1 3.63093 3.69632 13.1856 
78 1 5.24316 2.12566 11.5477 
86 1 2.11167 5.25924 11.563 
88 1 5.19219 5.23366 11.6015 
79 1 6.81495 3.62223 13.1103 
227 1 6.85697 9.99185 16.2935 
226 1 3.76656 9.96551 16.2599 
87 1 3.71317 6.80897 13.13 
96 1 2.11218 8.39502 11.628 
97 1 5.29496 8.41626 11.6161 
89 1 6.87716 6.79446 13.2264 
202 1 6.84815 9.99928 13.201 
201 1 3.67122 9.99618 13.0872 
101 1 2.1592 2.17347 14.7884 
102 1 3.72448 3.75827 16.2997 
103 1 5.2841 2.15571 14.7663 
111 1 2.11527 5.26162 14.7762 
113 1 5.29053 5.29504 14.7584 
104 1 6.81727 3.73182 16.3058 
112 1 3.73133 6.80128 16.28 
121 1 2.10524 8.41858 14.7291 
122 1 5.27284 8.4209 14.7055 
114 1 6.91289 6.88056 16.3402 
80 1 8.42508 2.09899 11.5161 
90 1 8.34354 5.24417 11.6213 
228 1 9.99283 10.0159 16.2393 
81 1 9.99509 3.74764 13.1308 
82 1 11.5873 2.10706 11.5807 
92 1 11.5799 5.25665 11.5866 
98 1 8.37002 8.40507 11.537 
203 1 9.98449 10.0042 13.1621 
91 1 9.99614 6.87745 13.0797 
99 1 11.5328 8.45044 11.5675 
105 1 8.39797 2.10257 14.7081 
115 1 8.39327 5.20152 14.7631 
106 1 10.0283 3.69004 16.3162 
107 1 11.5996 2.18251 14.7235 
117 1 11.5595 5.31513 14.7351 
123 1 8.43524 8.39139 14.6653 
116 1 9.997 6.86726 16.3364 
124 1 11.5573 8.32506 14.7347 
229 1 13.135 9.98386 16.2499 
230 1 16.2441 9.96185 16.3643 
83 1 13.1687 3.75265 13.2093 
84 1 14.6488 2.14407 11.6007 
85 1 16.3255 3.69626 13.1858 
94 1 14.7555 5.24884 11.6101 
205 1 16.3151 9.99996 13.2063 
204 1 13.1114 9.96849 13.17 
93 1 13.1506 6.81423 13.1637 
95 1 16.2876 6.88563 13.1145 
100 1 14.7384 8.44977 11.5521 
108 1 13.1965 3.693 16.3316 
109 1 14.7155 2.07214 14.7621 
110 1 16.2726 3.65943 16.3099 
119 1 14.7972 5.30434 14.7378 
118 1 13.2102 6.84631 16.2794 
120 1 16.3162 6.84449 16.3257 
125 1 14.7652 8.42612 14.7397 
131 1 2.14786 11.5304 2.08022 
132 1 3.69782 13.1434 3.5797 
133 1 5.29747 11.5186 2.12333 
156 1 2.15963 11.5702 5.23653 
158 1 5.25836 11.5707 5.29061 
134 1 6.83755 13.1481 3.6738 
141 1 2.1588 14.7536 2.14491 
142 1 3.76218 16.2896 3.70546 
143 1 5.3156 14.7377 2.12208 
166 1 2.08995 14.7588 5.26088 
168 1 5.25243 14.7062 5.24383 
144 1 6.89378 16.242 3.67183 
157 1 3.69108 13.1802 6.87546 
176 1 2.1 11.6193 8.398 
177 1 5.2813 11.605 8.42123 
169 1 6.88384 16.3314 6.81326 
159 1 6.92538 13.1396 6.83998 
182 1 5.26532 14.6701 8.42179 
181 1 2.12496 14.7538 8.4356 
167 1 3.71269 16.249 6.83284 
191 1 3.75722 13.1811 9.99749 
192 1 6.8099 13.1303 10.0274 
196 1 3.71342 16.3479 9.97407 
197 1 6.84086 16.3456 9.96735 
135 1 8.43036 11.5847 2.07522 
160 1 8.41326 11.5677 5.24202 
184 1 11.5537 14.7027 8.35932 
136 1 10.0021 13.1427 3.60193 
137 1 11.5818 11.5598 2.14232 
162 1 11.503 11.6334 5.25603 
171 1 10.0618 16.312 6.8513 
145 1 8.50825 14.7072 2.08178 
170 1 8.43604 14.7407 5.28645 
146 1 9.99834 16.28 3.63299 
147 1 11.6549 14.6836 2.11189 
172 1 11.5591 14.6756 5.30777 
183 1 8.4107 14.7625 8.43306 
178 1 8.32689 11.5914 8.42492 
161 1 9.95523 13.1181 6.76104 
179 1 11.5964 11.576 8.39989 
193 1 10.0024 13.1671 9.98374 
198 1 9.95454 16.2766 10.0077 
185 1 14.7383 14.7331 8.41445 
175 1 16.2811 16.3513 6.8459 
173 1 13.1827 16.3318 6.87223 
138 1 13.1608 13.1191 3.7356 
139 1 14.7799 11.5639 2.14745 
140 1 16.2998 13.0461 3.68123 
164 1 14.7032 11.5264 5.27618 
148 1 13.1909 16.3182 3.72021 
149 1 14.814 14.7432 2.1791 
150 1 16.3038 16.3094 3.65289 
174 1 14.7351 14.7466 5.25477 
163 1 13.1466 13.1855 6.79317 
165 1 16.2269 13.1503 6.77218 
180 1 14.6778 11.615 8.43911 
194 1 13.0983 13.1877 10.0004 
195 1 16.2726 13.128 10.0174 
199 1 13.204 16.2636 10.0042 
200 1 16.3433 16.312 9.98841 
206 1 2.05567 11.5706 11.5517 
207 1 3.72027 13.1012 13.1395 
208 1 5.30633 11.5514 11.6289 
209 1 6.86745 13.1163 13.077 
244 1 6.91239 16.315 16.296 
243 1 5.33261 14.7699 14.6736 
242 1 3.79049 16.3161 16.324 
234 1 6.86289 13.2115 16.2555 
241 1 2.11325 14.6716 14.7154 
216 1 2.15414 14.7491 11.5598 
217 1 3.70014 16.3614 13.2182 
218 1 5.26971 14.754 11.5717 
233 1 5.24793 11.5973 14.7073 
219 1 6.88149 16.2855 13.1371 
232 1 3.73372 13.1956 16.247 
231 1 2.09618 11.5664 14.7457 
236 1 10.0184 13.1054 16.2661 
237 1 11.5753 11.6352 14.773 
247 1 11.5666 14.7277 14.7163 
210 1 8.4112 11.6255 11.5291 
246 1 9.97284 16.3124 16.2712 
245 1 8.43654 14.7097 14.6915 
235 1 8.40725 11.613 14.6374 
211 1 10.0276 13.1326 13.1115 
212 1 11.5642 11.5519 11.5508 
220 1 8.37698 14.766 11.5513 
221 1 10.0308 16.3556 13.1387 
222 1 11.6245 14.7179 11.5643 
250 1 16.3386 16.3047 16.2735 
249 1 14.7589 14.6648 14.7619 
248 1 13.1821 16.265 16.2855 
238 1 13.1701 13.1427 16.3191 
213 1 13.1403 13.099 13.1587 
214 1 14.6804 11.5706 11.494 
215 1 16.3134 13.1626 13.1757 
239 1 14.724 11.5341 14.6988 
223 1 13.1878 16.2832 13.1472 
240 1 16.3436 13.1725 16.3434 
224 1 14.7946 14.723 11.6454 
225 1 16.3342 16.3254 13.1389 
ITEM: TIMESTEP
400
ITEM: NUMBER OF ATOMS
250
ITEM: BOX BOUNDS pp pp pp
2.1162939000697030e+00 1.7883706099929970e+01
2.1162939000697030e+00 1.7883706099929970e+01
2.1162939000697030e+00 1.7883706099929970e+01
ITEM: ATOMS id type x y z 
1 1 2.13892 2.13253 2.1797 
2 1 3.71299 3.68632 3.74021 
3 1 5.33364 2.08953 2.14167 
11 1 2.13146 5.28067 2.13939 
13 1 5.34632 5.25171 2.11528 
26 1 2.13653 2.15176 5.30157 
28 1 5.2642 2.11952 5.30912 
36 1 2.10134 5.3609 5.27125 
38 1 5.32933 5.2723 5.23215 
4 1 6.91834 3.69649 3.73249 
12 1 3.69429 6.86374 3.70918 
21 1 2.17924 8.44006 2.09804 
22 1 5.28253 8.33464 2.08978 
46 1 2.09517 8.45459 5.25343 
47 1 5.23556 8.41517 5.24724 
14 1 6.87289 6.87759 3.74351 
27 1 3.70626 3.69787 6.85328 
51 1 2.10201 2.12759 8.48307 
52 1 5.22918 2.07725 8.32493 
56 1 2.08171 5.29078 8.45038 
57 1 5.2606 5.29175 8.43382 
29 1 6.85307 3.76211 6.86958 
37 1 3.66119 6.85654 6.88834 
61 1 2.11601 8.40049 8.44706 
62 1 5.25131 8.45815 8.35998 
39 1 6.81856 6.87337 6.80246 
126 1 3.65029 9.95105 3.69716 
127 1 6.86486 10.0237 3.68082 
151 1 3.69183 10.0254 6.80447 
152 1 6.77692 9.97976 6.76631 
66 1 3.69293 3.65739 10.0023 
67 1 6.80599 3.64415 9.9347 
71 1 3.64861 6.83919 10.0145 
72 1 6.80553 6.85227 10.0313 
187 1 6.8006 10.0422 9.93749 
186 1 3.72023 10.0053 9.98441 
5 1 8.44003 2.12263 2.04271 
15 1 8.44714 5.26296 2.16357 
30 1 8.45817 2.1531 5.2729 
40 1 8.46416 5.20389 5.23147 
6 1 10.0314 3.6679 3.67179 
7 1 11.5858 2.07996 2.09814 
17 1 11.5519 5.24797 2.13201 
32 1 11.6077 2.0909 5.3181 
42 1 11.5499 5.26408 5.2835 
23 1 8.47901 8.41417 2.09082 
48 1 8.38815 8.43516 5.27345 
16 1 10.0313 6.91043 3.74046 
24 1 11.4977 8.37895 2.11666 
49 1 11.5734 8.42504 5.31573 
53 1 8.37383 2.08026 8.4349 
58 1 8.36539 5.30187 8.43281 
31 1 10.0313 3.72838 6.88143 
54 1 11.5532 2.13108 8.43668 
59 1 11.4649 5.25363 8.4648 
63 1 8.39055 8.4299 8.43595 
41 1 9.98491 6.9169 6.83066 
64 1 11.5196 8.48693 8.44259 
128 1 10.01 10.0876 3.67048 
153 1 9.96685 9.99975 6.90498 
68 1 9.99215 3.6768 9.93461 
73 1 9.95447 6.8124 10.0192 
188 1 10.0092 10.0155 10.0186 
8 1 13.1828 3.64951 3.71094 
9 1 14.7954 2.09942 2.16421 
10 1 16.3525 3.65949 3.7316 
19 1 14.701 5.26604 2.13855 
34 1 14.7559 2.08707 5.32298 
44 1 14.699 5.30497 5.28315 
18 1 13.1155 6.78229 3.74872 
20 1 16.2715 6.82816 3.75473 
25 1 14.7119 8.45555 2.13271 
50 1 14.7158 8.38751 5.25602 
33 1 13.1417 3.65384 6.89912 
35 1 16.3239 3.71217 6.94722 
55 1 14.6617 2.12164 8.4019 
60 1 14.6837 5.27116 8.44132 
43 1 13.1279 6.85878 6.87282 
45 1 16.2771 6.77955 6.91239 
65 1 14.6875 8.46825 8.45445 
129 1 13.1129 9.98244 3.66502 
130 1 16.2975 9.99561 3.69063 
154 1 13.1381 10.0086 6.8912 
155 1 16.2769 9.99744 6.80718 
69 1 13.1418 3.75165 9.99095 
70 1 16.2966 3.66764 9.99455 
190 1 16.2875 10.0407 9.98576 
74 1 13.153 6.89686 10.0431 
189 1 13.182 10.0497 10.0451 
75 1 16.3072 6.87461 9.97317 
76 1 2.09486 2.11556 11.6184 
77 1 3.718 3.68291 13.1723 
78 1 5.21373 2.12259 11.6068 
86 1 2.0897 5.24605 11.6351 
88 1 5.27595 5.28001 11.6183 
79 1 6.87216 3.61487 13.1402 
227 1 6.90746 10.051 16.2479 
226 1 3.69811 9.98345 16.3477 
87 1 3.67138 6.90736 13.1977 
96 1 2.09495 8.38701 11.5821 
97 1 5.26517 8.45172 11.5526 
89 1 6.82157 6.82155 13.1035 
202 1 6.82637 10.015 13.0762 
201 1 3.6956 9.9715 13.1557 
101 1 2.11149 2.11236 14.7388 
102 1 3.7164 3.69733 16.3601 
103 1 5.30151 2.14325 14.8005 
111 1 2.0792 5.2766 14.713 
113 1 5.27695 5.24193 14.7167 
104 1 6.91197 3.67677 16.3109 
112 1 3.69799 6.86156 16.3312 
121 1 2.10211 8.42807 14.7295 
122 1 5.30355 8.39376 14.7422 
114 1 6.85222 6.84301 16.2974 
80 1 8.42545 2.12033 11.6106 
90 1 8.43698 5.27962 11.5213 
228 1 10.0129 9.95961 16.3015 
81 1 10.0027 3.62164 13.1237 
82 1 11.6041 2.16293 11.5478 
92 1 11.5259 5.3348 11.601 
98 1 8.46705 8.51013 11.608 
203 1 10.0137 9.97923 13.1503 
91 1 9.93862 6.80612 13.1302 
99 1 11.5582 8.41547 11.6113 
105 1 8.51677 2.11302 14.6987 
115 1 8.47149 5.26336 14.718 
106 1 9.99308 3.70281 16.2571 
107 1 11.6195 2.11563 14.729 
117 1 11.6058 5.27089 14.7611 
123 1 8.4609 8.42117 14.7246 
116 1 9.97774 6.82348 16.2766 
124 1 11.5653 8.40827 14.7568 
229 1 13.126 9.99202 16.3276 
230 1 16.3555 10.0165 16.3088 
83 1 13.1604 3.70631 13.1562 
84 1 14.7289 2.08417 11.6349 
85 1 16.2786 3.70049 13.159 
94 1 14.7089 5.30394 11.6164 
205 1 16.2979 10.0183 13.1112 
204 1 13.1656 9.93148 13.1307 
93 1 13.1731 6.85171 13.1734 
95 1 16.3318 6.84826 13.1857 
100 1 14.6615 8.41461 11.5746 
108 1 13.1211 3.6773 16.3402 
109 1 14.7645 2.12378 14.7189 
110 1 16.3357 3.68073 16.3441 
119 1 14.7039 5.24098 14.8199 
118 1 13.1191 6.83244 16.3613 
120 1 16.2951 6.84656 16.2989 
125 1 14.7462 8.40607 14.7572 
131 1 2.16977 11.5864 2.08549 
132 1 3.65168 13.188 3.64186 
133 1 5.2802 11.6196 2.08798 
156 1 2.11375 11.6032 5.26032 
158 1 5.25507 11.6022 5.22164 
134 1 6.81985 13.165 3.68172 
141 1 2.12619 14.7276 2.05275 
142 1 3.64512 16.3004 3.68723 
143 1 5.30717 14.7305 2.08348 
166 1 2.09735 14.6944 5.26682 
168 1 5.28492 14.7341 5.2483 
144 1 6.84926 16.3425 3.73739 
157 1 3.68234 13.1755 6.79981 
176 1 2.13743 11.533 8.46202 
177 1 5.24399 11.6027 8.43907 
169 1 6.80506 16.2543 6.84648 
159 1 6.79372 13.1877 6.83901 
182 1 5.2762 14.7728 8.41424 
181 1 2.09001 14.6867 8.44624 
167 1 3.66727 16.317 6.76979 
191 1 3.66708 13.153 9.97586 
192 1 6.81655 13.1543 9.98042 
196 1 3.69322 16.3083 9.96144 
197 1 6.81768 16.2938 9.99274 
135 1 8.4408 11.5814 2.08528 
160 1 8.40074 11.5757 5.24001 
184 1 11.5649 14.7736 8.36541 
136 1 10.0171 13.1226 3.71593 
137 1 11.5929 11.5331 2.08246 
162 1 11.62 11.5342 5.30241 
171 1 9.98286 16.279 6.81464 
145 1 8.45091 14.6919 2.10965 
170 1 8.49252 14.7208 5.2428 
146 1 10.0234 16.3627 3.70344 
147 1 11.5869 14.7036 2.11644 
172 1 11.631 14.7377 5.18132 
183 1 8.39039 14.7074 8.46848 
178 1 8.45901 11.625 8.47239 
161 1 9.98995 13.1742 6.85115 
179 1 11.5392 11.6465 8.42862 
193 1 10.005 13.1511 10.003 
198 1 10.0479 16.2873 10.0105 
185 1 14.7249 14.7145 8.39578 
175 1 16.3151 16.2899 6.87938 
173 1 13.1956 16.2931 6.77808 
138 1 13.1745 13.1108 3.66889 
139 1 14.7675 11.5567 2.07391 
140 1 16.2979 13.1843 3.64516 
164 1 14.7316 11.5668 5.24866 
148 1 13.1569 16.2718 3.7167 
149 1 14.6897 14.6829 2.05784 
150 1 16.3347 16.2771 3.71291 
174 1 14.7573 14.7125 5.24163 
163 1 13.1465 13.1266 6.84845 
165 1 16.3115 13.1369 6.8653 
180 1 14.735 11.5674 8.3694 
194 1 13.2006 13.2007 9.93257 
195 1 16.3315 13.1968 9.99094 
199 1 13.1815 16.3092 9.97622 
200 1 16.2673 16.272 10.007 
206 1 2.13158 11.534 11.5901 
207 1 3.66434 13.1869 13.1223 
208 1 5.18791 11.5506 11.5482 
209 1 6.83191 13.2018 13.1327 
244 1 6.86002 16.2794 16.3019 
243 1 5.20325 14.747 14.7714 
242 1 3.71134 16.3426 16.3343 
234 1 6.82063 13.1287 16.2767 
241 1 2.18716 14.78 14.7482 
216 1 2.12368 14.7223 11.5714 
217 1 3.75236 16.3274 13.1724 
218 1 5.19525 14.7186 11.5892 
233 1 5.30229 11.5161 14.7239 
219 1 6.84968 16.3306 13.1633 
232 1 3.69766 13.137 16.3113 
231 1 2.11621 11.5022 14.6907 
236 1 10.0278 13.1898 16.2796 
237 1 11.5891 11.526 14.6567 
247 1 11.6338 14.7566 14.6886 
210 1 8.41004 11.6008 11.5464 
246 1 10.0629 16.261 16.2658 
245 1 8.42324 14.7113 14.7014 
235 1 8.46948 11.5486 14.7036 
211 1 10.0174 13.1663 13.151 
212 1 11.5703 11.6013 11.5757 
220 1 8.39127 14.7722 11.6178 
221 1 10.0821 16.28 13.1339 
222 1 11.5832 14.7108 11.518 
250 1 16.3135 16.3231 16.3173 
249 1 14.7473 14.7681 14.7598 
248 1 13.1131 16.3246 16.3246 
238 1 13.1868 13.1085 16.2978 
213 1 13.2034 13.1653 13.1544 
214 1 14.7158 11.6327 11.5942 
215 1 16.3195 13.2001 13.1957 
239 1 14.7521 11.5392 14.7142 
223 1 13.1467 16.308 13.1307 
240 1 16.3159 13.1136 16.2709 
224 1 14.7168 14.7541 11.5621 
225 1 16.3353 16.3073 13.1841 
ITEM: TIMESTEP
450
ITEM: NUMBER OF ATOMS
250
ITEM: BOX BOUNDS pp pp pp
2.1216973388011704e+00 1.7878302661198504e+01
2.1216973388011704e+00 1.7878302661198504e+01
2.1216973388011704e+00 1.7878302661198504e+01
ITEM: ATOMS id type x y z 
1 1 2.06863 2.12257 2.14328 
2 1 3.76181 3.68137 3.64393 
3 1 5.29411 2.13975 2.15768 
11 1 2.12164 5.28365 2.17966 
13 1 5.25298 5.30737 2.06388 
26 1 2.1544 2.13069 5.34256 
28 1 5.34113 2.15143 5.24436 
36 1 2.1427 5.28901 5.30936 
38 1 5.29421 5.2808 5.23932 
4 1 6.87888 3.66082 3.67528 
12 1 3.66209 6.83841 3.69673 
21 1 2.08003 8.39587 2.17208 
22 1 5.32513 8.48459 2.09204 
46 1 2.09384 8.43793 5.30152 
47 1 5.24471 8.4643 5.2446 
14 1 6.83481 6.86089 3.67415 
27 1 3.70408 3.70847 6.84596 
51 1 2.11105 2.03267 8.4842 
52 1 5.24092 2.13656 8.42437 
56 1 2.14724 5.23591 8.45136 
57 1 5.23613 5.23895 8.45122 
29 1 6.88019 3.66793 6.89493 
37 1 3.68317 6.88234 6.90157 
61 1 2.08045 8.44537 8.39232 
62 1 5.26393 8.42056 8.41418 
39 1 6.8478 6.85406 6.88112 
126 1 3.75479 10.0459 3.70101 
127 1 6.8761 9.98443 3.68254 
151 1 3.68199 10.0116 6.82064 
152 1 6.91388 10.0387 6.82053 
66 1 3.66361 3.66257 10.0217 
67 1 6.81288 3.66384 10.04 
71 1 3.6659 6.79417 10.0423 
72 1 6.78499 6.8529 9.9579 
187 1 6.89028 10.0167 9.9129 
186 1 3.70559 9.96744 10.0107 
5 1 8.47215 2.13036 2.12782 
15 1 8.40069 5.31065 2.08524 
30 1 8.46139 2.12984 5.26875 
40 1 8.49277 5.28147 5.28368 
6 1 10.0921 3.68293 3.65777 
7 1 11.5694 2.11455 2.17111 
17 1 11.5458 5.24284 2.11247 
32 1 11.6493 2.1464 5.28651 
42 1 11.6014 5.2912 5.2916 
23 1 8.36585 8.41887 2.078 
48 1 8.43228 8.44018 5.32078 
16 1 9.96676 6.90432 3.76715 
24 1 11.5144 8.3906 2.15287 
49 1 11.6066 8.46873 5.29043 
53 1 8.37244 2.06968 8.42066 
58 1 8.42643 5.29438 8.40758 
31 1 10.0232 3.6766 6.75916 
54 1 11.5647 2.10283 8.39595 
59 1 11.5612 5.30857 8.42293 
63 1 8.40509 8.41554 8.47608 
41 1 9.95101 6.81634 6.87208 
64 1 11.5318 8.41205 8.47858 
128 1 9.98846 10.017 3.7308 
153 1 9.98449 10.0048 6.82647 
68 1 9.96449 3.66867 9.96972 
73 1 9.95582 6.91054 10.0627 
188 1 10.0388 10.0045 10.0403 
8 1 13.2057 3.71691 3.77521 
9 1 14.717 2.07576 2.13863 
10 1 16.3498 3.64731 3.76204 
19 1 14.7337 5.26979 2.13025 
34 1 14.7684 2.06708 5.2886 
44 1 14.7509 5.27877 5.28801 
18 1 13.113 6.80317 3.73084 
20 1 16.2908 6.86733 3.66054 
25 1 14.683 8.40928 2.11665 
50 1 14.7011 8.43912 5.28149 
33 1 13.1609 3.68539 6.85137 
35 1 16.3458 3.65172 6.86708 
55 1 14.7318 2.07971 8.43575 
60 1 14.6416 5.27055 8.42087 
43 1 13.0308 6.85477 6.91406 
45 1 16.2092 6.89883 6.84157 
65 1 14.7343 8.46905 8.43326 
129 1 13.1553 9.95736 3.67569 
130 1 16.3216 10.039 3.65981 
154 1 13.1188 9.97376 6.8883 
155 1 16.2996 10.0383 6.8144 
69 1 13.1043 3.75476 10.008 
70 1 16.2751 3.70417 9.99895 
190 1 16.2945 10.0203 10.0227 
74 1 13.1059 6.9184 9.98309 
189 1 13.1541 10.091 10.0283 
75 1 16.2411 6.84521 9.97346 
76 1 2.13197 2.12911 11.6318 
77 1 3.75138 3.72552 13.1702 
78 1 5.31603 2.10616 11.5713 
86 1 2.13299 5.2743 11.5935 
88 1 5.31105 5.2801 11.5387 
79 1 6.89817 3.7998 13.1767 
227 1 6.84999 9.95408 16.2987 
226 1 3.72632 10.0149 16.3102 
87 1 3.70281 6.8457 13.1813 
96 1 2.10175 8.46832 11.5084 
97 1 5.23665 8.41312 11.5083 
89 1 6.83577 6.90848 13.0868 
202 1 6.85839 10.0133 13.0703 
201 1 3.72491 9.98773 13.2154 
101 1 2.13863 2.12137 14.726 
102 1 3.70832 3.66507 16.3516 
103 1 5.31009 2.08997 14.7191 
111 1 2.15829 5.26302 14.7524 
113 1 5.28511 5.25019 14.7251 
104 1 6.92607 3.66865 16.2834 
112 1 3.67232 6.84018 16.3173 
121 1 2.15723 8.41929 14.7496 
122 1 5.30996 8.41928 14.7249 
114 1 6.84124 6.78986 16.2381 
80 1 8.42755 2.11597 11.5539 
90 1 8.42779 5.25397 11.5245 
228 1 10.0312 10.0147 16.3325 
81 1 10.0533 3.67674 13.122 
82 1 11.586 2.1466 11.5404 
92 1 11.5744 5.2751 11.5822 
98 1 8.41031 8.43262 11.564 
203 1 10.0269 10.0105 13.1284 
91 1 10.0151 6.81392 13.2269 
99 1 11.5901 8.41752 11.5925 
105 1 8.48258 2.07048 14.7346 
115 1 8.41655 5.30226 14.6455 
106 1 10.0315 3.66655 16.2861 
107 1 11.6101 2.07541 14.6944 
117 1 11.5826 5.21683 14.7044 
123 1 8.38638 8.43573 14.7417 
116 1 9.99714 6.78829 16.2873 
124 1 11.6092 8.46673 14.71 
229 1 13.193 9.95757 16.313 
230 1 16.3551 9.99408 16.2248 
83 1 13.1279 3.66595 13.1094 
84 1 14.7996 2.1509 11.5255 
85 1 16.2721 3.70999 13.165 
94 1 14.6843 5.29815 11.5745 
205 1 16.27 9.96982 13.0779 
204 1 13.1996 10.055 13.1634 
93 1 13.1234 6.85745 13.2184 
95 1 16.2467 6.81784 13.2035 
100 1 14.762 8.42517 11.6223 
108 1 13.1472 3.67123 16.3281 
109 1 14.7349 2.17599 14.7658 
110 1 16.3418 3.74825 16.356 
119 1 14.6567 5.24163 14.7517 
118 1 13.0849 6.85024 16.3843 
120 1 16.2891 6.85164 16.3742 
125 1 14.6747 8.40866 14.7493 
131 1 2.09193 11.6089 2.15633 
132 1 3.70906 13.1569 3.779 
133 1 5.27539 11.5702 2.1046 
156 1 2.06032 11.5843 5.2674 
158 1 5.25203 11.5965 5.20141 
134 1 6.89125 13.1778 3.68963 
141 1 2.0725 14.7181 2.07648 
142 1 3.67487 16.3162 3.69142 
143 1 5.24402 14.7367 2.13811 
166 1 2.14598 14.7156 5.2647 
168 1 5.28101 14.7618 5.24412 
144 1 6.86484 16.3458 3.71255 
157 1 3.68924 13.1292 6.81158 
176 1 2.12269 11.5206 8.40195 
177 1 5.25105 11.5834 8.3316 
169 1 6.85666 16.2983 6.85363 
159 1 6.78501 13.1319 6.82872 
182 1 5.20552 14.7634 8.40556 
181 1 2.14552 14.7155 8.37762 
167 1 3.63297 16.3189 6.87423 
191 1 3.61908 13.129 9.97587 
192 1 6.83476 13.2113 10.001 
196 1 3.63282 16.249 10.025 
197 1 6.82678 16.2662 10.0735 
135 1 8.43993 11.5884 2.12314 
160 1 8.42958 11.6165 5.33249 
184 1 11.5992 14.7695 8.42757 
136 1 10.0335 13.1694 3.76232 
137 1 11.5801 11.5949 2.06119 
162 1 11.6205 11.5232 5.2869 
171 1 9.93081 16.3141 6.85643 
145 1 8.37117 14.7628 2.14822 
170 1 8.40154 14.7238 5.24866 
146 1 10.0107 16.2903 3.71546 
147 1 11.5106 14.7173 2.09665 
172 1 11.6053 14.7179 5.23707 
183 1 8.44136 14.7131 8.40645 
178 1 8.44642 11.5546 8.36403 
161 1 10.0277 13.1877 6.90755 
179 1 11.5764 11.5991 8.47021 
193 1 9.99402 13.1968 10.0285 
198 1 10.0061 16.3351 9.97156 
185 1 14.7162 14.7297 8.38133 
175 1 16.3445 16.2516 6.87005 
173 1 13.1059 16.2251 6.84036 
138 1 13.1518 13.1176 3.62397 
139 1 14.6897 11.5498 2.07814 
140 1 16.3173 13.2162 3.66801 
164 1 14.7563 11.5934 5.22099 
148 1 13.1809 16.2786 3.61863 
149 1 14.6717 14.709 2.05446 
150 1 16.3071 16.2809 3.75697 
174 1 14.7388 14.6523 5.2645 
163 1 13.1598 13.1303 6.836 
165 1 16.3753 13.1203 6.89312 
180 1 14.7793 11.5648 8.42368 
194 1 13.202 13.1253 9.98685 
195 1 16.3114 13.1346 10.015 
199 1 13.0882 16.3815 9.96061 
200 1 16.2698 16.3193 10.0241 
206 1 2.14699 11.589 11.587 
207 1 3.67544 13.1575 13.1931 
208 1 5.24437 11.6491 11.5264 
209 1 6.78348 13.17 13.211 
244 1 6.86645 16.2717 16.303 
243 1 5.26714 14.6665 14.7635 
242 1 3.62969 16.3288 16.3236 
234 1 6.88998 13.1004 16.2894 
241 1 2.12303 14.77 14.7313 
216 1 2.07064 14.7332 11.6107 
217 1 3.68667 16.2816 13.1029 
218 1 5.27748 14.7193 11.5674 
233 1 5.28669 11.5673 14.6845 
219 1 6.82434 16.3079 13.1892 
232 1 3.67351 13.0916 16.2795 
231 1 2.20345 11.6156 14.6989 
236 1 10.023 13.133 16.2927 
237 1 11.627 11.5242 14.6699 
247 1 11.6324 14.6587 14.7129 
210 1 8.40863 11.5902 11.6307 
246 1 10.0329 16.2832 16.3108 
245 1 8.43219 14.7368 14.76 
235 1 8.4654 11.5612 14.7459 
211 1 9.99546 13.1693 13.1608 
212 1 11.6115 11.6193 11.5866 
220 1 8.45909 14.6912 11.5687 
221 1 9.99398 16.2335 13.1245 
222 1 11.5694 14.7487 11.5483 
250 1 16.2828 16.2937 16.3686 
249 1 14.7278 14.7908 14.6782 
248 1 13.1959 16.3148 16.3116 
238 1 13.1268 13.127 16.2168 
213 1 13.178 13.1964 13.1185 
214 1 14.7925 11.6139 11.6237 
215 1 16.3201 13.147 13.1147 
239 1 14.7309 11.5914 14.7264 
223 1 13.1645 16.3302 13.142 
240 1 16.3106 13.1423 16.2151 
224 1 14.6808 14.7375 11.5248 
225 1 16.2952 16.2799 13.1764 
