[2020-10-25 10:43:21,338]:INFO:kabuto: Command line arguments:
../src/kabuto.py prepare bcc small_example_dump.file
[2020-10-25 10:43:21,338]:INFO:kabuto: 
******************************************************
                   ___            _______    ____
   | /     /\     |   |   |    |     |      /    \
   |<     /__\    |--<    |    |     |     |      |
   | \   /    \   |___|    \__/      |      \____/
******************************************************
                   Ondrej Bily
                  Diploma Thesis
                       2020
******************************************************

[2020-10-25 10:43:21,338]:INFO:kabuto: Available phases: {'bcc': 0, 'fcc': 1, 'hcp': 2, 'A15': 3, 'dis': 4}
[2020-10-25 10:43:21,338]:INFO:kabuto: Directory '../src/results' already exists.
[2020-10-25 10:43:21,338]:INFO:kabuto: ACTION: prepare
preparing phase: bcc
preparing from file: small_example_dump.file
[2020-10-25 10:43:21,339]:INFO:kabuto: Calculating of descriptors begins
[2020-10-25 10:43:21,339]:INFO:kabuto: ... processing timestep #0
[2020-10-25 10:43:21,341]:INFO:kabuto: ... processing timestep #500
[2020-10-25 10:43:21,343]:INFO:kabuto: Calculating of descriptors ended
[2020-10-25 10:43:21,344]:INFO:kabuto: Dictionary 'timesteps' was saved to: dict_timesteps.json
[2020-10-25 10:43:21,344]:INFO:kabuto: Dictionary 'pbc_dict' was saved to: dict_pbc.json
[2020-10-25 10:43:21,344]:INFO:kabuto: Directory ../src/dir_to_train already exists.
[2020-10-25 10:43:21,344]:INFO:kabuto: Saving timesteps to separate files begins
[2020-10-25 10:43:21,344]:INFO:kabuto: ... saving timestep #0 to file ../src/dir_to_train/2020_10_25_10_43_21_0.txt
[2020-10-25 10:43:21,345]:INFO:kabuto: ... saving timestep #500 to file ../src/dir_to_train/2020_10_25_10_43_21_500.txt
[2020-10-25 10:43:21,345]:INFO:kabuto: All timesteps were saved in '../src/dir_to_train' folder
