[2020-11-29 19:09:01,498]:INFO:kabuto: Command line arguments:
../../src/kabuto.py predict nn1 ../../../lammps_simulations/mo_bcc/dumpMoBcc.out
[2020-11-29 19:09:01,498]:INFO:kabuto: 
******************************************************
                   ___            _______    ____
   | /     /\     |   |   |    |     |      /    \
   |<     /__\    |--<    |    |     |     |      |
   | \   /    \   |___|    \__/      |      \____/
******************************************************
                   Ondrej Bily
                  Diploma Thesis
                       2020
******************************************************

[2020-11-29 19:09:01,499]:INFO:kabuto: Available phases: {'bcc': 0, 'fcc': 1}
[2020-11-29 19:09:01,499]:INFO:kabuto: Directory '../../src/results' already exists.
[2020-11-29 19:09:01,499]:INFO:kabuto: ACTION: predict
predicting from file: ../../../lammps_simulations/mo_bcc/dumpMoBcc.out
[2020-11-29 19:09:01,505]:INFO:kabuto: Calculating of descriptors begins
Number of atoms:250
Number of atoms in Verlet list of atom #1: 112
Calculating timestep #0
Calculating timestep #50
Calculating timestep #100
Calculating timestep #150
Calculating timestep #200
Calculating timestep #250
Calculating timestep #300
Calculating timestep #350
Calculating timestep #400
Calculating timestep #450
[2020-11-29 19:09:12,648]:INFO:kabuto: Calculating of descriptors ended
[2020-11-29 19:09:12,687]:INFO:kabuto: Dictionary 'timesteps' was saved to: dict_timesteps.json
[2020-11-29 19:09:12,688]:INFO:kabuto: Dictionary 'pbc_dict' was saved to: dict_pbc.json
[2020-11-29 19:09:12,688]:INFO:kabuto: Directory ../../src/dir_to_predict already exists.
[2020-11-29 19:09:12,688]:INFO:kabuto: Saving timesteps to separate file begins
[2020-11-29 19:09:12,688]:INFO:kabuto: ... saving timestep #0 to file ../../src/dir_to_predict/2020_11_29_19_09_12_0.txt
[2020-11-29 19:09:12,690]:INFO:kabuto: ... saving timestep #50 to file ../../src/dir_to_predict/2020_11_29_19_09_12_50.txt
[2020-11-29 19:09:12,692]:INFO:kabuto: ... saving timestep #100 to file ../../src/dir_to_predict/2020_11_29_19_09_12_100.txt
[2020-11-29 19:09:12,695]:INFO:kabuto: ... saving timestep #150 to file ../../src/dir_to_predict/2020_11_29_19_09_12_150.txt
[2020-11-29 19:09:12,697]:INFO:kabuto: ... saving timestep #200 to file ../../src/dir_to_predict/2020_11_29_19_09_12_200.txt
[2020-11-29 19:09:12,700]:INFO:kabuto: ... saving timestep #250 to file ../../src/dir_to_predict/2020_11_29_19_09_12_250.txt
[2020-11-29 19:09:12,702]:INFO:kabuto: ... saving timestep #300 to file ../../src/dir_to_predict/2020_11_29_19_09_12_300.txt
[2020-11-29 19:09:12,704]:INFO:kabuto: ... saving timestep #350 to file ../../src/dir_to_predict/2020_11_29_19_09_12_350.txt
[2020-11-29 19:09:12,706]:INFO:kabuto: ... saving timestep #400 to file ../../src/dir_to_predict/2020_11_29_19_09_12_400.txt
[2020-11-29 19:09:12,709]:INFO:kabuto: ... saving timestep #450 to file ../../src/dir_to_predict/2020_11_29_19_09_12_450.txt
[2020-11-29 19:09:12,711]:INFO:kabuto: All timesteps were saved to '../../src/dir_to_predict' folder
[2020-11-29 19:09:12,711]:INFO:kabuto: Directory '../../src/saved_nn' already exists.
[2020-11-29 19:09:12,788]:INFO:kabuto.neural_networks: NN 'nn1' is loaded.
[2020-11-29 19:09:12,788]:INFO:kabuto.neural_networks: Predicting from array:
[[ 8.02738814  5.5078436  10.86722873 ...  0.50559337  0.07209891
   0.42294364]
 [ 7.38608558  5.57534184 10.33088494 ...  0.50607813  0.05631144
   0.42540914]
 [ 8.08441916  5.29487034 11.06926002 ...  0.50967574  0.01413375
   0.42874075]
 ...
 [ 7.42023635  5.71252631 10.47192016 ...  0.50854947  0.0486532
   0.42501971]
 [ 7.50594576  5.78059586 10.61819813 ...  0.50519001  0.07623852
   0.42112273]
 [ 7.84282245  5.69235353 10.7361989  ...  0.50831542  0.03984668
   0.42721994]]
[2020-11-29 19:09:12,898]:INFO:kabuto: prediction for file '2020_11_29_19_09_12_350.txt'
[[9.9999487e-01 5.1734455e-06]
 [9.9999559e-01 4.4520662e-06]
 [9.9999726e-01 2.7379035e-06]
 [9.9999785e-01 2.1158667e-06]
 [9.9999428e-01 5.7003026e-06]
 [9.9999881e-01 1.2412446e-06]
 [9.9999869e-01 1.3663446e-06]
 [9.9999905e-01 9.3194677e-07]
 [9.9999845e-01 1.5770862e-06]
 [9.9999690e-01 3.0913041e-06]
 [9.9999785e-01 2.1857356e-06]
 [9.9999702e-01 2.9514711e-06]
 [9.9999809e-01 1.9203449e-06]
 [9.9999571e-01 4.2421557e-06]
 [9.9999797e-01 2.0703055e-06]
 [9.9999857e-01 1.4479392e-06]
 [9.9999702e-01 2.9527941e-06]
 [9.9999797e-01 1.9692297e-06]
 [9.9999869e-01 1.3254463e-06]
 [9.9999583e-01 4.1392691e-06]
 [9.9999785e-01 2.1721644e-06]
 [9.9999809e-01 1.9295751e-06]
 [9.9999797e-01 2.0222503e-06]
 [9.9999821e-01 1.7925447e-06]
 [9.9999857e-01 1.4443451e-06]
 [9.9999845e-01 1.5152998e-06]
 [9.9999893e-01 1.1283880e-06]
 [9.9999845e-01 1.5697666e-06]
 [9.9999917e-01 8.0540212e-07]
 [9.9999487e-01 5.0716885e-06]
 [9.9999845e-01 1.5537527e-06]
 [9.9999857e-01 1.4431570e-06]
 [9.9999797e-01 2.0856257e-06]
 [9.9999833e-01 1.6398600e-06]
 [9.9999869e-01 1.3599797e-06]
 [9.9999678e-01 3.2496903e-06]
 [9.9999666e-01 3.3630874e-06]
 [9.9999869e-01 1.3277185e-06]
 [9.9999833e-01 1.6832207e-06]
 [9.9999809e-01 1.9251324e-06]
 [9.9999809e-01 1.9524600e-06]
 [9.9999845e-01 1.4996427e-06]
 [9.9999845e-01 1.5994121e-06]
 [9.9999845e-01 1.4935412e-06]
 [9.9999690e-01 3.1325524e-06]
 [9.9999785e-01 2.1670226e-06]
 [9.9999726e-01 2.7134977e-06]
 [9.9999857e-01 1.3899381e-06]
 [9.9999583e-01 4.1702065e-06]
 [9.9999857e-01 1.3845194e-06]
 [9.9999905e-01 9.1883362e-07]
 [9.9999845e-01 1.5271364e-06]
 [9.9999690e-01 3.1384611e-06]
 [9.9999821e-01 1.8257861e-06]
 [9.9999869e-01 1.2596049e-06]
 [9.9999893e-01 1.0207328e-06]
 [9.9999881e-01 1.2237771e-06]
 [9.9999869e-01 1.2576293e-06]
 [9.9999857e-01 1.3843172e-06]
 [9.9999523e-01 4.7237027e-06]
 [9.9999845e-01 1.5313293e-06]
 [9.9999762e-01 2.3266364e-06]
 [9.9999833e-01 1.6255877e-06]
 [9.9999881e-01 1.1886642e-06]
 [9.9999940e-01 5.9841176e-07]
 [9.9999130e-01 8.7342596e-06]
 [9.9999774e-01 2.3057803e-06]
 [9.9999928e-01 7.1965849e-07]
 [9.9999559e-01 4.4009448e-06]
 [9.9999619e-01 3.7575369e-06]
 [9.9999690e-01 3.1216582e-06]
 [9.9999809e-01 1.9561112e-06]
 [9.9999821e-01 1.8280372e-06]
 [9.9999666e-01 3.2804417e-06]
 [9.9999714e-01 2.9051478e-06]
 [9.9999905e-01 9.6266763e-07]
 [9.9999785e-01 2.1281912e-06]
 [9.9999714e-01 2.8064364e-06]
 [9.9999738e-01 2.5764564e-06]
 [9.9999845e-01 1.5775961e-06]
 [9.9999857e-01 1.3911792e-06]
 [9.9999917e-01 8.8920632e-07]
 [9.9999762e-01 2.4344067e-06]
 [9.9999750e-01 2.5275056e-06]
 [9.9999857e-01 1.4089372e-06]
 [9.9999702e-01 3.0022845e-06]
 [9.9999857e-01 1.3892623e-06]
 [9.9999809e-01 1.8653598e-06]
 [9.9999917e-01 7.9203130e-07]
 [9.9999726e-01 2.7120309e-06]
 [9.9999821e-01 1.7596851e-06]
 [9.9999607e-01 3.9333081e-06]
 [9.9999809e-01 1.8971414e-06]
 [9.9999845e-01 1.5002636e-06]
 [9.9999571e-01 4.3023524e-06]
 [9.9999571e-01 4.2484712e-06]
 [9.9999928e-01 7.3213147e-07]
 [9.9999809e-01 1.9503050e-06]
 [9.9999630e-01 3.6615368e-06]
 [9.9999821e-01 1.7540405e-06]
 [9.9999738e-01 2.5669649e-06]
 [9.9999833e-01 1.7021918e-06]
 [9.9999905e-01 9.9235024e-07]
 [9.9999774e-01 2.2172696e-06]
 [9.9999857e-01 1.4431225e-06]
 [9.9999881e-01 1.1834792e-06]
 [9.9999785e-01 2.1982678e-06]
 [9.9999702e-01 2.9207654e-06]
 [9.9999809e-01 1.9053424e-06]
 [9.9999797e-01 1.9929307e-06]
 [9.9999690e-01 3.0686574e-06]
 [9.9999833e-01 1.7114961e-06]
 [9.9999809e-01 1.9598158e-06]
 [9.9999762e-01 2.3806799e-06]
 [9.9999905e-01 9.7169311e-07]
 [9.9999714e-01 2.8134843e-06]
 [9.9999881e-01 1.2015454e-06]
 [9.9999833e-01 1.6966975e-06]
 [9.9999821e-01 1.7428703e-06]
 [9.9999821e-01 1.7403042e-06]
 [9.9999630e-01 3.7351288e-06]
 [9.9999917e-01 8.3722540e-07]
 [9.9999940e-01 6.1863273e-07]
 [9.9999750e-01 2.5077838e-06]
 [9.9999845e-01 1.5402960e-06]
 [9.9999487e-01 5.1092343e-06]
 [9.9999881e-01 1.2049189e-06]
 [9.9999833e-01 1.6147750e-06]
 [9.9999833e-01 1.6850646e-06]
 [9.9999738e-01 2.6393773e-06]
 [9.9999940e-01 6.3766424e-07]
 [9.9999714e-01 2.9152418e-06]
 [9.9999869e-01 1.3532431e-06]
 [9.9999642e-01 3.5936423e-06]
 [9.9999845e-01 1.5237090e-06]
 [9.9999690e-01 3.1536608e-06]
 [9.9999785e-01 2.0941418e-06]
 [9.9999821e-01 1.7585829e-06]
 [9.9999774e-01 2.2962652e-06]
 [9.9999821e-01 1.7507265e-06]
 [9.9999881e-01 1.1841792e-06]
 [9.9999797e-01 2.0225455e-06]
 [9.9999702e-01 2.9583750e-06]
 [9.9999845e-01 1.5162713e-06]
 [9.9999774e-01 2.2522831e-06]
 [9.9999857e-01 1.4654598e-06]
 [9.9999571e-01 4.2876031e-06]
 [9.9999845e-01 1.5310577e-06]
 [9.9999845e-01 1.5004596e-06]
 [9.9999869e-01 1.3446174e-06]
 [9.9999893e-01 1.1026086e-06]
 [9.9999619e-01 3.7580244e-06]
 [9.9999833e-01 1.6274523e-06]
 [9.9999797e-01 2.0007310e-06]
 [9.9999869e-01 1.3490192e-06]
 [9.9999774e-01 2.2240486e-06]
 [9.9999917e-01 8.8707020e-07]
 [9.9999869e-01 1.3103366e-06]
 [9.9999893e-01 1.0771920e-06]
 [9.9999928e-01 7.0855191e-07]
 [9.9999893e-01 1.0513131e-06]
 [9.9999821e-01 1.8117730e-06]
 [9.9999928e-01 6.7825675e-07]
 [9.9999905e-01 9.6202064e-07]
 [9.9999905e-01 9.1885289e-07]
 [9.9999714e-01 2.8387676e-06]
 [9.9999738e-01 2.6218811e-06]
 [9.9999917e-01 8.6389156e-07]
 [9.9999964e-01 3.0412809e-07]
 [9.9999678e-01 3.1831087e-06]
 [9.9999678e-01 3.2509581e-06]
 [9.9999821e-01 1.8164615e-06]
 [9.9999869e-01 1.3425623e-06]
 [9.9999702e-01 2.9479434e-06]
 [9.9999630e-01 3.6444178e-06]
 [9.9999928e-01 6.8803428e-07]
 [9.9999833e-01 1.6834775e-06]
 [9.9999654e-01 3.4100426e-06]
 [9.9999762e-01 2.4087703e-06]
 [9.9999833e-01 1.6261305e-06]
 [9.9999869e-01 1.2533728e-06]
 [9.9999774e-01 2.2479248e-06]
 [9.9999833e-01 1.6492608e-06]
 [9.9999809e-01 1.8718981e-06]
 [9.9999702e-01 3.0116905e-06]
 [9.9999774e-01 2.3134255e-06]
 [9.9999750e-01 2.5165882e-06]
 [9.9999857e-01 1.4652139e-06]
 [9.9999678e-01 3.1975273e-06]
 [9.9999845e-01 1.5920617e-06]
 [9.9999726e-01 2.6892967e-06]
 [9.9999785e-01 2.1121612e-06]
 [9.9999952e-01 5.3132516e-07]
 [9.9999845e-01 1.5986283e-06]
 [9.9999702e-01 2.9418798e-06]
 [9.9999821e-01 1.8153168e-06]
 [9.9999523e-01 4.7876051e-06]
 [9.9999750e-01 2.5330510e-06]
 [9.9999845e-01 1.5337891e-06]
 [9.9999690e-01 3.1098618e-06]
 [9.9999785e-01 2.1451119e-06]
 [9.9999785e-01 2.1248572e-06]
 [9.9999928e-01 7.3444971e-07]
 [9.9999881e-01 1.1350201e-06]
 [9.9999714e-01 2.9179037e-06]
 [9.9999905e-01 9.7262023e-07]
 [9.9999845e-01 1.5577200e-06]
 [9.9999917e-01 8.6663528e-07]
 [9.9999857e-01 1.4455551e-06]
 [9.9999797e-01 1.9762829e-06]
 [9.9999905e-01 9.0915142e-07]
 [9.9999809e-01 1.9473944e-06]
 [9.9999774e-01 2.2520512e-06]
 [9.9999821e-01 1.7960526e-06]
 [9.9999821e-01 1.7520493e-06]
 [9.9999714e-01 2.8357153e-06]
 [9.9999666e-01 3.3140150e-06]
 [9.9999785e-01 2.1770668e-06]
 [9.9999833e-01 1.7093527e-06]
 [9.9999893e-01 1.0502719e-06]
 [9.9999750e-01 2.5087047e-06]
 [9.9999833e-01 1.6738467e-06]
 [9.9999774e-01 2.2464205e-06]
 [9.9999762e-01 2.4262831e-06]
 [9.9999797e-01 2.0135135e-06]
 [9.9999857e-01 1.4074197e-06]
 [9.9999952e-01 5.3446587e-07]
 [9.9999809e-01 1.8617377e-06]
 [9.9999809e-01 1.9220945e-06]
 [9.9999654e-01 3.4497325e-06]
 [9.9999809e-01 1.8699872e-06]
 [9.9999714e-01 2.8844206e-06]
 [9.9999356e-01 6.4761730e-06]
 [9.9999905e-01 1.0069870e-06]
 [9.9999905e-01 9.5626353e-07]
 [9.9999762e-01 2.3763089e-06]
 [9.9999738e-01 2.6332577e-06]
 [9.9999928e-01 6.9275245e-07]
 [9.9999774e-01 2.3106429e-06]
 [9.9999857e-01 1.4241349e-06]
 [9.9999869e-01 1.2685148e-06]
 [9.9999869e-01 1.3438483e-06]
 [9.9999881e-01 1.1563914e-06]
 [9.9999774e-01 2.2497993e-06]
 [9.9999857e-01 1.3712474e-06]
 [9.9999881e-01 1.1849156e-06]
 [9.9999940e-01 6.4541035e-07]
 [9.9999833e-01 1.6994310e-06]
 [9.9999881e-01 1.1617381e-06]
 [9.9999857e-01 1.4669630e-06]]
[2020-11-29 19:09:12,898]:INFO:kabuto: Q = [0.999997923374176, 2.0747804007896775e-06]
[2020-11-29 19:09:12,942]:INFO:kabuto.neural_networks: NN 'nn1' is loaded.
[2020-11-29 19:09:12,942]:INFO:kabuto.neural_networks: Predicting from array:
[[ 7.2927473   5.71115949 10.67453139 ...  0.50952691  0.03902946
   0.42694246]
 [ 7.79546782  5.7359987  10.91082791 ...  0.50959119  0.02592257
   0.42818605]
 [ 7.90863773  5.63169715 10.84774541 ...  0.50871754  0.04148308
   0.42642499]
 ...
 [ 7.99779513  5.40383604 11.08159091 ...  0.50829605  0.04707817
   0.42728323]
 [ 7.51387285  5.62945029 10.76878183 ...  0.50945554  0.0282815
   0.42831321]
 [ 7.41417987  5.75718649 11.13562318 ...  0.5095298   0.02860115
   0.42818094]]
[2020-11-29 19:09:12,995]:INFO:kabuto: prediction for file '2020_11_29_19_09_12_400.txt'
[[9.9999928e-01 7.5086638e-07]
 [9.9999893e-01 1.0779854e-06]
 [9.9999857e-01 1.4662176e-06]
 [9.9999928e-01 6.6000860e-07]
 [9.9999881e-01 1.1440717e-06]
 [9.9999571e-01 4.2527804e-06]
 [9.9999785e-01 2.1038063e-06]
 [9.9999607e-01 3.9252141e-06]
 [9.9999714e-01 2.8796906e-06]
 [9.9999785e-01 2.1717728e-06]
 [9.9999917e-01 8.4571889e-07]
 [9.9999893e-01 1.0778209e-06]
 [9.9999809e-01 1.9468800e-06]
 [9.9999869e-01 1.3171750e-06]
 [9.9999881e-01 1.1810911e-06]
 [9.9999774e-01 2.2895367e-06]
 [9.9999928e-01 7.1460920e-07]
 [9.9999619e-01 3.8113626e-06]
 [9.9999702e-01 2.9505084e-06]
 [9.9999893e-01 1.0239697e-06]
 [9.9999845e-01 1.5458749e-06]
 [9.9999869e-01 1.3405191e-06]
 [9.9999881e-01 1.1805844e-06]
 [9.9999750e-01 2.4668591e-06]
 [9.9999642e-01 3.5559981e-06]
 [9.9999881e-01 1.1894217e-06]
 [9.9999774e-01 2.2638233e-06]
 [9.9999833e-01 1.6165901e-06]
 [9.9999857e-01 1.4235754e-06]
 [9.9999785e-01 2.0886889e-06]
 [9.9999893e-01 1.0333403e-06]
 [9.9999797e-01 2.0546390e-06]
 [9.9999893e-01 1.1173861e-06]
 [9.9999893e-01 1.0175730e-06]
 [9.9999774e-01 2.2567576e-06]
 [9.9999893e-01 1.0411668e-06]
 [9.9999845e-01 1.5528964e-06]
 [9.9999905e-01 9.9859699e-07]
 [9.9999881e-01 1.1555734e-06]
 [9.9999821e-01 1.7441922e-06]
 [9.9999797e-01 2.0005020e-06]
 [9.9999857e-01 1.4065878e-06]
 [9.9999857e-01 1.4881201e-06]
 [9.9999833e-01 1.7096527e-06]
 [9.9999845e-01 1.5547206e-06]
 [9.9999881e-01 1.1697738e-06]
 [9.9999881e-01 1.1790125e-06]
 [9.9999654e-01 3.5023506e-06]
 [9.9999845e-01 1.6039151e-06]
 [9.9999857e-01 1.4657687e-06]
 [9.9999750e-01 2.5529666e-06]
 [9.9999893e-01 1.1212246e-06]
 [9.9999785e-01 2.1493713e-06]
 [9.9999833e-01 1.6473870e-06]
 [9.9999607e-01 3.9551774e-06]
 [9.9999797e-01 1.9926817e-06]
 [9.9999762e-01 2.4330534e-06]
 [9.9999750e-01 2.4660123e-06]
 [9.9999833e-01 1.6617571e-06]
 [9.9999928e-01 7.7012692e-07]
 [9.9999845e-01 1.5957494e-06]
 [9.9999809e-01 1.9290121e-06]
 [9.9999738e-01 2.6421121e-06]
 [9.9999750e-01 2.4962899e-06]
 [9.9999821e-01 1.8419653e-06]
 [9.9999928e-01 7.0357851e-07]
 [9.9999940e-01 5.6540006e-07]
 [9.9999642e-01 3.5659621e-06]
 [9.9999797e-01 1.9817260e-06]
 [9.9999762e-01 2.3904925e-06]
 [9.9999869e-01 1.2937475e-06]
 [9.9999845e-01 1.5698774e-06]
 [9.9999845e-01 1.5773990e-06]
 [9.9999881e-01 1.2022102e-06]
 [9.9999905e-01 9.1204322e-07]
 [9.9999642e-01 3.6144090e-06]
 [9.9999833e-01 1.6572482e-06]
 [9.9999869e-01 1.3047614e-06]
 [9.9999893e-01 1.0573954e-06]
 [9.9999821e-01 1.7384364e-06]
 [9.9999821e-01 1.8238457e-06]
 [9.9999821e-01 1.8081896e-06]
 [9.9999917e-01 7.9028683e-07]
 [9.9999833e-01 1.6315424e-06]
 [9.9999785e-01 2.1997610e-06]
 [9.9999893e-01 1.0824749e-06]
 [9.9999833e-01 1.6807185e-06]
 [9.9999845e-01 1.4964826e-06]
 [9.9999654e-01 3.4923180e-06]
 [9.9999928e-01 6.6357450e-07]
 [9.9999821e-01 1.7777488e-06]
 [9.9999928e-01 7.0945526e-07]
 [9.9999905e-01 9.0169272e-07]
 [9.9999762e-01 2.4276303e-06]
 [9.9999833e-01 1.6891578e-06]
 [9.9999869e-01 1.3200321e-06]
 [9.9999654e-01 3.4636173e-06]
 [9.9999821e-01 1.7594334e-06]
 [9.9999809e-01 1.9366175e-06]
 [9.9999821e-01 1.8200335e-06]
 [9.9999928e-01 6.6885229e-07]
 [9.9999774e-01 2.2457607e-06]
 [9.9999690e-01 3.0780718e-06]
 [9.9999881e-01 1.1729732e-06]
 [9.9999940e-01 6.0625780e-07]
 [9.9999750e-01 2.5027116e-06]
 [9.9999928e-01 7.3865800e-07]
 [9.9999928e-01 7.2381931e-07]
 [9.9999905e-01 9.6196743e-07]
 [9.9999702e-01 2.9777589e-06]
 [9.9999845e-01 1.6089508e-06]
 [9.9999940e-01 6.0137006e-07]
 [9.9999905e-01 9.3024806e-07]
 [9.9999809e-01 1.9311124e-06]
 [9.9999654e-01 3.4668526e-06]
 [9.9999833e-01 1.6622564e-06]
 [9.9999821e-01 1.7879111e-06]
 [9.9999702e-01 2.9401829e-06]
 [9.9999797e-01 2.0186778e-06]
 [9.9999774e-01 2.2182003e-06]
 [9.9999714e-01 2.8092963e-06]
 [9.9999654e-01 3.4134232e-06]
 [9.9999344e-01 6.5643826e-06]
 [9.9999917e-01 8.0309735e-07]
 [9.9999690e-01 3.1201789e-06]
 [9.9999917e-01 8.5171320e-07]
 [9.9999702e-01 3.0277483e-06]
 [9.9999833e-01 1.6875991e-06]
 [9.9999857e-01 1.4546658e-06]
 [9.9999928e-01 7.6886840e-07]
 [9.9999642e-01 3.5629571e-06]
 [9.9999905e-01 1.0003776e-06]
 [9.9999797e-01 2.0549251e-06]
 [9.9999869e-01 1.2914521e-06]
 [9.9999750e-01 2.4608837e-06]
 [9.9999809e-01 1.8618957e-06]
 [9.9999857e-01 1.4241241e-06]
 [9.9999857e-01 1.4205837e-06]
 [9.9999821e-01 1.8238909e-06]
 [9.9999690e-01 3.1048478e-06]
 [9.9999738e-01 2.6393068e-06]
 [9.9999809e-01 1.9005259e-06]
 [9.9999857e-01 1.4679861e-06]
 [9.9999750e-01 2.5274139e-06]
 [9.9999893e-01 1.1027685e-06]
 [9.9999857e-01 1.4028542e-06]
 [9.9999928e-01 6.8907315e-07]
 [9.9999702e-01 3.0370488e-06]
 [9.9999821e-01 1.7698557e-06]
 [9.9999857e-01 1.3764148e-06]
 [9.9999797e-01 1.9955135e-06]
 [9.9999905e-01 9.6490021e-07]
 [9.9999857e-01 1.4335809e-06]
 [9.9999797e-01 2.0725595e-06]
 [9.9999762e-01 2.4208516e-06]
 [9.9999952e-01 4.7005642e-07]
 [9.9999702e-01 3.0282940e-06]
 [9.9999726e-01 2.6856599e-06]
 [9.9999845e-01 1.5777059e-06]
 [9.9999738e-01 2.6257596e-06]
 [9.9999809e-01 1.9463732e-06]
 [9.9999678e-01 3.2282101e-06]
 [9.9999869e-01 1.3532598e-06]
 [9.9999547e-01 4.5547499e-06]
 [9.9999845e-01 1.5609932e-06]
 [9.9999917e-01 8.1505448e-07]
 [9.9999857e-01 1.4772691e-06]
 [9.9999750e-01 2.5588506e-06]
 [9.9999523e-01 4.7406538e-06]
 [9.9999881e-01 1.1530425e-06]
 [9.9999881e-01 1.1823442e-06]
 [9.9999845e-01 1.5074186e-06]
 [9.9999881e-01 1.1967126e-06]
 [9.9999917e-01 8.4084536e-07]
 [9.9999928e-01 7.3084857e-07]
 [9.9999833e-01 1.7014938e-06]
 [9.9999785e-01 2.1190735e-06]
 [9.9999940e-01 6.5323064e-07]
 [9.9999893e-01 1.1105551e-06]
 [9.9999785e-01 2.1827213e-06]
 [9.9999785e-01 2.1970563e-06]
 [9.9999797e-01 2.0497832e-06]
 [9.9999905e-01 9.8354099e-07]
 [9.9999821e-01 1.7897466e-06]
 [9.9999857e-01 1.4265980e-06]
 [9.9999690e-01 3.0628044e-06]
 [9.9999857e-01 1.3950469e-06]
 [9.9999702e-01 3.0194410e-06]
 [9.9999857e-01 1.4128932e-06]
 [9.9999845e-01 1.5887158e-06]
 [9.9999845e-01 1.5599767e-06]
 [9.9999774e-01 2.2149111e-06]
 [9.9999714e-01 2.8227239e-06]
 [9.9999881e-01 1.1687110e-06]
 [9.9999821e-01 1.8127080e-06]
 [9.9999857e-01 1.4734575e-06]
 [9.9999893e-01 1.0269761e-06]
 [9.9999833e-01 1.6566762e-06]
 [9.9999809e-01 1.8763002e-06]
 [9.9999869e-01 1.3429336e-06]
 [9.9999511e-01 4.9074156e-06]
 [9.9999893e-01 1.0959349e-06]
 [9.9999690e-01 3.0498395e-06]
 [9.9999821e-01 1.7819821e-06]
 [9.9999928e-01 7.6555466e-07]
 [9.9999857e-01 1.4887702e-06]
 [9.9999714e-01 2.8657730e-06]
 [9.9999833e-01 1.6226139e-06]
 [9.9999857e-01 1.4066093e-06]
 [9.9999833e-01 1.6374939e-06]
 [9.9999762e-01 2.3389478e-06]
 [9.9999785e-01 2.1568580e-06]
 [9.9999845e-01 1.5046522e-06]
 [9.9999619e-01 3.8193020e-06]
 [9.9999857e-01 1.4329084e-06]
 [9.9999845e-01 1.5862693e-06]
 [9.9999881e-01 1.2389349e-06]
 [9.9999881e-01 1.2268971e-06]
 [9.9999869e-01 1.3346818e-06]
 [9.9999809e-01 1.9230279e-06]
 [9.9999833e-01 1.6294898e-06]
 [9.9999774e-01 2.2373360e-06]
 [9.9999869e-01 1.3274981e-06]
 [9.9999917e-01 8.4228600e-07]
 [9.9999869e-01 1.2980594e-06]
 [9.9999785e-01 2.1018870e-06]
 [9.9999785e-01 2.2004135e-06]
 [9.9999774e-01 2.3050436e-06]
 [9.9999881e-01 1.2103595e-06]
 [9.9999928e-01 6.7597148e-07]
 [9.9999881e-01 1.1906475e-06]
 [9.9999893e-01 1.0206618e-06]
 [9.9999881e-01 1.1669435e-06]
 [9.9999845e-01 1.5209245e-06]
 [9.9999821e-01 1.7959225e-06]
 [9.9999797e-01 1.9805811e-06]
 [9.9999893e-01 1.0820012e-06]
 [9.9999809e-01 1.8776569e-06]
 [9.9999869e-01 1.3035700e-06]
 [9.9999821e-01 1.8032713e-06]
 [9.9999845e-01 1.5438711e-06]
 [9.9999821e-01 1.7366004e-06]
 [9.9999893e-01 1.0242042e-06]
 [9.9999714e-01 2.8446241e-06]
 [9.9999630e-01 3.6407703e-06]
 [9.9999845e-01 1.5318259e-06]
 [9.9999845e-01 1.5871984e-06]
 [9.9999821e-01 1.7738823e-06]
 [9.9999785e-01 2.1133460e-06]
 [9.9999809e-01 1.8867073e-06]]
[2020-11-29 19:09:12,996]:INFO:kabuto: Q = [0.9999981732368469, 1.8266003592088965e-06]
[2020-11-29 19:09:13,042]:INFO:kabuto.neural_networks: NN 'nn1' is loaded.
[2020-11-29 19:09:13,042]:INFO:kabuto.neural_networks: Predicting from array:
[[ 7.5130587   5.42034189 10.82028562 ...  0.50883277  0.04367215
   0.42625522]
 [ 7.641375    5.52265199 11.04278535 ...  0.50930417  0.03131131
   0.42695607]
 [ 7.95849168  5.64612377 10.81310759 ...  0.50929923  0.02367422
   0.42795864]
 ...
 [ 7.77065392  5.70591504 10.59909304 ...  0.50735532  0.05306889
   0.42645862]
 [ 7.6131027   5.8742971  10.65778821 ...  0.50521392  0.07740662
   0.4224203 ]
 [ 7.98547119  5.06098114 10.13690764 ...  0.50407692  0.08041882
   0.42286301]]
[2020-11-29 19:09:13,089]:INFO:kabuto: prediction for file '2020_11_29_19_09_12_150.txt'
[[9.9999833e-01 1.6826910e-06]
 [9.9999893e-01 1.0676886e-06]
 [9.9999762e-01 2.4125591e-06]
 [9.9999762e-01 2.3367049e-06]
 [9.9999869e-01 1.3540705e-06]
 [9.9999905e-01 9.3193961e-07]
 [9.9999809e-01 1.8770805e-06]
 [9.9999845e-01 1.5074473e-06]
 [9.9999714e-01 2.9184573e-06]
 [9.9999940e-01 5.9301186e-07]
 [9.9999702e-01 3.0251535e-06]
 [9.9999857e-01 1.3932320e-06]
 [9.9999678e-01 3.2656403e-06]
 [9.9999750e-01 2.4562155e-06]
 [9.9999928e-01 7.5251950e-07]
 [9.9999869e-01 1.2621541e-06]
 [9.9999738e-01 2.6406360e-06]
 [9.9999869e-01 1.3309030e-06]
 [9.9999917e-01 8.5060282e-07]
 [9.9999893e-01 1.0518968e-06]
 [9.9999869e-01 1.3275412e-06]
 [9.9999762e-01 2.3540620e-06]
 [9.9999833e-01 1.6860290e-06]
 [9.9999821e-01 1.7521329e-06]
 [9.9999928e-01 7.1829675e-07]
 [9.9999917e-01 8.1414015e-07]
 [9.9999821e-01 1.7759035e-06]
 [9.9999750e-01 2.5090803e-06]
 [9.9999797e-01 2.0060920e-06]
 [9.9999762e-01 2.3549467e-06]
 [9.9999702e-01 2.9677624e-06]
 [9.9999845e-01 1.5497009e-06]
 [9.9999750e-01 2.4589906e-06]
 [9.9999821e-01 1.7453536e-06]
 [9.9999905e-01 9.7036695e-07]
 [9.9999928e-01 7.4107038e-07]
 [9.9999869e-01 1.3703142e-06]
 [9.9999893e-01 1.1129173e-06]
 [9.9999774e-01 2.2423878e-06]
 [9.9999797e-01 2.0234716e-06]
 [9.9999917e-01 8.1732270e-07]
 [9.9999702e-01 3.0320045e-06]
 [9.9999857e-01 1.4840654e-06]
 [9.9999774e-01 2.2799779e-06]
 [9.9999881e-01 1.1767659e-06]
 [9.9999654e-01 3.4400605e-06]
 [9.9999857e-01 1.4256324e-06]
 [9.9999547e-01 4.5098236e-06]
 [9.9999738e-01 2.6327455e-06]
 [9.9999797e-01 1.9913273e-06]
 [9.9999654e-01 3.4317768e-06]
 [9.9999785e-01 2.2021306e-06]
 [9.9999881e-01 1.2100918e-06]
 [9.9999845e-01 1.5978113e-06]
 [9.9999738e-01 2.5918198e-06]
 [9.9999738e-01 2.6099860e-06]
 [9.9999857e-01 1.4110215e-06]
 [9.9999785e-01 2.1653741e-06]
 [9.9999857e-01 1.4576932e-06]
 [9.9999380e-01 6.1585529e-06]
 [9.9999893e-01 1.0327826e-06]
 [9.9999797e-01 2.0750772e-06]
 [9.9999714e-01 2.8145093e-06]
 [9.9999797e-01 2.0223217e-06]
 [9.9999726e-01 2.7422413e-06]
 [9.9999475e-01 5.2966143e-06]
 [9.9999857e-01 1.3713259e-06]
 [9.9999762e-01 2.3846223e-06]
 [9.9999797e-01 1.9681388e-06]
 [9.9999869e-01 1.3098844e-06]
 [9.9999845e-01 1.5753876e-06]
 [9.9999654e-01 3.4370796e-06]
 [9.9999237e-01 7.5709786e-06]
 [9.9999797e-01 2.0143432e-06]
 [9.9999714e-01 2.8875750e-06]
 [9.9999845e-01 1.5244721e-06]
 [9.9999821e-01 1.7814333e-06]
 [9.9999583e-01 4.2119177e-06]
 [9.9999833e-01 1.6949250e-06]
 [9.9999845e-01 1.5810920e-06]
 [9.9999845e-01 1.5439108e-06]
 [9.9999702e-01 2.9215789e-06]
 [9.9999774e-01 2.3183220e-06]
 [9.9999785e-01 2.1785227e-06]
 [9.9999845e-01 1.5309453e-06]
 [9.9999821e-01 1.7329409e-06]
 [9.9999702e-01 2.9262355e-06]
 [9.9999797e-01 2.0165883e-06]
 [9.9999833e-01 1.7016529e-06]
 [9.9999774e-01 2.2688853e-06]
 [9.9999738e-01 2.6097796e-06]
 [9.9999762e-01 2.3909049e-06]
 [9.9999833e-01 1.6709423e-06]
 [9.9999762e-01 2.4360997e-06]
 [9.9999917e-01 8.3561730e-07]
 [9.9999774e-01 2.2175234e-06]
 [9.9999774e-01 2.3129644e-06]
 [9.9999726e-01 2.7238714e-06]
 [9.9999750e-01 2.5599538e-06]
 [9.9999797e-01 1.9912154e-06]
 [9.9999762e-01 2.3346024e-06]
 [9.9999893e-01 1.0196363e-06]
 [9.9999857e-01 1.4548517e-06]
 [9.9999774e-01 2.2909849e-06]
 [9.9999738e-01 2.5853567e-06]
 [9.9999762e-01 2.4039512e-06]
 [9.9999833e-01 1.6420508e-06]
 [9.9999213e-01 7.9205483e-06]
 [9.9999785e-01 2.1558956e-06]
 [9.9999893e-01 1.0244289e-06]
 [9.9999809e-01 1.8704973e-06]
 [9.9999833e-01 1.7269737e-06]
 [9.9999857e-01 1.4646006e-06]
 [9.9999821e-01 1.7870860e-06]
 [9.9999666e-01 3.3221063e-06]
 [9.9999940e-01 6.2423436e-07]
 [9.9999869e-01 1.3154614e-06]
 [9.9999595e-01 4.0350938e-06]
 [9.9999690e-01 3.1576603e-06]
 [9.9999905e-01 9.5986525e-07]
 [9.9999809e-01 1.8749157e-06]
 [9.9999809e-01 1.9648012e-06]
 [9.9999893e-01 1.0457144e-06]
 [9.9999678e-01 3.1834213e-06]
 [9.9999881e-01 1.2333752e-06]
 [9.9999583e-01 4.2290885e-06]
 [9.9999940e-01 6.3122593e-07]
 [9.9999869e-01 1.2911861e-06]
 [9.9999857e-01 1.4494894e-06]
 [9.9999833e-01 1.6283030e-06]
 [9.9999905e-01 9.3908147e-07]
 [9.9999678e-01 3.1912698e-06]
 [9.9999881e-01 1.2100642e-06]
 [9.9999750e-01 2.4495182e-06]
 [9.9999619e-01 3.8135731e-06]
 [9.9999595e-01 4.0298410e-06]
 [9.9999881e-01 1.1627887e-06]
 [9.9999714e-01 2.8573841e-06]
 [9.9999619e-01 3.8742269e-06]
 [9.9999869e-01 1.2618317e-06]
 [9.9999869e-01 1.2895445e-06]
 [9.9999821e-01 1.8154813e-06]
 [9.9999845e-01 1.5316550e-06]
 [9.9999869e-01 1.3246905e-06]
 [9.9999845e-01 1.6008237e-06]
 [9.9999905e-01 1.0107566e-06]
 [9.9999809e-01 1.9450281e-06]
 [9.9999869e-01 1.3587610e-06]
 [9.9999726e-01 2.7951487e-06]
 [9.9999857e-01 1.4900884e-06]
 [9.9999869e-01 1.3349987e-06]
 [9.9999833e-01 1.6150152e-06]
 [9.9999714e-01 2.8109955e-06]
 [9.9999905e-01 9.9391968e-07]
 [9.9999881e-01 1.2454291e-06]
 [9.9999774e-01 2.2410604e-06]
 [9.9999785e-01 2.1953367e-06]
 [9.9999821e-01 1.7599034e-06]
 [9.9999809e-01 1.9113099e-06]
 [9.9999833e-01 1.6534216e-06]
 [9.9999845e-01 1.5264521e-06]
 [9.9999881e-01 1.2391689e-06]
 [9.9999893e-01 1.0154616e-06]
 [9.9999762e-01 2.3300249e-06]
 [9.9999416e-01 5.7868233e-06]
 [9.9999881e-01 1.2322454e-06]
 [9.9999630e-01 3.7015618e-06]
 [9.9999774e-01 2.2655424e-06]
 [9.9999869e-01 1.3280350e-06]
 [9.9999690e-01 3.1268455e-06]
 [9.9999702e-01 2.9957464e-06]
 [9.9999595e-01 4.0482182e-06]
 [9.9999845e-01 1.5330492e-06]
 [9.9999690e-01 3.0932592e-06]
 [9.9999845e-01 1.5050369e-06]
 [9.9999797e-01 2.0171231e-06]
 [9.9999332e-01 6.6737102e-06]
 [9.9999559e-01 4.3708883e-06]
 [9.9999774e-01 2.2938466e-06]
 [9.9999750e-01 2.5387558e-06]
 [9.9999762e-01 2.4063595e-06]
 [9.9999690e-01 3.1209438e-06]
 [9.9999499e-01 5.0174808e-06]
 [9.9999905e-01 9.7411657e-07]
 [9.9999881e-01 1.2399893e-06]
 [9.9999499e-01 5.0057615e-06]
 [9.9999774e-01 2.2159252e-06]
 [9.9999642e-01 3.5545131e-06]
 [9.9999666e-01 3.3272490e-06]
 [9.9999774e-01 2.3222119e-06]
 [9.9999762e-01 2.3324237e-06]
 [9.9999666e-01 3.2985713e-06]
 [9.9999881e-01 1.1438840e-06]
 [9.9999821e-01 1.7999758e-06]
 [9.9999738e-01 2.6578364e-06]
 [9.9999738e-01 2.6776195e-06]
 [9.9999738e-01 2.5876457e-06]
 [9.9999714e-01 2.8954173e-06]
 [9.9999726e-01 2.7154158e-06]
 [9.9999809e-01 1.9615397e-06]
 [9.9999821e-01 1.7627488e-06]
 [9.9999857e-01 1.4278530e-06]
 [9.9999821e-01 1.8414735e-06]
 [9.9999797e-01 1.9809872e-06]
 [9.9999940e-01 6.3463204e-07]
 [9.9999714e-01 2.8330664e-06]
 [9.9999654e-01 3.4365619e-06]
 [9.9999893e-01 1.1160473e-06]
 [9.9999571e-01 4.3059526e-06]
 [9.9999833e-01 1.7248472e-06]
 [9.9999905e-01 9.0137803e-07]
 [9.9999845e-01 1.5495723e-06]
 [9.9999893e-01 1.0613285e-06]
 [9.9999750e-01 2.4965852e-06]
 [9.9999523e-01 4.7860258e-06]
 [9.9999797e-01 2.0184161e-06]
 [9.9999881e-01 1.1471964e-06]
 [9.9999893e-01 1.0711706e-06]
 [9.9999738e-01 2.6254743e-06]
 [9.9999559e-01 4.3597975e-06]
 [9.9999952e-01 4.4181937e-07]
 [9.9999833e-01 1.6581319e-06]
 [9.9999797e-01 2.0637490e-06]
 [9.9999738e-01 2.6447187e-06]
 [9.9999893e-01 1.0931155e-06]
 [9.9999869e-01 1.3279844e-06]
 [9.9999499e-01 4.9808800e-06]
 [9.9999595e-01 4.0468904e-06]
 [9.9999750e-01 2.5511119e-06]
 [9.9999499e-01 5.0593221e-06]
 [9.9999607e-01 3.9310053e-06]
 [9.9999666e-01 3.2797284e-06]
 [9.9999666e-01 3.3850065e-06]
 [9.9999666e-01 3.3158581e-06]
 [9.9999547e-01 4.5559750e-06]
 [9.9999666e-01 3.2970017e-06]
 [9.9999750e-01 2.4752603e-06]
 [9.9999869e-01 1.2847106e-06]
 [9.9999869e-01 1.2964474e-06]
 [9.9999511e-01 4.8935076e-06]
 [9.9999702e-01 2.9647017e-06]
 [9.9999762e-01 2.3856369e-06]
 [9.9999642e-01 3.5821286e-06]
 [9.9999809e-01 1.9659219e-06]
 [9.9999869e-01 1.2767057e-06]
 [9.9999857e-01 1.3779646e-06]
 [9.9999881e-01 1.2265824e-06]
 [9.9999845e-01 1.5170306e-06]
 [9.9999702e-01 2.9793582e-06]
 [9.9999774e-01 2.3210850e-06]]
[2020-11-29 19:09:13,089]:INFO:kabuto: Q = [0.9999977464675903, 2.2539192312933666e-06]
[2020-11-29 19:09:13,130]:INFO:kabuto.neural_networks: NN 'nn1' is loaded.
[2020-11-29 19:09:13,131]:INFO:kabuto.neural_networks: Predicting from array:
[[ 7.64201999  5.73250652 11.15058168 ...  0.50930926  0.03592389
   0.42782033]
 [ 7.70590756  5.73604472 10.78491791 ...  0.50983851  0.0187596
   0.42809021]
 [ 7.93602091  5.49099812 10.95113318 ...  0.5090556   0.0357461
   0.42750137]
 ...
 [ 7.57282659  5.55719845 11.44878643 ...  0.50830621  0.04560611
   0.42643914]
 [ 7.6608479   5.67806116 11.33482092 ...  0.50830753  0.04707995
   0.42653835]
 [ 7.51471642  5.68317387 11.0800242  ...  0.50942554  0.0313214
   0.42753981]]
[2020-11-29 19:09:13,179]:INFO:kabuto: prediction for file '2020_11_29_19_09_12_200.txt'
[[9.9999869e-01 1.2594344e-06]
 [9.9999869e-01 1.2945534e-06]
 [9.9999905e-01 8.9522024e-07]
 [9.9999940e-01 5.9847054e-07]
 [9.9999833e-01 1.6095860e-06]
 [9.9999833e-01 1.6565560e-06]
 [9.9999821e-01 1.7331590e-06]
 [9.9999905e-01 9.0554653e-07]
 [9.9999917e-01 8.2498775e-07]
 [9.9999702e-01 2.9252926e-06]
 [9.9999893e-01 1.0628812e-06]
 [9.9999893e-01 1.0228474e-06]
 [9.9999833e-01 1.6447466e-06]
 [9.9999774e-01 2.3096447e-06]
 [9.9999857e-01 1.3809905e-06]
 [9.9999833e-01 1.6354354e-06]
 [9.9999785e-01 2.1760661e-06]
 [9.9999809e-01 1.9026841e-06]
 [9.9999833e-01 1.7230452e-06]
 [9.9999833e-01 1.7167239e-06]
 [9.9999893e-01 1.0526885e-06]
 [9.9999833e-01 1.6202048e-06]
 [9.9999905e-01 9.8238786e-07]
 [9.9999905e-01 9.1210063e-07]
 [9.9999833e-01 1.6183270e-06]
 [9.9999869e-01 1.3600730e-06]
 [9.9999833e-01 1.7122601e-06]
 [9.9999881e-01 1.1698183e-06]
 [9.9999893e-01 1.1145742e-06]
 [9.9999845e-01 1.5654133e-06]
 [9.9999917e-01 7.8246052e-07]
 [9.9999869e-01 1.3448894e-06]
 [9.9999905e-01 9.5053986e-07]
 [9.9999940e-01 5.5661997e-07]
 [9.9999690e-01 3.1257157e-06]
 [9.9999678e-01 3.1637971e-06]
 [9.9999881e-01 1.2300263e-06]
 [9.9999857e-01 1.4144382e-06]
 [9.9999928e-01 7.3933035e-07]
 [9.9999869e-01 1.3476780e-06]
 [9.9999690e-01 3.1025775e-06]
 [9.9999845e-01 1.5950845e-06]
 [9.9999774e-01 2.3086716e-06]
 [9.9999928e-01 6.9056381e-07]
 [9.9999833e-01 1.6231587e-06]
 [9.9999702e-01 3.0125841e-06]
 [9.9999821e-01 1.7448793e-06]
 [9.9999917e-01 7.7775940e-07]
 [9.9999821e-01 1.7780014e-06]
 [9.9999857e-01 1.3819127e-06]
 [9.9999928e-01 7.4197629e-07]
 [9.9999821e-01 1.7805501e-06]
 [9.9999821e-01 1.7600946e-06]
 [9.9999797e-01 2.0419341e-06]
 [9.9999917e-01 8.8326811e-07]
 [9.9999845e-01 1.5369798e-06]
 [9.9999821e-01 1.7967910e-06]
 [9.9999845e-01 1.5838718e-06]
 [9.9999869e-01 1.3072624e-06]
 [9.9999881e-01 1.1843327e-06]
 [9.9999750e-01 2.5185595e-06]
 [9.9999881e-01 1.2208487e-06]
 [9.9999833e-01 1.6492356e-06]
 [9.9999845e-01 1.5317047e-06]
 [9.9999905e-01 9.7419559e-07]
 [9.9999905e-01 9.7603868e-07]
 [9.9999881e-01 1.1702804e-06]
 [9.9999762e-01 2.3307405e-06]
 [9.9999881e-01 1.2078275e-06]
 [9.9999797e-01 2.0379302e-06]
 [9.9999905e-01 1.0054774e-06]
 [9.9999917e-01 8.5052494e-07]
 [9.9999869e-01 1.3065234e-06]
 [9.9999774e-01 2.2131289e-06]
 [9.9999833e-01 1.6387062e-06]
 [9.9999774e-01 2.2400625e-06]
 [9.9999821e-01 1.7590694e-06]
 [9.9999905e-01 9.2044388e-07]
 [9.9999869e-01 1.2839732e-06]
 [9.9999809e-01 1.8750194e-06]
 [9.9999845e-01 1.5134440e-06]
 [9.9999797e-01 1.9722802e-06]
 [9.9999833e-01 1.7153098e-06]
 [9.9999821e-01 1.7778539e-06]
 [9.9999726e-01 2.7626372e-06]
 [9.9999845e-01 1.5346407e-06]
 [9.9999833e-01 1.6290035e-06]
 [9.9999917e-01 8.4424823e-07]
 [9.9999821e-01 1.7432676e-06]
 [9.9999893e-01 1.0779834e-06]
 [9.9999857e-01 1.4629213e-06]
 [9.9999905e-01 9.7924408e-07]
 [9.9999917e-01 8.4388034e-07]
 [9.9999797e-01 2.0768111e-06]
 [9.9999881e-01 1.1412928e-06]
 [9.9999893e-01 1.0795903e-06]
 [9.9999940e-01 5.5482656e-07]
 [9.9999833e-01 1.6929541e-06]
 [9.9999869e-01 1.2574853e-06]
 [9.9999845e-01 1.5449316e-06]
 [9.9999809e-01 1.9578320e-06]
 [9.9999940e-01 5.6160013e-07]
 [9.9999845e-01 1.5330199e-06]
 [9.9999905e-01 9.5850771e-07]
 [9.9999928e-01 6.6490725e-07]
 [9.9999881e-01 1.1885713e-06]
 [9.9999869e-01 1.2525567e-06]
 [9.9999905e-01 9.1655465e-07]
 [9.9999905e-01 9.0191116e-07]
 [9.9999893e-01 1.1066254e-06]
 [9.9999869e-01 1.3141762e-06]
 [9.9999845e-01 1.4940470e-06]
 [9.9999833e-01 1.6344796e-06]
 [9.9999928e-01 7.6269220e-07]
 [9.9999857e-01 1.4005095e-06]
 [9.9999809e-01 1.8939182e-06]
 [9.9999905e-01 9.1222415e-07]
 [9.9999905e-01 9.4852686e-07]
 [9.9999738e-01 2.6169100e-06]
 [9.9999654e-01 3.4522700e-06]
 [9.9999833e-01 1.6868493e-06]
 [9.9999881e-01 1.1583693e-06]
 [9.9999928e-01 7.7289712e-07]
 [9.9999821e-01 1.8062179e-06]
 [9.9999642e-01 3.5872736e-06]
 [9.9999857e-01 1.4542178e-06]
 [9.9999833e-01 1.6578077e-06]
 [9.9999762e-01 2.4333738e-06]
 [9.9999774e-01 2.2381748e-06]
 [9.9999833e-01 1.6547797e-06]
 [9.9999833e-01 1.6582979e-06]
 [9.9999619e-01 3.8503699e-06]
 [9.9999893e-01 1.1039785e-06]
 [9.9999881e-01 1.2098161e-06]
 [9.9999893e-01 1.1132761e-06]
 [9.9999881e-01 1.1563925e-06]
 [9.9999762e-01 2.3964933e-06]
 [9.9999869e-01 1.2878068e-06]
 [9.9999905e-01 1.0022138e-06]
 [9.9999821e-01 1.7900267e-06]
 [9.9999833e-01 1.6440378e-06]
 [9.9999797e-01 2.0795462e-06]
 [9.9999809e-01 1.9569768e-06]
 [9.9999845e-01 1.5204402e-06]
 [9.9999809e-01 1.9322949e-06]
 [9.9999869e-01 1.3326048e-06]
 [9.9999857e-01 1.4017722e-06]
 [9.9999881e-01 1.1593386e-06]
 [9.9999928e-01 7.0880128e-07]
 [9.9999833e-01 1.6253088e-06]
 [9.9999785e-01 2.0996272e-06]
 [9.9999821e-01 1.8324583e-06]
 [9.9999857e-01 1.4465894e-06]
 [9.9999738e-01 2.5880208e-06]
 [9.9999845e-01 1.5530237e-06]
 [9.9999893e-01 1.1142150e-06]
 [9.9999738e-01 2.5714537e-06]
 [9.9999750e-01 2.5281806e-06]
 [9.9999833e-01 1.7192011e-06]
 [9.9999869e-01 1.3109367e-06]
 [9.9999881e-01 1.1340940e-06]
 [9.9999774e-01 2.3210052e-06]
 [9.9999821e-01 1.8219160e-06]
 [9.9999857e-01 1.4866180e-06]
 [9.9999821e-01 1.7670829e-06]
 [9.9999809e-01 1.9285872e-06]
 [9.9999738e-01 2.5888207e-06]
 [9.9999905e-01 9.7742281e-07]
 [9.9999893e-01 1.1002704e-06]
 [9.9999678e-01 3.2572611e-06]
 [9.9999678e-01 3.2017688e-06]
 [9.9999797e-01 2.0314046e-06]
 [9.9999845e-01 1.5504355e-06]
 [9.9999833e-01 1.6874832e-06]
 [9.9999785e-01 2.1861649e-06]
 [9.9999702e-01 3.0283491e-06]
 [9.9999869e-01 1.2953104e-06]
 [9.9999881e-01 1.1953074e-06]
 [9.9999821e-01 1.7991281e-06]
 [9.9999797e-01 1.9823347e-06]
 [9.9999726e-01 2.6831895e-06]
 [9.9999845e-01 1.5208678e-06]
 [9.9999928e-01 6.6217865e-07]
 [9.9999452e-01 5.5103646e-06]
 [9.9999678e-01 3.2078112e-06]
 [9.9999797e-01 1.9754200e-06]
 [9.9999833e-01 1.6141591e-06]
 [9.9999881e-01 1.1869922e-06]
 [9.9999762e-01 2.3933233e-06]
 [9.9999845e-01 1.5625109e-06]
 [9.9999607e-01 3.8967851e-06]
 [9.9999774e-01 2.3182158e-06]
 [9.9999797e-01 2.0667821e-06]
 [9.9999785e-01 2.1842643e-06]
 [9.9999714e-01 2.8871784e-06]
 [9.9999797e-01 1.9765412e-06]
 [9.9999428e-01 5.7089746e-06]
 [9.9999797e-01 2.0038856e-06]
 [9.9999774e-01 2.2333049e-06]
 [9.9999714e-01 2.8658142e-06]
 [9.9999678e-01 3.1919792e-06]
 [9.9999368e-01 6.3593866e-06]
 [9.9999821e-01 1.7667644e-06]
 [9.9999654e-01 3.4247998e-06]
 [9.9999559e-01 4.3606419e-06]
 [9.9999893e-01 1.1146401e-06]
 [9.9999750e-01 2.4908325e-06]
 [9.9999702e-01 2.9435889e-06]
 [9.9999762e-01 2.4346225e-06]
 [9.9999702e-01 2.9508799e-06]
 [9.9999797e-01 2.0735024e-06]
 [9.9999833e-01 1.6661782e-06]
 [9.9999821e-01 1.8062231e-06]
 [9.9999833e-01 1.6960131e-06]
 [9.9999905e-01 9.2461488e-07]
 [9.9999809e-01 1.8840067e-06]
 [9.9999857e-01 1.4388596e-06]
 [9.9999797e-01 2.0721977e-06]
 [9.9999857e-01 1.4656430e-06]
 [9.9999857e-01 1.3861417e-06]
 [9.9999726e-01 2.7164494e-06]
 [9.9999857e-01 1.4092087e-06]
 [9.9999869e-01 1.3428274e-06]
 [9.9999905e-01 9.9005138e-07]
 [9.9999762e-01 2.3384571e-06]
 [9.9999821e-01 1.7575853e-06]
 [9.9999940e-01 6.5528531e-07]
 [9.9999702e-01 2.9533066e-06]
 [9.9999738e-01 2.6047992e-06]
 [9.9999535e-01 4.6238824e-06]
 [9.9999893e-01 1.0816639e-06]
 [9.9999762e-01 2.4083108e-06]
 [9.9999774e-01 2.2739107e-06]
 [9.9999845e-01 1.5928150e-06]
 [9.9999857e-01 1.4735123e-06]
 [9.9999619e-01 3.8325466e-06]
 [9.9999785e-01 2.1567387e-06]
 [9.9999797e-01 2.0307616e-06]
 [9.9999714e-01 2.8518875e-06]
 [9.9999833e-01 1.6416532e-06]
 [9.9999857e-01 1.3792925e-06]
 [9.9999857e-01 1.3729106e-06]
 [9.9999893e-01 1.1280018e-06]
 [9.9999809e-01 1.9225949e-06]
 [9.9999654e-01 3.4799104e-06]
 [9.9999750e-01 2.4487288e-06]
 [9.9999845e-01 1.5714667e-06]
 [9.9999738e-01 2.6068492e-06]
 [9.9999785e-01 2.0946611e-06]
 [9.9999797e-01 1.9770332e-06]]
[2020-11-29 19:09:13,179]:INFO:kabuto: Q = [0.9999982118606567, 1.784686454129769e-06]
[2020-11-29 19:09:13,226]:INFO:kabuto.neural_networks: NN 'nn1' is loaded.
[2020-11-29 19:09:13,226]:INFO:kabuto.neural_networks: Predicting from array:
[[ 7.29830382  5.51729911 11.14236498 ...  0.50949467  0.03441474
   0.42779258]
 [ 7.44666872  5.55349718 10.88185004 ...  0.50962452  0.02363636
   0.42754492]
 [ 7.17564855  5.80479624 11.19298304 ...  0.50925304  0.02704372
   0.42812067]
 ...
 [ 7.698534    5.79830601 10.80052133 ...  0.50806314  0.05023317
   0.42630554]
 [ 7.86908778  5.90994403 10.92878416 ...  0.50893589  0.03706738
   0.42765787]
 [ 7.88357815  5.54963483 11.1096262  ...  0.50963775  0.02489806
   0.42798598]]
[2020-11-29 19:09:13,277]:INFO:kabuto: prediction for file '2020_11_29_19_09_12_300.txt'
[[9.9999785e-01 2.1135274e-06]
 [9.9999797e-01 1.9898846e-06]
 [9.9999809e-01 1.9003845e-06]
 [9.9999750e-01 2.4833469e-06]
 [9.9999690e-01 3.0421941e-06]
 [9.9999881e-01 1.1336820e-06]
 [9.9999857e-01 1.4491052e-06]
 [9.9999619e-01 3.8019673e-06]
 [9.9999654e-01 3.4999600e-06]
 [9.9999869e-01 1.3261316e-06]
 [9.9999666e-01 3.3851293e-06]
 [9.9999607e-01 3.8959456e-06]
 [9.9999821e-01 1.7951073e-06]
 [9.9999833e-01 1.6740510e-06]
 [9.9999750e-01 2.5378240e-06]
 [9.9999797e-01 2.0728264e-06]
 [9.9999774e-01 2.2435793e-06]
 [9.9999917e-01 8.8860361e-07]
 [9.9999833e-01 1.6485673e-06]
 [9.9999893e-01 1.0268105e-06]
 [9.9999893e-01 1.1258277e-06]
 [9.9999750e-01 2.4853559e-06]
 [9.9999714e-01 2.9169967e-06]
 [9.9999917e-01 8.4060002e-07]
 [9.9999893e-01 1.1015786e-06]
 [9.9999821e-01 1.8061353e-06]
 [9.9999857e-01 1.4872887e-06]
 [9.9999654e-01 3.4594316e-06]
 [9.9999774e-01 2.3044920e-06]
 [9.9999809e-01 1.9546751e-06]
 [9.9999535e-01 4.6355385e-06]
 [9.9999785e-01 2.1161695e-06]
 [9.9999762e-01 2.4387823e-06]
 [9.9999762e-01 2.3687699e-06]
 [9.9999797e-01 2.0431983e-06]
 [9.9999845e-01 1.5869987e-06]
 [9.9999738e-01 2.6307050e-06]
 [9.9999750e-01 2.4847657e-06]
 [9.9999702e-01 2.9224177e-06]
 [9.9999619e-01 3.8217649e-06]
 [9.9999774e-01 2.2723261e-06]
 [9.9999726e-01 2.6906230e-06]
 [9.9999726e-01 2.7486824e-06]
 [9.9999797e-01 2.0243149e-06]
 [9.9999917e-01 8.7338657e-07]
 [9.9999881e-01 1.1497879e-06]
 [9.9999857e-01 1.4708755e-06]
 [9.9999499e-01 4.9779405e-06]
 [9.9999738e-01 2.6784471e-06]
 [9.9999881e-01 1.2433831e-06]
 [9.9999750e-01 2.5075756e-06]
 [9.9999774e-01 2.2510055e-06]
 [9.9999869e-01 1.3373588e-06]
 [9.9999869e-01 1.3301176e-06]
 [9.9999523e-01 4.8060228e-06]
 [9.9999774e-01 2.2219308e-06]
 [9.9999905e-01 9.2172110e-07]
 [9.9999762e-01 2.4081776e-06]
 [9.9999762e-01 2.3990865e-06]
 [9.9999833e-01 1.7217114e-06]
 [9.9999762e-01 2.3639877e-06]
 [9.9999702e-01 2.9537969e-06]
 [9.9999905e-01 9.6027361e-07]
 [9.9999571e-01 4.2804986e-06]
 [9.9999678e-01 3.2636106e-06]
 [9.9999607e-01 3.8845592e-06]
 [9.9999785e-01 2.0985901e-06]
 [9.9999857e-01 1.3822026e-06]
 [9.9999774e-01 2.2142012e-06]
 [9.9999905e-01 1.0101832e-06]
 [9.9999845e-01 1.5707579e-06]
 [9.9999797e-01 1.9933566e-06]
 [9.9999833e-01 1.6776133e-06]
 [9.9999726e-01 2.7079886e-06]
 [9.9999619e-01 3.7873688e-06]
 [9.9999881e-01 1.2437365e-06]
 [9.9999785e-01 2.1342216e-06]
 [9.9999785e-01 2.1348628e-06]
 [9.9999774e-01 2.2932145e-06]
 [9.9999833e-01 1.6864665e-06]
 [9.9999893e-01 1.0369791e-06]
 [9.9999726e-01 2.8001541e-06]
 [9.9999809e-01 1.9392974e-06]
 [9.9999845e-01 1.6040864e-06]
 [9.9999869e-01 1.2803233e-06]
 [9.9999869e-01 1.3664969e-06]
 [9.9999845e-01 1.5065390e-06]
 [9.9999797e-01 2.0040115e-06]
 [9.9999845e-01 1.5894220e-06]
 [9.9999762e-01 2.4045930e-06]
 [9.9999821e-01 1.7953607e-06]
 [9.9999785e-01 2.1392038e-06]
 [9.9999774e-01 2.2056238e-06]
 [9.9999833e-01 1.6461557e-06]
 [9.9999881e-01 1.1750982e-06]
 [9.9999285e-01 7.1273057e-06]
 [9.9999821e-01 1.7463077e-06]
 [9.9999821e-01 1.8179172e-06]
 [9.9999738e-01 2.6097821e-06]
 [9.9999619e-01 3.8084777e-06]
 [9.9999499e-01 5.0257181e-06]
 [9.9999797e-01 1.9752354e-06]
 [9.9999642e-01 3.5405944e-06]
 [9.9999833e-01 1.6212033e-06]
 [9.9999678e-01 3.1956647e-06]
 [9.9999785e-01 2.2004115e-06]
 [9.9999690e-01 3.1409015e-06]
 [9.9999595e-01 4.0547015e-06]
 [9.9999726e-01 2.7736535e-06]
 [9.9999845e-01 1.5778955e-06]
 [9.9999797e-01 2.0545979e-06]
 [9.9999738e-01 2.5954112e-06]
 [9.9999845e-01 1.5481129e-06]
 [9.9999869e-01 1.3339285e-06]
 [9.9999797e-01 2.0613629e-06]
 [9.9999857e-01 1.3985209e-06]
 [9.9999869e-01 1.3452254e-06]
 [9.9999654e-01 3.4035413e-06]
 [9.9999881e-01 1.1401288e-06]
 [9.9999881e-01 1.2274296e-06]
 [9.9999690e-01 3.1131735e-06]
 [9.9999869e-01 1.3520653e-06]
 [9.9999869e-01 1.2838410e-06]
 [9.9999762e-01 2.4205838e-06]
 [9.9999893e-01 1.0727244e-06]
 [9.9999797e-01 1.9680788e-06]
 [9.9999869e-01 1.3603104e-06]
 [9.9999869e-01 1.3272045e-06]
 [9.9999893e-01 1.0189433e-06]
 [9.9999797e-01 2.0475404e-06]
 [9.9999905e-01 9.8143937e-07]
 [9.9999774e-01 2.2214751e-06]
 [9.9999905e-01 9.8094529e-07]
 [9.9999809e-01 1.9076297e-06]
 [9.9999905e-01 9.0770635e-07]
 [9.9999845e-01 1.5070635e-06]
 [9.9999881e-01 1.2453032e-06]
 [9.9999821e-01 1.7763405e-06]
 [9.9999762e-01 2.3796995e-06]
 [9.9999917e-01 7.8002722e-07]
 [9.9999905e-01 9.7933093e-07]
 [9.9999821e-01 1.7833711e-06]
 [9.9999905e-01 9.9169176e-07]
 [9.9999857e-01 1.4098970e-06]
 [9.9999893e-01 1.0312207e-06]
 [9.9999845e-01 1.5558018e-06]
 [9.9999797e-01 2.0468531e-06]
 [9.9999857e-01 1.4278720e-06]
 [9.9999678e-01 3.2266896e-06]
 [9.9999821e-01 1.8250932e-06]
 [9.9999833e-01 1.6101095e-06]
 [9.9999666e-01 3.3325207e-06]
 [9.9999702e-01 2.9227131e-06]
 [9.9999940e-01 5.7087834e-07]
 [9.9999940e-01 5.7527075e-07]
 [9.9999726e-01 2.7373137e-06]
 [9.9999869e-01 1.2753646e-06]
 [9.9999785e-01 2.1673243e-06]
 [9.9999845e-01 1.5938452e-06]
 [9.9999893e-01 1.1104503e-06]
 [9.9999774e-01 2.2076356e-06]
 [9.9999857e-01 1.4312108e-06]
 [9.9999881e-01 1.2495716e-06]
 [9.9999452e-01 5.4418470e-06]
 [9.9999678e-01 3.1601301e-06]
 [9.9999821e-01 1.7548921e-06]
 [9.9999845e-01 1.5706921e-06]
 [9.9999857e-01 1.4240766e-06]
 [9.9999785e-01 2.1533456e-06]
 [9.9999547e-01 4.5592910e-06]
 [9.9999857e-01 1.3903174e-06]
 [9.9999797e-01 2.0335660e-06]
 [9.9999797e-01 2.0288066e-06]
 [9.9999833e-01 1.6264934e-06]
 [9.9999881e-01 1.1858675e-06]
 [9.9999738e-01 2.6596215e-06]
 [9.9999797e-01 2.0143145e-06]
 [9.9999809e-01 1.9183149e-06]
 [9.9999905e-01 9.2693955e-07]
 [9.9999750e-01 2.4928356e-06]
 [9.9999869e-01 1.3405025e-06]
 [9.9999881e-01 1.2297952e-06]
 [9.9999630e-01 3.7285233e-06]
 [9.9999809e-01 1.9240588e-06]
 [9.9999917e-01 8.1700318e-07]
 [9.9999762e-01 2.3838129e-06]
 [9.9999845e-01 1.5372568e-06]
 [9.9999785e-01 2.1657829e-06]
 [9.9999893e-01 1.0774716e-06]
 [9.9999857e-01 1.4499111e-06]
 [9.9999905e-01 9.7885470e-07]
 [9.9999857e-01 1.3777518e-06]
 [9.9999869e-01 1.2685354e-06]
 [9.9999833e-01 1.6286230e-06]
 [9.9999881e-01 1.2353506e-06]
 [9.9999869e-01 1.2685789e-06]
 [9.9999785e-01 2.1017127e-06]
 [9.9999785e-01 2.0881689e-06]
 [9.9999905e-01 9.4165171e-07]
 [9.9999952e-01 4.5924071e-07]
 [9.9999917e-01 8.0360525e-07]
 [9.9999785e-01 2.1393753e-06]
 [9.9999869e-01 1.2869583e-06]
 [9.9999893e-01 1.0345570e-06]
 [9.9999940e-01 6.5006560e-07]
 [9.9999857e-01 1.4618112e-06]
 [9.9999821e-01 1.8360619e-06]
 [9.9999881e-01 1.2067704e-06]
 [9.9999893e-01 1.1118077e-06]
 [9.9999881e-01 1.1622722e-06]
 [9.9999881e-01 1.2357465e-06]
 [9.9999917e-01 8.2276972e-07]
 [9.9999857e-01 1.4087652e-06]
 [9.9999857e-01 1.4870320e-06]
 [9.9999738e-01 2.5817963e-06]
 [9.9999702e-01 2.9356611e-06]
 [9.9999821e-01 1.7407474e-06]
 [9.9999893e-01 1.0397290e-06]
 [9.9999857e-01 1.4465329e-06]
 [9.9999857e-01 1.4417180e-06]
 [9.9999893e-01 1.0847050e-06]
 [9.9999857e-01 1.3815411e-06]
 [9.9999821e-01 1.7329177e-06]
 [9.9999785e-01 2.1783501e-06]
 [9.9999881e-01 1.2457047e-06]
 [9.9999893e-01 1.0965119e-06]
 [9.9999714e-01 2.9204816e-06]
 [9.9999785e-01 2.1831106e-06]
 [9.9999881e-01 1.1602367e-06]
 [9.9999797e-01 2.0284797e-06]
 [9.9999750e-01 2.4871911e-06]
 [9.9999845e-01 1.5739790e-06]
 [9.9999797e-01 2.0050936e-06]
 [9.9999726e-01 2.7706371e-06]
 [9.9999833e-01 1.6780677e-06]
 [9.9999774e-01 2.2326108e-06]
 [9.9999833e-01 1.7181586e-06]
 [9.9999821e-01 1.8408555e-06]
 [9.9999857e-01 1.4203100e-06]
 [9.9999857e-01 1.3983474e-06]
 [9.9999666e-01 3.2997007e-06]
 [9.9999833e-01 1.6905211e-06]
 [9.9999821e-01 1.7526844e-06]
 [9.9999857e-01 1.4300306e-06]
 [9.9999893e-01 1.0186149e-06]
 [9.9999905e-01 9.8488886e-07]
 [9.9999821e-01 1.8008001e-06]
 [9.9999881e-01 1.1652821e-06]
 [9.9999857e-01 1.4423011e-06]
 [9.9999928e-01 6.8038366e-07]]
[2020-11-29 19:09:13,277]:INFO:kabuto: Q = [0.9999980344772339, 1.964911212780862e-06]
[2020-11-29 19:09:13,320]:INFO:kabuto.neural_networks: NN 'nn1' is loaded.
[2020-11-29 19:09:13,321]:INFO:kabuto.neural_networks: Predicting from array:
[[ 7.48588617  5.93704448 10.79392025 ...  0.50769722  0.05404368
   0.42565025]
 [ 7.9849226   5.7015785  10.97763657 ...  0.50895819  0.03656212
   0.42670462]
 [ 7.23806791  5.72722577 11.00995964 ...  0.50838249  0.04179692
   0.42759115]
 ...
 [ 7.64606591  5.72359553 11.04045384 ...  0.50865419  0.04875126
   0.42596092]
 [ 7.43908405  5.41921881 10.08642298 ...  0.50543611  0.07730614
   0.42212219]
 [ 7.19302176  5.67196883 10.74382254 ...  0.50569614  0.06532377
   0.42518564]]
[2020-11-29 19:09:13,368]:INFO:kabuto: prediction for file '2020_11_29_19_09_12_250.txt'
[[9.9999774e-01 2.2877491e-06]
 [9.9999881e-01 1.1581053e-06]
 [9.9999821e-01 1.7815216e-06]
 [9.9999869e-01 1.2978588e-06]
 [9.9999869e-01 1.3484159e-06]
 [9.9999666e-01 3.2856453e-06]
 [9.9999797e-01 2.0833456e-06]
 [9.9999797e-01 2.0161037e-06]
 [9.9999869e-01 1.2889617e-06]
 [9.9999690e-01 3.0951626e-06]
 [9.9999702e-01 2.9653011e-06]
 [9.9999833e-01 1.6127112e-06]
 [9.9999869e-01 1.2806860e-06]
 [9.9999917e-01 8.6015513e-07]
 [9.9999845e-01 1.5191762e-06]
 [9.9999774e-01 2.3192508e-06]
 [9.9999857e-01 1.3741405e-06]
 [9.9999416e-01 5.7975726e-06]
 [9.9999738e-01 2.5910165e-06]
 [9.9999869e-01 1.3237131e-06]
 [9.9999785e-01 2.1032165e-06]
 [9.9999642e-01 3.5435266e-06]
 [9.9999869e-01 1.2525495e-06]
 [9.9999857e-01 1.4233935e-06]
 [9.9999738e-01 2.6617377e-06]
 [9.9999833e-01 1.6536266e-06]
 [9.9999857e-01 1.3842870e-06]
 [9.9999785e-01 2.2008312e-06]
 [9.9999869e-01 1.2765365e-06]
 [9.9999917e-01 8.5514949e-07]
 [9.9999881e-01 1.1618931e-06]
 [9.9999845e-01 1.5903090e-06]
 [9.9999833e-01 1.6815810e-06]
 [9.9999845e-01 1.5538860e-06]
 [9.9999762e-01 2.3786602e-06]
 [9.9999821e-01 1.8465382e-06]
 [9.9999821e-01 1.7995949e-06]
 [9.9999774e-01 2.2851152e-06]
 [9.9999869e-01 1.3042079e-06]
 [9.9999666e-01 3.3480533e-06]
 [9.9999785e-01 2.1550486e-06]
 [9.9999893e-01 1.1094140e-06]
 [9.9999833e-01 1.6781783e-06]
 [9.9999774e-01 2.2476590e-06]
 [9.9999750e-01 2.5329928e-06]
 [9.9999785e-01 2.1660330e-06]
 [9.9999702e-01 2.9467797e-06]
 [9.9999845e-01 1.5411996e-06]
 [9.9999809e-01 1.9152310e-06]
 [9.9999738e-01 2.5749334e-06]
 [9.9999845e-01 1.5060103e-06]
 [9.9999869e-01 1.2566990e-06]
 [9.9999845e-01 1.5677051e-06]
 [9.9999821e-01 1.8320984e-06]
 [9.9999774e-01 2.2106228e-06]
 [9.9999607e-01 3.9522288e-06]
 [9.9999785e-01 2.1821220e-06]
 [9.9999809e-01 1.8701976e-06]
 [9.9999750e-01 2.5017307e-06]
 [9.9999881e-01 1.1941748e-06]
 [9.9999785e-01 2.2039271e-06]
 [9.9999738e-01 2.5700219e-06]
 [9.9999785e-01 2.1097212e-06]
 [9.9999857e-01 1.4000555e-06]
 [9.9999821e-01 1.7554278e-06]
 [9.9999869e-01 1.2576916e-06]
 [9.9999893e-01 1.1283838e-06]
 [9.9999774e-01 2.3216762e-06]
 [9.9999881e-01 1.2369703e-06]
 [9.9999893e-01 1.0273345e-06]
 [9.9999869e-01 1.2814985e-06]
 [9.9999893e-01 1.0323739e-06]
 [9.9999881e-01 1.2144735e-06]
 [9.9999881e-01 1.1687300e-06]
 [9.9999952e-01 4.6238594e-07]
 [9.9999619e-01 3.7987706e-06]
 [9.9999857e-01 1.4498862e-06]
 [9.9999857e-01 1.4305845e-06]
 [9.9999917e-01 8.2275716e-07]
 [9.9999881e-01 1.1726734e-06]
 [9.9999821e-01 1.7853519e-06]
 [9.9999785e-01 2.1209539e-06]
 [9.9999917e-01 7.8938899e-07]
 [9.9999857e-01 1.4611978e-06]
 [9.9999726e-01 2.7404506e-06]
 [9.9999869e-01 1.2744905e-06]
 [9.9999821e-01 1.8262023e-06]
 [9.9999821e-01 1.8159037e-06]
 [9.9999869e-01 1.3329303e-06]
 [9.9999917e-01 7.8512153e-07]
 [9.9999785e-01 2.1344108e-06]
 [9.9999881e-01 1.2339329e-06]
 [9.9999881e-01 1.2509214e-06]
 [9.9999857e-01 1.4532154e-06]
 [9.9999809e-01 1.8699337e-06]
 [9.9999738e-01 2.5737550e-06]
 [9.9999797e-01 2.0288026e-06]
 [9.9999511e-01 4.8444090e-06]
 [9.9999869e-01 1.3305934e-06]
 [9.9999869e-01 1.3484455e-06]
 [9.9999893e-01 1.1006041e-06]
 [9.9999511e-01 4.9173664e-06]
 [9.9999607e-01 3.8839853e-06]
 [9.9999821e-01 1.8138769e-06]
 [9.9999893e-01 1.1267944e-06]
 [9.9999845e-01 1.5572699e-06]
 [9.9999785e-01 2.1160483e-06]
 [9.9999964e-01 3.8599913e-07]
 [9.9999869e-01 1.3553445e-06]
 [9.9999678e-01 3.2577145e-06]
 [9.9999893e-01 1.1264162e-06]
 [9.9999857e-01 1.4264674e-06]
 [9.9999881e-01 1.1749974e-06]
 [9.9999785e-01 2.1726198e-06]
 [9.9999678e-01 3.2570001e-06]
 [9.9999368e-01 6.3302214e-06]
 [9.9999726e-01 2.6908488e-06]
 [9.9999726e-01 2.7010094e-06]
 [9.9999857e-01 1.4887645e-06]
 [9.9999774e-01 2.2303122e-06]
 [9.9999762e-01 2.3891660e-06]
 [9.9999666e-01 3.2869116e-06]
 [9.9999237e-01 7.6663619e-06]
 [9.9999928e-01 7.3352504e-07]
 [9.9999738e-01 2.6715973e-06]
 [9.9999666e-01 3.3426584e-06]
 [9.9999630e-01 3.7113284e-06]
 [9.9999726e-01 2.7488661e-06]
 [9.9999893e-01 1.0662590e-06]
 [9.9999857e-01 1.4353593e-06]
 [9.9999404e-01 5.9662470e-06]
 [9.9999917e-01 7.9734014e-07]
 [9.9999702e-01 2.9643229e-06]
 [9.9999881e-01 1.2280291e-06]
 [9.9999583e-01 4.1878861e-06]
 [9.9999869e-01 1.3495352e-06]
 [9.9999869e-01 1.2596746e-06]
 [9.9999881e-01 1.1514711e-06]
 [9.9999881e-01 1.1574164e-06]
 [9.9999738e-01 2.6550294e-06]
 [9.9999774e-01 2.2726188e-06]
 [9.9999833e-01 1.7163751e-06]
 [9.9999750e-01 2.4609260e-06]
 [9.9999869e-01 1.3626282e-06]
 [9.9999905e-01 1.0057997e-06]
 [9.9999785e-01 2.1032627e-06]
 [9.9999917e-01 8.3595046e-07]
 [9.9999785e-01 2.1608028e-06]
 [9.9999845e-01 1.5132506e-06]
 [9.9999857e-01 1.3785049e-06]
 [9.9999797e-01 2.0071714e-06]
 [9.9999845e-01 1.5078240e-06]
 [9.9999845e-01 1.5193950e-06]
 [9.9999666e-01 3.2791656e-06]
 [9.9999702e-01 2.9768701e-06]
 [9.9999893e-01 1.0556543e-06]
 [9.9999571e-01 4.3104433e-06]
 [9.9999881e-01 1.1327438e-06]
 [9.9999893e-01 1.0478727e-06]
 [9.9999499e-01 4.9998548e-06]
 [9.9999774e-01 2.3032858e-06]
 [9.9999785e-01 2.0913658e-06]
 [9.9999833e-01 1.6534941e-06]
 [9.9999607e-01 3.9455181e-06]
 [9.9999881e-01 1.2407357e-06]
 [9.9999881e-01 1.2339023e-06]
 [9.9999750e-01 2.5283857e-06]
 [9.9999678e-01 3.1984362e-06]
 [9.9999654e-01 3.4767725e-06]
 [9.9999940e-01 5.9866238e-07]
 [9.9999821e-01 1.8317944e-06]
 [9.9999905e-01 9.4060158e-07]
 [9.9999881e-01 1.2286488e-06]
 [9.9999905e-01 9.7077145e-07]
 [9.9999940e-01 6.0762966e-07]
 [9.9999797e-01 2.0315210e-06]
 [9.9999666e-01 3.3378960e-06]
 [9.9999893e-01 1.0261732e-06]
 [9.9999869e-01 1.3148281e-06]
 [9.9999857e-01 1.4794995e-06]
 [9.9999750e-01 2.4656313e-06]
 [9.9999845e-01 1.5207069e-06]
 [9.9999857e-01 1.4694483e-06]
 [9.9999821e-01 1.7784729e-06]
 [9.9999821e-01 1.7682579e-06]
 [9.9999917e-01 8.1130645e-07]
 [9.9999833e-01 1.6693638e-06]
 [9.9999893e-01 1.0194584e-06]
 [9.9999928e-01 7.3335576e-07]
 [9.9999869e-01 1.2914867e-06]
 [9.9999893e-01 1.0614732e-06]
 [9.9999797e-01 2.0118589e-06]
 [9.9999774e-01 2.3233440e-06]
 [9.9999893e-01 1.0258376e-06]
 [9.9999893e-01 1.0390629e-06]
 [9.9999869e-01 1.3060151e-06]
 [9.9999881e-01 1.2441980e-06]
 [9.9999797e-01 2.0115519e-06]
 [9.9999738e-01 2.5773313e-06]
 [9.9999881e-01 1.1355095e-06]
 [9.9999714e-01 2.8373306e-06]
 [9.9999881e-01 1.1570786e-06]
 [9.9999809e-01 1.9668746e-06]
 [9.9999833e-01 1.6506077e-06]
 [9.9999499e-01 4.9830037e-06]
 [9.9999821e-01 1.7542262e-06]
 [9.9999821e-01 1.7763100e-06]
 [9.9999774e-01 2.2438276e-06]
 [9.9999797e-01 2.0463124e-06]
 [9.9999869e-01 1.2743823e-06]
 [9.9999654e-01 3.4467171e-06]
 [9.9999869e-01 1.3483401e-06]
 [9.9999845e-01 1.5260795e-06]
 [9.9999857e-01 1.3991171e-06]
 [9.9999905e-01 9.6084057e-07]
 [9.9999833e-01 1.6563317e-06]
 [9.9999881e-01 1.2480710e-06]
 [9.9999845e-01 1.5398656e-06]
 [9.9999857e-01 1.4561093e-06]
 [9.9999785e-01 2.0897030e-06]
 [9.9999714e-01 2.8986472e-06]
 [9.9999821e-01 1.7448976e-06]
 [9.9999738e-01 2.6572459e-06]
 [9.9999785e-01 2.1739111e-06]
 [9.9999535e-01 4.6239707e-06]
 [9.9999797e-01 2.0677403e-06]
 [9.9999809e-01 1.8600837e-06]
 [9.9999881e-01 1.2465104e-06]
 [9.9999833e-01 1.6481004e-06]
 [9.9999905e-01 9.5095243e-07]
 [9.9999881e-01 1.1358799e-06]
 [9.9999928e-01 7.7401830e-07]
 [9.9999833e-01 1.6609332e-06]
 [9.9999809e-01 1.8605698e-06]
 [9.9999881e-01 1.2146519e-06]
 [9.9999869e-01 1.3000057e-06]
 [9.9999905e-01 8.9669669e-07]
 [9.9999809e-01 1.9245249e-06]
 [9.9999785e-01 2.1149408e-06]
 [9.9999762e-01 2.3753935e-06]
 [9.9999869e-01 1.3583619e-06]
 [9.9999845e-01 1.5199356e-06]
 [9.9999809e-01 1.8886551e-06]
 [9.9999738e-01 2.5645547e-06]
 [9.9999869e-01 1.2903835e-06]
 [9.9999750e-01 2.5530348e-06]
 [9.9999797e-01 2.0357372e-06]
 [9.9999797e-01 2.0508940e-06]
 [9.9999642e-01 3.6235965e-06]
 [9.9999690e-01 3.0914484e-06]]
[2020-11-29 19:09:13,368]:INFO:kabuto: Q = [0.9999980387687684, 1.9587154283726704e-06]
[2020-11-29 19:09:13,409]:INFO:kabuto.neural_networks: NN 'nn1' is loaded.
[2020-11-29 19:09:13,409]:INFO:kabuto.neural_networks: Predicting from array:
[[ 7.20189201  5.38531606 10.55036958 ...  0.50741319  0.05830507
   0.42457417]
 [ 7.4407425   5.26648109 10.60845751 ...  0.50433926  0.07283221
   0.42379857]
 [ 7.20000775  5.69400781 10.93385756 ...  0.50779779  0.03641678
   0.42723922]
 ...
 [ 7.50887246  5.38965184 11.09829644 ...  0.50458701  0.07589958
   0.42365116]
 [ 7.41480226  5.75335338 10.19318417 ...  0.5032295   0.09352527
   0.41905119]
 [ 6.99879374  5.69370288 10.55855009 ...  0.5071107   0.05488893
   0.42558297]]
[2020-11-29 19:09:13,512]:INFO:kabuto: prediction for file '2020_11_29_19_09_12_50.txt'
[[9.9999905e-01 9.5402902e-07]
 [9.9999654e-01 3.4789018e-06]
 [9.9999893e-01 1.0367527e-06]
 [9.9999666e-01 3.3861754e-06]
 [9.9999523e-01 4.7193762e-06]
 [9.9999785e-01 2.1556859e-06]
 [9.9999809e-01 1.8740916e-06]
 [9.9999523e-01 4.7699814e-06]
 [9.9999368e-01 6.3110888e-06]
 [9.9999666e-01 3.2974074e-06]
 [9.9999797e-01 2.0572252e-06]
 [9.9999774e-01 2.2104964e-06]
 [9.9999607e-01 3.9906899e-06]
 [9.9999905e-01 9.6174915e-07]
 [9.9999809e-01 1.9281808e-06]
 [9.9999380e-01 6.1420415e-06]
 [9.9999595e-01 4.0980040e-06]
 [9.9999774e-01 2.2862159e-06]
 [9.9999738e-01 2.6294683e-06]
 [9.9999869e-01 1.2982538e-06]
 [9.9999797e-01 1.9759061e-06]
 [9.9999642e-01 3.5514568e-06]
 [9.9999440e-01 5.6564504e-06]
 [9.9999833e-01 1.6148366e-06]
 [9.9999678e-01 3.2451687e-06]
 [9.9999535e-01 4.7030044e-06]
 [9.9999654e-01 3.4662378e-06]
 [9.9999714e-01 2.8937279e-06]
 [9.9999762e-01 2.4070434e-06]
 [9.9999881e-01 1.1950680e-06]
 [9.9999833e-01 1.6992431e-06]
 [9.9999702e-01 3.0030205e-06]
 [9.9999821e-01 1.8317106e-06]
 [9.9999917e-01 7.8941758e-07]
 [9.9999452e-01 5.5317992e-06]
 [9.9999642e-01 3.5908708e-06]
 [9.9999690e-01 3.0552717e-06]
 [9.9999011e-01 9.9232675e-06]
 [9.9999869e-01 1.3439354e-06]
 [9.9999511e-01 4.8320248e-06]
 [9.9999297e-01 6.9977759e-06]
 [9.9999702e-01 3.0146991e-06]
 [9.9999714e-01 2.8878778e-06]
 [9.9999940e-01 6.3819965e-07]
 [9.9999869e-01 1.2687773e-06]
 [9.9998939e-01 1.0608159e-05]
 [9.9999690e-01 3.0693775e-06]
 [9.9999809e-01 1.9227455e-06]
 [9.9999619e-01 3.8204603e-06]
 [9.9999762e-01 2.3980845e-06]
 [9.9999762e-01 2.3362952e-06]
 [9.9999487e-01 5.1496995e-06]
 [9.9999571e-01 4.2744937e-06]
 [9.9999893e-01 1.0767442e-06]
 [9.9999678e-01 3.2310500e-06]
 [9.9999630e-01 3.7032144e-06]
 [9.9999571e-01 4.2527117e-06]
 [9.9999630e-01 3.7538052e-06]
 [9.9999821e-01 1.7877337e-06]
 [9.9999833e-01 1.6806126e-06]
 [9.9999833e-01 1.6983325e-06]
 [9.9999774e-01 2.2507995e-06]
 [9.9999809e-01 1.8606266e-06]
 [9.9999726e-01 2.7331816e-06]
 [9.9999762e-01 2.4171973e-06]
 [9.9999869e-01 1.3421194e-06]
 [9.9999881e-01 1.1903238e-06]
 [9.9999702e-01 3.0100741e-06]
 [9.9999845e-01 1.6008053e-06]
 [9.9999928e-01 7.0011538e-07]
 [9.9999845e-01 1.5137703e-06]
 [9.9999535e-01 4.6329619e-06]
 [9.9999905e-01 8.9465010e-07]
 [9.9999881e-01 1.2033619e-06]
 [9.9999869e-01 1.3292362e-06]
 [9.9999833e-01 1.6773109e-06]
 [9.9999642e-01 3.5478006e-06]
 [9.9999905e-01 9.0899363e-07]
 [9.9999809e-01 1.8553799e-06]
 [9.9999785e-01 2.1973058e-06]
 [9.9999762e-01 2.3519660e-06]
 [9.9999785e-01 2.1382575e-06]
 [9.9999857e-01 1.4566205e-06]
 [9.9999571e-01 4.2902170e-06]
 [9.9999511e-01 4.8967149e-06]
 [9.9999654e-01 3.4756717e-06]
 [9.9999809e-01 1.9048282e-06]
 [9.9999595e-01 3.9944098e-06]
 [9.9999642e-01 3.5622436e-06]
 [9.9999881e-01 1.2418851e-06]
 [9.9999809e-01 1.9332517e-06]
 [9.9999893e-01 1.0453036e-06]
 [9.9999583e-01 4.1783996e-06]
 [9.9999762e-01 2.3793204e-06]
 [9.9999666e-01 3.2810676e-06]
 [9.9999857e-01 1.4596046e-06]
 [9.9999893e-01 1.1043135e-06]
 [9.9999571e-01 4.3308191e-06]
 [9.9999893e-01 1.0978346e-06]
 [9.9999559e-01 4.4634598e-06]
 [9.9999750e-01 2.4662145e-06]
 [9.9999428e-01 5.7187235e-06]
 [9.9999607e-01 3.9812594e-06]
 [9.9999845e-01 1.5685306e-06]
 [9.9999774e-01 2.2931642e-06]
 [9.9999189e-01 8.0529835e-06]
 [9.9999678e-01 3.2570811e-06]
 [9.9999881e-01 1.1801869e-06]
 [9.9999595e-01 4.1038784e-06]
 [9.9999368e-01 6.3519979e-06]
 [9.9999893e-01 1.0747315e-06]
 [9.9999654e-01 3.4297811e-06]
 [9.9999475e-01 5.2818855e-06]
 [9.9999571e-01 4.3107721e-06]
 [9.9999559e-01 4.4084809e-06]
 [9.9999547e-01 4.5886172e-06]
 [9.9999857e-01 1.4088700e-06]
 [9.9999845e-01 1.5069485e-06]
 [9.9999583e-01 4.1723865e-06]
 [9.9999452e-01 5.4564343e-06]
 [9.9999595e-01 4.1067206e-06]
 [9.9999833e-01 1.6261987e-06]
 [9.9999559e-01 4.4467492e-06]
 [9.9999893e-01 1.0418084e-06]
 [9.9998450e-01 1.5445217e-05]
 [9.9999082e-01 9.1507854e-06]
 [9.9999607e-01 3.9295587e-06]
 [9.9999762e-01 2.4010367e-06]
 [9.9999368e-01 6.2680938e-06]
 [9.9999595e-01 4.0282653e-06]
 [9.9999428e-01 5.7532957e-06]
 [9.9999607e-01 3.9761294e-06]
 [9.9999881e-01 1.1593761e-06]
 [9.9999797e-01 2.0614279e-06]
 [9.9999535e-01 4.6749528e-06]
 [9.9999917e-01 7.9230023e-07]
 [9.9999678e-01 3.2131049e-06]
 [9.9999583e-01 4.1565640e-06]
 [9.9999881e-01 1.2247625e-06]
 [9.9999928e-01 6.9418161e-07]
 [9.9999809e-01 1.9211470e-06]
 [9.9999797e-01 1.9811741e-06]
 [9.9999785e-01 2.1394446e-06]
 [9.9999630e-01 3.6899519e-06]
 [9.9999666e-01 3.3892059e-06]
 [9.9999702e-01 2.9307657e-06]
 [9.9999869e-01 1.2861082e-06]
 [9.9999845e-01 1.5413672e-06]
 [9.9999833e-01 1.7214996e-06]
 [9.9999654e-01 3.3987149e-06]
 [9.9999583e-01 4.1546182e-06]
 [9.9999702e-01 3.0353722e-06]
 [9.9999607e-01 3.9890883e-06]
 [9.9999833e-01 1.6929703e-06]
 [9.9999750e-01 2.5243355e-06]
 [9.9999940e-01 6.5496732e-07]
 [9.9999571e-01 4.3264599e-06]
 [9.9999678e-01 3.2333371e-06]
 [9.9999237e-01 7.5766702e-06]
 [9.9999714e-01 2.8788913e-06]
 [9.9999857e-01 1.4620634e-06]
 [9.9999499e-01 4.9769769e-06]
 [9.9999249e-01 7.5437720e-06]
 [9.9999845e-01 1.5608190e-06]
 [9.9999690e-01 3.0725962e-06]
 [9.9999750e-01 2.4900012e-06]
 [9.9999619e-01 3.8665125e-06]
 [9.9999654e-01 3.4176578e-06]
 [9.9999785e-01 2.1876144e-06]
 [9.9999750e-01 2.4619353e-06]
 [9.9999607e-01 3.9900433e-06]
 [9.9999559e-01 4.3568966e-06]
 [9.9999559e-01 4.4641665e-06]
 [9.9999559e-01 4.4113535e-06]
 [9.9999702e-01 3.0309466e-06]
 [9.9999344e-01 6.5084987e-06]
 [9.9999905e-01 9.6120721e-07]
 [9.9999893e-01 1.0845727e-06]
 [9.9999821e-01 1.8275595e-06]
 [9.9999762e-01 2.3638390e-06]
 [9.9999404e-01 6.0012621e-06]
 [9.9999857e-01 1.4210566e-06]
 [9.9999917e-01 8.7523682e-07]
 [9.9999821e-01 1.7636316e-06]
 [9.9999833e-01 1.6310571e-06]
 [9.9999940e-01 6.4612169e-07]
 [9.9999952e-01 5.1617576e-07]
 [9.9999881e-01 1.2145430e-06]
 [9.9999726e-01 2.7850801e-06]
 [9.9999893e-01 1.1052111e-06]
 [9.9999845e-01 1.5120071e-06]
 [9.9999821e-01 1.8443928e-06]
 [9.9999785e-01 2.1174192e-06]
 [9.9999702e-01 2.9559187e-06]
 [9.9999869e-01 1.3545019e-06]
 [9.9999917e-01 8.6270597e-07]
 [9.9999642e-01 3.5558151e-06]
 [9.9999762e-01 2.3630996e-06]
 [9.9999726e-01 2.7675553e-06]
 [9.9999881e-01 1.2107510e-06]
 [9.9999869e-01 1.3201882e-06]
 [9.9999726e-01 2.6836576e-06]
 [9.9999702e-01 3.0281180e-06]
 [9.9999380e-01 6.2508070e-06]
 [9.9999654e-01 3.4758641e-06]
 [9.9999917e-01 8.0668048e-07]
 [9.9999452e-01 5.5406113e-06]
 [9.9999762e-01 2.3439497e-06]
 [9.9999380e-01 6.1465007e-06]
 [9.9999535e-01 4.6348491e-06]
 [9.9999738e-01 2.5788927e-06]
 [9.9999785e-01 2.2045219e-06]
 [9.9999678e-01 3.1953689e-06]
 [9.9999797e-01 2.0014486e-06]
 [9.9999833e-01 1.6819274e-06]
 [9.9999607e-01 3.8788103e-06]
 [9.9999702e-01 2.9660478e-06]
 [9.9999857e-01 1.4254462e-06]
 [9.9999893e-01 1.0656317e-06]
 [9.9999940e-01 6.1994501e-07]
 [9.9999559e-01 4.3528598e-06]
 [9.9999630e-01 3.6401800e-06]
 [9.9999797e-01 2.0393263e-06]
 [9.9999857e-01 1.4393510e-06]
 [9.9999845e-01 1.5241000e-06]
 [9.9999404e-01 5.9182307e-06]
 [9.9999905e-01 9.9282079e-07]
 [9.9999392e-01 6.1364922e-06]
 [9.9999595e-01 3.9976071e-06]
 [9.9999785e-01 2.1154754e-06]
 [9.9999881e-01 1.1939561e-06]
 [9.9999845e-01 1.5233937e-06]
 [9.9999833e-01 1.6364886e-06]
 [9.9999869e-01 1.2527430e-06]
 [9.9999821e-01 1.8009408e-06]
 [9.9999702e-01 3.0198701e-06]
 [9.9999893e-01 1.0635322e-06]
 [9.9999690e-01 3.0570088e-06]
 [9.9999714e-01 2.9156060e-06]
 [9.9999642e-01 3.6326342e-06]
 [9.9999881e-01 1.2020130e-06]
 [9.9999893e-01 1.0738196e-06]
 [9.9999893e-01 1.0315355e-06]
 [9.9999750e-01 2.5273682e-06]
 [9.9999738e-01 2.6647626e-06]
 [9.9999678e-01 3.1858572e-06]
 [9.9999714e-01 2.8507345e-06]
 [9.9999726e-01 2.7139299e-06]
 [9.9999654e-01 3.5146638e-06]
 [9.9999821e-01 1.7662203e-06]]
[2020-11-29 19:09:13,512]:INFO:kabuto: Q = [0.9999970502853394, 2.9516929546389293e-06]
[2020-11-29 19:09:13,557]:INFO:kabuto.neural_networks: NN 'nn1' is loaded.
[2020-11-29 19:09:13,557]:INFO:kabuto.neural_networks: Predicting from array:
[[7.71901277e+00 5.78853721e+00 1.13321856e+01 ... 5.10688231e-01
  6.91186463e-06 4.29322473e-01]
 [7.71974627e+00 5.78823159e+00 1.13332142e+01 ... 5.10688231e-01
  3.77476442e-06 4.29322473e-01]
 [7.71922273e+00 5.78849009e+00 1.13323667e+01 ... 5.10688231e-01
  6.04972700e-06 4.29322473e-01]
 ...
 [7.72010654e+00 5.78840037e+00 1.13328239e+01 ... 5.10688229e-01
  3.25191542e-05 4.29322472e-01]
 [7.71977090e+00 5.78849467e+00 1.13324809e+01 ... 5.10688228e-01
  3.77475241e-05 4.29322471e-01]
 [7.72010654e+00 5.78840037e+00 1.13328239e+01 ... 5.10688229e-01
  3.25191542e-05 4.29322472e-01]]
[2020-11-29 19:09:13,605]:INFO:kabuto: prediction for file '2020_11_29_19_09_12_0.txt'
[[9.9999905e-01 1.0036860e-06]
 [9.9999905e-01 1.0014161e-06]
 [9.9999905e-01 1.0035012e-06]
 [9.9999905e-01 1.0035012e-06]
 [9.9999905e-01 1.0033223e-06]
 [9.9999905e-01 1.0035012e-06]
 [9.9999905e-01 1.0033223e-06]
 [9.9999905e-01 1.0033223e-06]
 [9.9999905e-01 1.0031376e-06]
 [9.9999905e-01 1.0022005e-06]
 [9.9999905e-01 1.0022005e-06]
 [9.9999905e-01 1.0031080e-06]
 [9.9999905e-01 1.0029253e-06]
 [9.9999905e-01 1.0029253e-06]
 [9.9999905e-01 1.0027426e-06]
 [9.9999905e-01 1.0029873e-06]
 [9.9999905e-01 1.0022005e-06]
 [9.9999905e-01 1.0031080e-06]
 [9.9999905e-01 1.0029253e-06]
 [9.9999905e-01 1.0029253e-06]
 [9.9999905e-01 1.0027426e-06]
 [9.9999905e-01 1.0029873e-06]
 [9.9999905e-01 1.0029873e-06]
 [9.9999905e-01 1.0025284e-06]
 [9.9999905e-01 1.0023448e-06]
 [9.9999905e-01 1.0037692e-06]
 [9.9999905e-01 1.0024930e-06]
 [9.9999905e-01 1.0032801e-06]
 [9.9999905e-01 1.0032801e-06]
 [9.9999905e-01 1.0040602e-06]
 [9.9999905e-01 1.0024901e-06]
 [9.9999905e-01 1.0032744e-06]
 [9.9999905e-01 1.0032801e-06]
 [9.9999905e-01 1.0040602e-06]
 [9.9999905e-01 1.0043572e-06]
 [9.9999905e-01 1.0035682e-06]
 [9.9999905e-01 1.0031080e-06]
 [9.9999905e-01 1.0029253e-06]
 [9.9999905e-01 1.0029253e-06]
 [9.9999905e-01 1.0027426e-06]
 [9.9999905e-01 1.0024930e-06]
 [9.9999905e-01 1.0030066e-06]
 [9.9999905e-01 1.0028258e-06]
 [9.9999905e-01 1.0028258e-06]
 [9.9999905e-01 1.0026470e-06]
 [9.9999905e-01 1.0025284e-06]
 [9.9999905e-01 1.0023448e-06]
 [9.9999905e-01 1.0032801e-06]
 [9.9999905e-01 1.0024308e-06]
 [9.9999905e-01 1.0022511e-06]
 [9.9999905e-01 1.0025284e-06]
 [9.9999905e-01 1.0023448e-06]
 [9.9999905e-01 1.0032801e-06]
 [9.9999905e-01 1.0024308e-06]
 [9.9999905e-01 1.0022511e-06]
 [9.9999905e-01 1.0019568e-06]
 [9.9999905e-01 1.0040602e-06]
 [9.9999905e-01 1.0018574e-06]
 [9.9999905e-01 1.0035682e-06]
 [9.9999905e-01 1.0043572e-06]
 [9.9999905e-01 1.0035682e-06]
 [9.9999905e-01 1.0043572e-06]
 [9.9999905e-01 1.0046435e-06]
 [9.9999905e-01 1.0017543e-06]
 [9.9999905e-01 1.0032571e-06]
 [9.9999905e-01 1.0011391e-06]
 [9.9999905e-01 1.0030764e-06]
 [9.9999905e-01 1.0030764e-06]
 [9.9999905e-01 1.0028917e-06]
 [9.9999905e-01 1.0025399e-06]
 [9.9999905e-01 1.0019234e-06]
 [9.9999905e-01 1.0026804e-06]
 [9.9999905e-01 1.0024997e-06]
 [9.9999905e-01 1.0025399e-06]
 [9.9999905e-01 1.0019234e-06]
 [9.9999905e-01 1.0026804e-06]
 [9.9999905e-01 1.0024997e-06]
 [9.9999905e-01 1.0033232e-06]
 [9.9999905e-01 1.0027062e-06]
 [9.9999905e-01 1.0021049e-06]
 [9.9999905e-01 1.0028277e-06]
 [9.9999905e-01 1.0022158e-06]
 [9.9999905e-01 1.0036122e-06]
 [9.9999905e-01 1.0029988e-06]
 [9.9999905e-01 1.0028277e-06]
 [9.9999905e-01 1.0022158e-06]
 [9.9999905e-01 1.0032868e-06]
 [9.9999905e-01 1.0036122e-06]
 [9.9999905e-01 1.0039023e-06]
 [9.9999905e-01 1.0029988e-06]
 [9.9999905e-01 1.0030066e-06]
 [9.9999905e-01 1.0017543e-06]
 [9.9999905e-01 1.0028258e-06]
 [9.9999905e-01 1.0028258e-06]
 [9.9999905e-01 1.0026450e-06]
 [9.9999905e-01 1.0025360e-06]
 [9.9999905e-01 1.0029988e-06]
 [9.9999905e-01 1.0022158e-06]
 [9.9999905e-01 1.0025399e-06]
 [9.9999905e-01 1.0024308e-06]
 [9.9999905e-01 1.0022511e-06]
 [9.9999905e-01 1.0033232e-06]
 [9.9999905e-01 1.0036122e-06]
 [9.9999905e-01 1.0028277e-06]
 [9.9999905e-01 1.0032571e-06]
 [9.9999905e-01 1.0011391e-06]
 [9.9999905e-01 1.0030764e-06]
 [9.9999905e-01 1.0030764e-06]
 [9.9999905e-01 1.0028917e-06]
 [9.9999905e-01 1.0019234e-06]
 [9.9999905e-01 1.0019234e-06]
 [9.9999905e-01 1.0026804e-06]
 [9.9999905e-01 1.0024997e-06]
 [9.9999905e-01 1.0027062e-06]
 [9.9999905e-01 1.0024308e-06]
 [9.9999905e-01 1.0022511e-06]
 [9.9999905e-01 1.0032868e-06]
 [9.9999905e-01 1.0028277e-06]
 [9.9999905e-01 1.0023248e-06]
 [9.9999905e-01 1.0021479e-06]
 [9.9999905e-01 1.0018574e-06]
 [9.9999905e-01 1.0039023e-06]
 [9.9999905e-01 1.0036122e-06]
 [9.9999905e-01 1.0017533e-06]
 [9.9999905e-01 1.0026804e-06]
 [9.9999905e-01 1.0024997e-06]
 [9.9999905e-01 1.0022110e-06]
 [9.9999905e-01 1.0025772e-06]
 [9.9999905e-01 1.0023974e-06]
 [9.9999905e-01 1.0021049e-06]
 [9.9999905e-01 1.0029988e-06]
 [9.9999905e-01 1.0020045e-06]
 [9.9999905e-01 1.0025446e-06]
 [9.9999905e-01 1.0019320e-06]
 [9.9999905e-01 1.0020839e-06]
 [9.9999905e-01 1.0025781e-06]
 [9.9999905e-01 1.0014734e-06]
 [9.9999905e-01 1.0023974e-06]
 [9.9999905e-01 1.0025446e-06]
 [9.9999905e-01 1.0031596e-06]
 [9.9999905e-01 1.0028688e-06]
 [9.9999905e-01 1.0022559e-06]
 [9.9999905e-01 1.0020045e-06]
 [9.9999905e-01 1.0014734e-06]
 [9.9999905e-01 1.0028286e-06]
 [9.9999905e-01 1.0008566e-06]
 [9.9999905e-01 1.0026450e-06]
 [9.9999905e-01 1.0022559e-06]
 [9.9999905e-01 1.0016454e-06]
 [9.9999905e-01 1.0022541e-06]
 [9.9999905e-01 1.0030066e-06]
 [9.9999905e-01 1.0017543e-06]
 [9.9999905e-01 1.0028258e-06]
 [9.9999905e-01 1.0028258e-06]
 [9.9999905e-01 1.0026470e-06]
 [9.9999905e-01 1.0025399e-06]
 [9.9999905e-01 1.0032571e-06]
 [9.9999905e-01 1.0011391e-06]
 [9.9999905e-01 1.0030755e-06]
 [9.9999905e-01 1.0030755e-06]
 [9.9999905e-01 1.0028917e-06]
 [9.9999905e-01 1.0019234e-06]
 [9.9999905e-01 1.0025399e-06]
 [9.9999905e-01 1.0024308e-06]
 [9.9999905e-01 1.0022511e-06]
 [9.9999905e-01 1.0027062e-06]
 [9.9999905e-01 1.0033232e-06]
 [9.9999905e-01 1.0024997e-06]
 [9.9999905e-01 1.0026804e-06]
 [9.9999905e-01 1.0019234e-06]
 [9.9999905e-01 1.0028277e-06]
 [9.9999905e-01 1.0036122e-06]
 [9.9999905e-01 1.0022158e-06]
 [9.9999905e-01 1.0029988e-06]
 [9.9999905e-01 1.0024308e-06]
 [9.9999905e-01 1.0022511e-06]
 [9.9999905e-01 1.0020045e-06]
 [9.9999905e-01 1.0028277e-06]
 [9.9999905e-01 1.0023248e-06]
 [9.9999905e-01 1.0021479e-06]
 [9.9999905e-01 1.0029988e-06]
 [9.9999905e-01 1.0026804e-06]
 [9.9999905e-01 1.0024997e-06]
 [9.9999905e-01 1.0022158e-06]
 [9.9999905e-01 1.0025781e-06]
 [9.9999905e-01 1.0023974e-06]
 [9.9999905e-01 1.0021049e-06]
 [9.9999905e-01 1.0018574e-06]
 [9.9999905e-01 1.0036122e-06]
 [9.9999905e-01 1.0017533e-06]
 [9.9999905e-01 1.0038993e-06]
 [9.9999905e-01 1.0032878e-06]
 [9.9999905e-01 1.0022541e-06]
 [9.9999905e-01 1.0016454e-06]
 [9.9999905e-01 1.0022559e-06]
 [9.9999905e-01 1.0020839e-06]
 [9.9999905e-01 1.0025781e-06]
 [9.9999905e-01 1.0014734e-06]
 [9.9999905e-01 1.0023974e-06]
 [9.9999905e-01 1.0014734e-06]
 [9.9999905e-01 1.0028286e-06]
 [9.9999905e-01 1.0008566e-06]
 [9.9999905e-01 1.0026450e-06]
 [9.9999905e-01 1.0028688e-06]
 [9.9999905e-01 1.0022559e-06]
 [9.9999905e-01 1.0020045e-06]
 [9.9999905e-01 1.0031596e-06]
 [9.9999905e-01 1.0025446e-06]
 [9.9999905e-01 1.0025446e-06]
 [9.9999905e-01 1.0019320e-06]
 [9.9999905e-01 1.0023248e-06]
 [9.9999905e-01 1.0020839e-06]
 [9.9999905e-01 1.0021479e-06]
 [9.9999905e-01 1.0028688e-06]
 [9.9999905e-01 1.0016454e-06]
 [9.9999905e-01 1.0026450e-06]
 [9.9999905e-01 1.0008566e-06]
 [9.9999905e-01 1.0022559e-06]
 [9.9999905e-01 1.0028286e-06]
 [9.9999905e-01 1.0025781e-06]
 [9.9999905e-01 1.0014734e-06]
 [9.9999905e-01 1.0023974e-06]
 [9.9999905e-01 1.0023964e-06]
 [9.9999905e-01 1.0022559e-06]
 [9.9999905e-01 1.0014734e-06]
 [9.9999905e-01 1.0025781e-06]
 [9.9999905e-01 1.0025446e-06]
 [9.9999905e-01 1.0018975e-06]
 [9.9999905e-01 1.0021479e-06]
 [9.9999905e-01 1.0017533e-06]
 [9.9999905e-01 1.0019320e-06]
 [9.9999905e-01 1.0022541e-06]
 [9.9999905e-01 1.0020045e-06]
 [9.9999905e-01 1.0031596e-06]
 [9.9999905e-01 1.0016482e-06]
 [9.9999905e-01 1.0020045e-06]
 [9.9999905e-01 1.0025446e-06]
 [9.9999905e-01 1.0018975e-06]
 [9.9999905e-01 1.0005741e-06]
 [9.9999905e-01 1.0023974e-06]
 [9.9999905e-01 1.0011898e-06]
 [9.9999905e-01 1.0018039e-06]
 [9.9999905e-01 1.0024174e-06]
 [9.9999905e-01 1.0018975e-06]
 [9.9999905e-01 1.0018039e-06]
 [9.9999905e-01 1.0021479e-06]
 [9.9999905e-01 1.0018039e-06]
 [9.9999905e-01 1.0011898e-06]
 [9.9999905e-01 1.0021479e-06]
 [9.9999905e-01 1.0011879e-06]]
[2020-11-29 19:09:13,605]:INFO:kabuto: Q = [0.9999990463256836, 1.0025662204498075e-06]
[2020-11-29 19:09:13,645]:INFO:kabuto.neural_networks: NN 'nn1' is loaded.
[2020-11-29 19:09:13,646]:INFO:kabuto.neural_networks: Predicting from array:
[[ 7.74695515  5.7376899  11.40532    ...  0.50975552  0.01977283
   0.42880331]
 [ 7.79671687  5.08179852 10.81074026 ...  0.50773258  0.04973758
   0.42651664]
 [ 7.42249233  5.77071878 11.1751284  ...  0.50853793  0.03769597
   0.42730525]
 ...
 [ 7.72898447  5.60026407 10.92826584 ...  0.50927212  0.03619167
   0.4278018 ]
 [ 7.48465401  5.64617043 10.93945377 ...  0.50878853  0.04114212
   0.42709563]
 [ 7.78572704  5.6861192  11.19524159 ...  0.50996471  0.02289886
   0.42849578]]
[2020-11-29 19:09:13,698]:INFO:kabuto: prediction for file '2020_11_29_19_09_12_100.txt'
[[9.9999595e-01 4.0289187e-06]
 [9.9999833e-01 1.7193847e-06]
 [9.9999762e-01 2.4386404e-06]
 [9.9999642e-01 3.5817698e-06]
 [9.9999857e-01 1.4636888e-06]
 [9.9999785e-01 2.1650767e-06]
 [9.9999750e-01 2.5485588e-06]
 [9.9999785e-01 2.0962320e-06]
 [9.9999905e-01 9.4762089e-07]
 [9.9999666e-01 3.2960272e-06]
 [9.9999702e-01 3.0093076e-06]
 [9.9999678e-01 3.1930570e-06]
 [9.9999738e-01 2.6097423e-06]
 [9.9999809e-01 1.8902571e-06]
 [9.9999678e-01 3.1930508e-06]
 [9.9999869e-01 1.2971573e-06]
 [9.9999857e-01 1.4423933e-06]
 [9.9999785e-01 2.2016163e-06]
 [9.9999619e-01 3.7902412e-06]
 [9.9999630e-01 3.7031225e-06]
 [9.9999738e-01 2.6044463e-06]
 [9.9999881e-01 1.1960668e-06]
 [9.9999845e-01 1.5977123e-06]
 [9.9999821e-01 1.7291620e-06]
 [9.9999845e-01 1.5172751e-06]
 [9.9999869e-01 1.3378665e-06]
 [9.9999881e-01 1.1832806e-06]
 [9.9999809e-01 1.8970510e-06]
 [9.9999869e-01 1.2907688e-06]
 [9.9999762e-01 2.3397754e-06]
 [9.9999821e-01 1.8000068e-06]
 [9.9999762e-01 2.4314415e-06]
 [9.9999857e-01 1.4447639e-06]
 [9.9999666e-01 3.3116200e-06]
 [9.9999869e-01 1.2684773e-06]
 [9.9999797e-01 2.0182699e-06]
 [9.9999690e-01 3.0592282e-06]
 [9.9999869e-01 1.3125730e-06]
 [9.9999809e-01 1.9243560e-06]
 [9.9999833e-01 1.6697619e-06]
 [9.9999857e-01 1.4704968e-06]
 [9.9999905e-01 9.7996258e-07]
 [9.9999905e-01 1.0003127e-06]
 [9.9999762e-01 2.3600908e-06]
 [9.9999738e-01 2.6657819e-06]
 [9.9999940e-01 5.8617911e-07]
 [9.9999762e-01 2.3879177e-06]
 [9.9999881e-01 1.1772362e-06]
 [9.9999917e-01 8.7384979e-07]
 [9.9999821e-01 1.7761304e-06]
 [9.9999869e-01 1.2843358e-06]
 [9.9999821e-01 1.7975794e-06]
 [9.9999905e-01 9.2063874e-07]
 [9.9999857e-01 1.4145919e-06]
 [9.9999821e-01 1.8193601e-06]
 [9.9999881e-01 1.1835864e-06]
 [9.9999833e-01 1.6112600e-06]
 [9.9999905e-01 9.7189320e-07]
 [9.9999833e-01 1.6154281e-06]
 [9.9999738e-01 2.6330970e-06]
 [9.9999714e-01 2.8387406e-06]
 [9.9999833e-01 1.6754229e-06]
 [9.9999881e-01 1.2377315e-06]
 [9.9999928e-01 7.7416962e-07]
 [9.9999738e-01 2.6394075e-06]
 [9.9999654e-01 3.4666939e-06]
 [9.9999762e-01 2.3687946e-06]
 [9.9999833e-01 1.6159751e-06]
 [9.9999821e-01 1.8397866e-06]
 [9.9999833e-01 1.6641296e-06]
 [9.9999797e-01 2.0473724e-06]
 [9.9999917e-01 8.3069739e-07]
 [9.9999845e-01 1.6072868e-06]
 [9.9999893e-01 1.0891259e-06]
 [9.9999881e-01 1.2492046e-06]
 [9.9999774e-01 2.2647366e-06]
 [9.9999905e-01 9.7381007e-07]
 [9.9999630e-01 3.7508421e-06]
 [9.9999833e-01 1.6695215e-06]
 [9.9999869e-01 1.3401267e-06]
 [9.9999809e-01 1.9067238e-06]
 [9.9999881e-01 1.1833347e-06]
 [9.9999869e-01 1.3270400e-06]
 [9.9999940e-01 6.5226703e-07]
 [9.9999845e-01 1.6068730e-06]
 [9.9999893e-01 1.1105785e-06]
 [9.9999869e-01 1.2596662e-06]
 [9.9999857e-01 1.4426244e-06]
 [9.9999917e-01 8.8273504e-07]
 [9.9999762e-01 2.3994824e-06]
 [9.9999833e-01 1.6689007e-06]
 [9.9999738e-01 2.5926652e-06]
 [9.9999821e-01 1.8292020e-06]
 [9.9999869e-01 1.3309563e-06]
 [9.9999821e-01 1.8428649e-06]
 [9.9999619e-01 3.8099306e-06]
 [9.9999523e-01 4.7352360e-06]
 [9.9999738e-01 2.5877025e-06]
 [9.9999726e-01 2.7356798e-06]
 [9.9999881e-01 1.2086629e-06]
 [9.9999762e-01 2.3707744e-06]
 [9.9999738e-01 2.6611895e-06]
 [9.9999821e-01 1.8336926e-06]
 [9.9999821e-01 1.8145690e-06]
 [9.9999774e-01 2.3193170e-06]
 [9.9999928e-01 7.4879620e-07]
 [9.9999833e-01 1.7200637e-06]
 [9.9999821e-01 1.7374734e-06]
 [9.9999857e-01 1.4333129e-06]
 [9.9999785e-01 2.1549213e-06]
 [9.9999642e-01 3.5219075e-06]
 [9.9999809e-01 1.9619476e-06]
 [9.9999857e-01 1.4650770e-06]
 [9.9999774e-01 2.2228971e-06]
 [9.9999917e-01 8.4951898e-07]
 [9.9999809e-01 1.9083557e-06]
 [9.9999690e-01 3.0749502e-06]
 [9.9999762e-01 2.3387470e-06]
 [9.9999905e-01 9.4376622e-07]
 [9.9999893e-01 1.0555597e-06]
 [9.9999869e-01 1.3708370e-06]
 [9.9999785e-01 2.1548842e-06]
 [9.9999785e-01 2.1833960e-06]
 [9.9999845e-01 1.5158477e-06]
 [9.9999940e-01 6.3652624e-07]
 [9.9999893e-01 1.1069294e-06]
 [9.9999738e-01 2.6149692e-06]
 [9.9999857e-01 1.4014541e-06]
 [9.9999881e-01 1.1588345e-06]
 [9.9999833e-01 1.6690295e-06]
 [9.9999774e-01 2.2831198e-06]
 [9.9999928e-01 6.8437350e-07]
 [9.9999690e-01 3.0569388e-06]
 [9.9999845e-01 1.5867021e-06]
 [9.9999857e-01 1.3757113e-06]
 [9.9999869e-01 1.3235415e-06]
 [9.9999809e-01 1.9127194e-06]
 [9.9999917e-01 8.9037138e-07]
 [9.9999833e-01 1.6583359e-06]
 [9.9999726e-01 2.7166229e-06]
 [9.9999845e-01 1.5636796e-06]
 [9.9999774e-01 2.2878189e-06]
 [9.9999785e-01 2.1246667e-06]
 [9.9999857e-01 1.4779652e-06]
 [9.9999893e-01 1.0524195e-06]
 [9.9999785e-01 2.1276901e-06]
 [9.9999809e-01 1.9217555e-06]
 [9.9999821e-01 1.8283231e-06]
 [9.9999845e-01 1.5108973e-06]
 [9.9999905e-01 9.2033503e-07]
 [9.9999881e-01 1.2191384e-06]
 [9.9999881e-01 1.1449296e-06]
 [9.9999905e-01 9.8862847e-07]
 [9.9999559e-01 4.4214325e-06]
 [9.9999833e-01 1.6978888e-06]
 [9.9999762e-01 2.4310775e-06]
 [9.9999893e-01 1.0449169e-06]
 [9.9999881e-01 1.1847925e-06]
 [9.9999881e-01 1.2070352e-06]
 [9.9999762e-01 2.3396817e-06]
 [9.9999774e-01 2.2088823e-06]
 [9.9999881e-01 1.2138181e-06]
 [9.9999893e-01 1.1021839e-06]
 [9.9999845e-01 1.5426555e-06]
 [9.9999869e-01 1.3617187e-06]
 [9.9999893e-01 1.0301700e-06]
 [9.9999881e-01 1.2168247e-06]
 [9.9999750e-01 2.4753642e-06]
 [9.9999797e-01 2.0749387e-06]
 [9.9999845e-01 1.5370604e-06]
 [9.9999905e-01 9.4806740e-07]
 [9.9999928e-01 7.6898203e-07]
 [9.9999881e-01 1.2355544e-06]
 [9.9999881e-01 1.2007229e-06]
 [9.9999905e-01 9.8147393e-07]
 [9.9999833e-01 1.6812506e-06]
 [9.9999654e-01 3.4037880e-06]
 [9.9999762e-01 2.3941450e-06]
 [9.9999619e-01 3.8216849e-06]
 [9.9999917e-01 7.8102022e-07]
 [9.9999952e-01 5.0505548e-07]
 [9.9999845e-01 1.5786964e-06]
 [9.9999821e-01 1.8405043e-06]
 [9.9999762e-01 2.3473767e-06]
 [9.9999809e-01 1.8902589e-06]
 [9.9999881e-01 1.2251315e-06]
 [9.9999726e-01 2.7637227e-06]
 [9.9999869e-01 1.3189323e-06]
 [9.9999928e-01 7.3489673e-07]
 [9.9999857e-01 1.4622071e-06]
 [9.9999893e-01 1.0795420e-06]
 [9.9999821e-01 1.7449127e-06]
 [9.9999881e-01 1.2005878e-06]
 [9.9999917e-01 8.0363975e-07]
 [9.9999917e-01 8.1200932e-07]
 [9.9999869e-01 1.3565600e-06]
 [9.9999893e-01 1.0843637e-06]
 [9.9999940e-01 5.8733178e-07]
 [9.9999845e-01 1.4931809e-06]
 [9.9999857e-01 1.4157581e-06]
 [9.9999833e-01 1.6096351e-06]
 [9.9999821e-01 1.7302310e-06]
 [9.9999893e-01 1.0952537e-06]
 [9.9999964e-01 3.3055733e-07]
 [9.9999845e-01 1.4977761e-06]
 [9.9999738e-01 2.6410592e-06]
 [9.9999940e-01 6.4791237e-07]
 [9.9999893e-01 1.1002379e-06]
 [9.9999893e-01 1.1112576e-06]
 [9.9999952e-01 4.5229334e-07]
 [9.9999797e-01 2.0487669e-06]
 [9.9999869e-01 1.3085285e-06]
 [9.9999738e-01 2.6041535e-06]
 [9.9999917e-01 8.5158979e-07]
 [9.9999893e-01 1.0732514e-06]
 [9.9999809e-01 1.9273571e-06]
 [9.9999833e-01 1.7243817e-06]
 [9.9999571e-01 4.3504697e-06]
 [9.9999857e-01 1.3877236e-06]
 [9.9999809e-01 1.9524637e-06]
 [9.9999857e-01 1.4345765e-06]
 [9.9999833e-01 1.6535539e-06]
 [9.9999869e-01 1.3543314e-06]
 [9.9999785e-01 2.1412818e-06]
 [9.9999678e-01 3.2614448e-06]
 [9.9999881e-01 1.2287742e-06]
 [9.9999869e-01 1.3552540e-06]
 [9.9999928e-01 6.8122182e-07]
 [9.9999893e-01 1.0509081e-06]
 [9.9999726e-01 2.7024573e-06]
 [9.9999797e-01 2.0552739e-06]
 [9.9999893e-01 1.0400870e-06]
 [9.9999893e-01 1.0779730e-06]
 [9.9999750e-01 2.4778228e-06]
 [9.9999917e-01 8.4765679e-07]
 [9.9999893e-01 1.1158867e-06]
 [9.9999702e-01 3.0122910e-06]
 [9.9999797e-01 2.0128148e-06]
 [9.9999857e-01 1.4536868e-06]
 [9.9999881e-01 1.1854469e-06]
 [9.9999750e-01 2.4658971e-06]
 [9.9999833e-01 1.6924279e-06]
 [9.9999797e-01 1.9993156e-06]
 [9.9999857e-01 1.4208276e-06]
 [9.9999940e-01 5.6700213e-07]
 [9.9999821e-01 1.7321263e-06]
 [9.9999893e-01 1.0316141e-06]
 [9.9999917e-01 8.7355068e-07]
 [9.9999857e-01 1.4309569e-06]
 [9.9999869e-01 1.2579543e-06]]
[2020-11-29 19:09:13,698]:INFO:kabuto: Q = [0.9999982500076294, 1.7534141610440201e-06]
[2020-11-29 19:09:13,739]:INFO:kabuto.neural_networks: NN 'nn1' is loaded.
[2020-11-29 19:09:13,740]:INFO:kabuto.neural_networks: Predicting from array:
[[ 7.22048775  5.83812811 10.95891668 ...  0.50765759  0.0482559
   0.42632017]
 [ 7.74331978  5.49932844 10.49180423 ...  0.50650618  0.06434058
   0.42390745]
 [ 7.25459283  5.81648191 10.9878446  ...  0.50941735  0.02714518
   0.42825116]
 ...
 [ 7.68375725  5.71240183 10.70744146 ...  0.50775899  0.05348764
   0.42531447]
 [ 7.67746475  5.66444897 10.65903205 ...  0.50706799  0.05979601
   0.42437074]
 [ 7.39083728  5.8110223  10.80544745 ...  0.50870691  0.0397639
   0.42719943]]
[2020-11-29 19:09:13,789]:INFO:kabuto: prediction for file '2020_11_29_19_09_12_450.txt'
[[9.9999857e-01 1.4874987e-06]
 [9.9999845e-01 1.5395661e-06]
 [9.9999917e-01 7.8378093e-07]
 [9.9999917e-01 8.9218787e-07]
 [9.9999774e-01 2.2449813e-06]
 [9.9999738e-01 2.6291575e-06]
 [9.9999821e-01 1.8461016e-06]
 [9.9999857e-01 1.4067004e-06]
 [9.9999917e-01 8.7998234e-07]
 [9.9999893e-01 1.0874924e-06]
 [9.9999845e-01 1.5413436e-06]
 [9.9999774e-01 2.2143704e-06]
 [9.9999785e-01 2.1153705e-06]
 [9.9999940e-01 5.4398106e-07]
 [9.9999821e-01 1.8319482e-06]
 [9.9999905e-01 1.0090682e-06]
 [9.9999857e-01 1.3822844e-06]
 [9.9999726e-01 2.7505391e-06]
 [9.9999833e-01 1.6240042e-06]
 [9.9999928e-01 7.2558026e-07]
 [9.9999952e-01 4.9145632e-07]
 [9.9999702e-01 2.9286703e-06]
 [9.9999797e-01 2.0582613e-06]
 [9.9999928e-01 6.9956405e-07]
 [9.9999917e-01 8.5652397e-07]
 [9.9999821e-01 1.7645048e-06]
 [9.9999702e-01 2.9417058e-06]
 [9.9999857e-01 1.4617052e-06]
 [9.9999750e-01 2.5131467e-06]
 [9.9999869e-01 1.3597462e-06]
 [9.9999809e-01 1.8858906e-06]
 [9.9999809e-01 1.9635499e-06]
 [9.9999833e-01 1.6801431e-06]
 [9.9999821e-01 1.8299070e-06]
 [9.9999607e-01 3.8883286e-06]
 [9.9999785e-01 2.1755641e-06]
 [9.9999869e-01 1.3477218e-06]
 [9.9999666e-01 3.3422536e-06]
 [9.9999893e-01 1.0900538e-06]
 [9.9999726e-01 2.7313395e-06]
 [9.9999785e-01 2.1967148e-06]
 [9.9999833e-01 1.6835980e-06]
 [9.9999666e-01 3.3161839e-06]
 [9.9999607e-01 3.8920907e-06]
 [9.9999845e-01 1.5152666e-06]
 [9.9999833e-01 1.6519180e-06]
 [9.9999845e-01 1.5192037e-06]
 [9.9999809e-01 1.8513765e-06]
 [9.9999785e-01 2.1407550e-06]
 [9.9999774e-01 2.2458764e-06]
 [9.9999809e-01 1.9650317e-06]
 [9.9999845e-01 1.5680549e-06]
 [9.9999487e-01 5.0721578e-06]
 [9.9999869e-01 1.3504776e-06]
 [9.9999714e-01 2.8116738e-06]
 [9.9999750e-01 2.4916710e-06]
 [9.9999833e-01 1.6623135e-06]
 [9.9999690e-01 3.0749677e-06]
 [9.9999821e-01 1.7366103e-06]
 [9.9999928e-01 7.4837072e-07]
 [9.9999630e-01 3.6431111e-06]
 [9.9999702e-01 3.0280776e-06]
 [9.9999845e-01 1.4957834e-06]
 [9.9999762e-01 2.4247727e-06]
 [9.9999738e-01 2.6253090e-06]
 [9.9999857e-01 1.4609067e-06]
 [9.9999797e-01 2.0306068e-06]
 [9.9999785e-01 2.0981599e-06]
 [9.9999833e-01 1.6353995e-06]
 [9.9999845e-01 1.5143564e-06]
 [9.9999869e-01 1.3464704e-06]
 [9.9999845e-01 1.4990021e-06]
 [9.9999845e-01 1.5519237e-06]
 [9.9999881e-01 1.1743006e-06]
 [9.9999785e-01 2.1487892e-06]
 [9.9999785e-01 2.2044694e-06]
 [9.9999893e-01 1.0581176e-06]
 [9.9999249e-01 7.4792574e-06]
 [9.9999416e-01 5.8687551e-06]
 [9.9999857e-01 1.3831310e-06]
 [9.9999762e-01 2.3637758e-06]
 [9.9999523e-01 4.7837484e-06]
 [9.9999714e-01 2.9082025e-06]
 [9.9999726e-01 2.7512708e-06]
 [9.9999678e-01 3.2306709e-06]
 [9.9999869e-01 1.3587999e-06]
 [9.9999893e-01 1.0455080e-06]
 [9.9999809e-01 1.9412644e-06]
 [9.9999619e-01 3.7565301e-06]
 [9.9999833e-01 1.6460349e-06]
 [9.9999893e-01 1.1321791e-06]
 [9.9999857e-01 1.4580228e-06]
 [9.9999869e-01 1.3159496e-06]
 [9.9999917e-01 8.4061605e-07]
 [9.9999881e-01 1.1492189e-06]
 [9.9999309e-01 6.9215948e-06]
 [9.9999809e-01 1.8912235e-06]
 [9.9999881e-01 1.2246352e-06]
 [9.9999905e-01 9.8020746e-07]
 [9.9999642e-01 3.5666592e-06]
 [9.9999881e-01 1.1412014e-06]
 [9.9999678e-01 3.1897669e-06]
 [9.9999750e-01 2.4454055e-06]
 [9.9999809e-01 1.9140789e-06]
 [9.9999881e-01 1.2341153e-06]
 [9.9999928e-01 6.6086767e-07]
 [9.9999821e-01 1.7852259e-06]
 [9.9999893e-01 1.0449269e-06]
 [9.9999809e-01 1.9309778e-06]
 [9.9999821e-01 1.8086139e-06]
 [9.9999917e-01 8.1958081e-07]
 [9.9999750e-01 2.5147817e-06]
 [9.9999821e-01 1.7799762e-06]
 [9.9999845e-01 1.6032941e-06]
 [9.9999785e-01 2.1733140e-06]
 [9.9999738e-01 2.6586576e-06]
 [9.9999774e-01 2.2735355e-06]
 [9.9999881e-01 1.2383383e-06]
 [9.9999893e-01 1.0300187e-06]
 [9.9999821e-01 1.7330284e-06]
 [9.9999881e-01 1.2287941e-06]
 [9.9999833e-01 1.7112594e-06]
 [9.9999368e-01 6.3322741e-06]
 [9.9999797e-01 2.0851523e-06]
 [9.9999785e-01 2.1433575e-06]
 [9.9999797e-01 2.0168075e-06]
 [9.9999845e-01 1.5245404e-06]
 [9.9999642e-01 3.6050317e-06]
 [9.9999845e-01 1.6014925e-06]
 [9.9999762e-01 2.3394118e-06]
 [9.9999821e-01 1.8231640e-06]
 [9.9999869e-01 1.3279349e-06]
 [9.9999774e-01 2.3233108e-06]
 [9.9999714e-01 2.9065334e-06]
 [9.9999869e-01 1.3307266e-06]
 [9.9999821e-01 1.7583901e-06]
 [9.9999881e-01 1.1425507e-06]
 [9.9999917e-01 8.6629069e-07]
 [9.9999774e-01 2.2566715e-06]
 [9.9999785e-01 2.1524934e-06]
 [9.9999881e-01 1.1947524e-06]
 [9.9999845e-01 1.5221216e-06]
 [9.9999797e-01 2.0624859e-06]
 [9.9999893e-01 1.0961774e-06]
 [9.9999869e-01 1.3657948e-06]
 [9.9999809e-01 1.9499980e-06]
 [9.9999833e-01 1.6405608e-06]
 [9.9999785e-01 2.1135234e-06]
 [9.9999928e-01 7.2057395e-07]
 [9.9999785e-01 2.1126830e-06]
 [9.9999762e-01 2.3513717e-06]
 [9.9999535e-01 4.6173209e-06]
 [9.9999857e-01 1.4230502e-06]
 [9.9999869e-01 1.2831041e-06]
 [9.9999797e-01 2.0695395e-06]
 [9.9999785e-01 2.1772348e-06]
 [9.9999762e-01 2.4322740e-06]
 [9.9999785e-01 2.1056851e-06]
 [9.9999750e-01 2.4983760e-06]
 [9.9999774e-01 2.2879935e-06]
 [9.9999821e-01 1.7747251e-06]
 [9.9999857e-01 1.4585387e-06]
 [9.9999774e-01 2.2988245e-06]
 [9.9999785e-01 2.0947411e-06]
 [9.9999630e-01 3.7412999e-06]
 [9.9999845e-01 1.5055954e-06]
 [9.9999797e-01 2.0533716e-06]
 [9.9999666e-01 3.3569831e-06]
 [9.9999726e-01 2.7479407e-06]
 [9.9999762e-01 2.4253902e-06]
 [9.9999666e-01 3.3627155e-06]
 [9.9999845e-01 1.5398568e-06]
 [9.9999619e-01 3.7744207e-06]
 [9.9999821e-01 1.7669093e-06]
 [9.9999893e-01 1.0739118e-06]
 [9.9999774e-01 2.3191601e-06]
 [9.9999845e-01 1.5574585e-06]
 [9.9999785e-01 2.1304454e-06]
 [9.9999833e-01 1.7102658e-06]
 [9.9999821e-01 1.8473309e-06]
 [9.9999690e-01 3.1072591e-06]
 [9.9999714e-01 2.8333338e-06]
 [9.9999857e-01 1.3877382e-06]
 [9.9999797e-01 2.0034843e-06]
 [9.9999726e-01 2.7193316e-06]
 [9.9999881e-01 1.1421813e-06]
 [9.9999821e-01 1.8301339e-06]
 [9.9999785e-01 2.1028295e-06]
 [9.9999833e-01 1.6646852e-06]
 [9.9999774e-01 2.3101911e-06]
 [9.9999881e-01 1.2423708e-06]
 [9.9999881e-01 1.1752529e-06]
 [9.9999750e-01 2.4607709e-06]
 [9.9999762e-01 2.3676203e-06]
 [9.9999797e-01 2.0436485e-06]
 [9.9999714e-01 2.8284421e-06]
 [9.9999845e-01 1.6057822e-06]
 [9.9999690e-01 3.1529751e-06]
 [9.9999845e-01 1.5128120e-06]
 [9.9999702e-01 2.9719570e-06]
 [9.9999738e-01 2.6382750e-06]
 [9.9999750e-01 2.5045642e-06]
 [9.9999797e-01 2.0574134e-06]
 [9.9999821e-01 1.8453446e-06]
 [9.9999237e-01 7.6198216e-06]
 [9.9999726e-01 2.6910900e-06]
 [9.9999809e-01 1.8606071e-06]
 [9.9999535e-01 4.6728001e-06]
 [9.9999571e-01 4.2727083e-06]
 [9.9999726e-01 2.7768217e-06]
 [9.9999690e-01 3.1419079e-06]
 [9.9999881e-01 1.1606605e-06]
 [9.9999690e-01 3.0819403e-06]
 [9.9999785e-01 2.1640878e-06]
 [9.9999905e-01 9.9253009e-07]
 [9.9999809e-01 1.9016029e-06]
 [9.9999809e-01 1.9514082e-06]
 [9.9999654e-01 3.4463160e-06]
 [9.9999869e-01 1.3305679e-06]
 [9.9999678e-01 3.2134603e-06]
 [9.9999762e-01 2.4137373e-06]
 [9.9999893e-01 1.0806164e-06]
 [9.9999905e-01 9.3373490e-07]
 [9.9999881e-01 1.2014010e-06]
 [9.9999833e-01 1.7041831e-06]
 [9.9999559e-01 4.4267317e-06]
 [9.9999774e-01 2.2968345e-06]
 [9.9999690e-01 3.0645456e-06]
 [9.9999487e-01 5.1536890e-06]
 [9.9999845e-01 1.5875270e-06]
 [9.9999845e-01 1.5673911e-06]
 [9.9999928e-01 7.7278361e-07]
 [9.9999857e-01 1.4304562e-06]
 [9.9999809e-01 1.9502436e-06]
 [9.9999762e-01 2.3678369e-06]
 [9.9999833e-01 1.6142376e-06]
 [9.9999797e-01 1.9989268e-06]
 [9.9999702e-01 2.9457231e-06]
 [9.9999821e-01 1.7507682e-06]
 [9.9999619e-01 3.8006297e-06]
 [9.9999774e-01 2.2718971e-06]
 [9.9999654e-01 3.4790146e-06]
 [9.9999750e-01 2.5117811e-06]
 [9.9999595e-01 4.0868499e-06]
 [9.9999726e-01 2.6990524e-06]
 [9.9999630e-01 3.7017242e-06]
 [9.9999702e-01 2.9298378e-06]
 [9.9999583e-01 4.2153133e-06]
 [9.9999297e-01 7.0186011e-06]
 [9.9999690e-01 3.0686165e-06]]
[2020-11-29 19:09:13,789]:INFO:kabuto: Q = [0.9999978146553039, 2.1873156495075817e-06]
[2020-11-29 19:09:13,789]:INFO:kabuto: Moving files ...
[2020-11-29 19:09:13,789]:INFO:kabuto: Directory ../../src/dir_predicted already exists.
[2020-11-29 19:09:13,790]:INFO:kabuto: Files successfully moved from '../../src/dir_to_predict' to '../../src/dir_predicted'
[2020-11-29 19:09:13,790]:INFO:kabuto: RESULT:
{'350': {'bcc': 0.999997923374176, 'fcc': 2.0747804007896775e-06}, '400': {'bcc': 0.9999981732368469, 'fcc': 1.8266003592088965e-06}, '150': {'bcc': 0.9999977464675903, 'fcc': 2.2539192312933666e-06}, '200': {'bcc': 0.9999982118606567, 'fcc': 1.784686454129769e-06}, '300': {'bcc': 0.9999980344772339, 'fcc': 1.964911212780862e-06}, '250': {'bcc': 0.9999980387687684, 'fcc': 1.9587154283726704e-06}, '50': {'bcc': 0.9999970502853394, 'fcc': 2.9516929546389293e-06}, '0': {'bcc': 0.9999990463256836, 'fcc': 1.0025662204498075e-06}, '100': {'bcc': 0.9999982500076294, 'fcc': 1.7534141610440201e-06}, '450': {'bcc': 0.9999978146553039, 'fcc': 2.1873156495075817e-06}}
[2020-11-29 19:09:13,790]:INFO:kabuto: Saving results to file: '../../src/results/results_2020_11_29_19_09_13.txt'
[2020-11-29 19:09:13,790]:INFO:kabuto: End of predicting.
