[2020-10-15 16:55:07,116]:INFO:kabuto: Command line arguments:
../../src/kabuto.py prepare bcc dump_10_timestep_bcc.file
[2020-10-15 16:55:07,116]:INFO:kabuto: 
******************************************************
                   ___            _______    ____
   | /     /\     |   |   |    |     |      /    \
   |<     /__\    |--<    |    |     |     |      |
   | \   /    \   |___|    \__/      |      \____/
******************************************************
                   Ondrej Bily
                  Diploma Thesis
                       2020
******************************************************

[2020-10-15 16:55:07,116]:INFO:kabuto: Available phases: {'bcc': 0, 'fcc': 1, 'hcp': 2, 'A15': 3, 'dis': 4}
[2020-10-15 16:55:07,116]:INFO:kabuto: Directory '../../src/results' already exists.
[2020-10-15 16:55:07,116]:INFO:kabuto: ACTION: prepare
preparing phase: bcc
preparing from file: dump_10_timestep_bcc.file
[2020-10-15 16:55:07,154]:INFO:kabuto: Calculating of descriptors begins
[2020-10-15 16:55:07,155]:INFO:kabuto: ... processing timestep #0
[2020-10-15 16:55:09,174]:INFO:kabuto: ... processing timestep #50
[2020-10-15 16:55:11,167]:INFO:kabuto: ... processing timestep #100
[2020-10-15 16:55:13,158]:INFO:kabuto: ... processing timestep #150
[2020-10-15 16:55:15,152]:INFO:kabuto: ... processing timestep #200
[2020-10-15 16:55:17,142]:INFO:kabuto: ... processing timestep #250
[2020-10-15 16:55:19,141]:INFO:kabuto: ... processing timestep #300
[2020-10-15 16:55:21,133]:INFO:kabuto: ... processing timestep #350
[2020-10-15 16:55:23,127]:INFO:kabuto: ... processing timestep #400
[2020-10-15 16:55:25,120]:INFO:kabuto: ... processing timestep #450
[2020-10-15 16:55:27,119]:INFO:kabuto: Calculating of descriptors ended
[2020-10-15 16:55:27,192]:INFO:kabuto: Dictionary 'timesteps' was saved to: dict_timesteps.json
[2020-10-15 16:55:27,192]:INFO:kabuto: Dictionary 'pbc_dict' was saved to: dict_pbc.json
[2020-10-15 16:55:27,192]:INFO:kabuto: Directory ../../src/dir_to_train already exists.
[2020-10-15 16:55:27,192]:INFO:kabuto: Saving timesteps to separate files begins
[2020-10-15 16:55:27,192]:INFO:kabuto: ... saving timestep #0 to file ../../src/dir_to_train/2020_10_15_16_55_27_0.txt
[2020-10-15 16:55:27,196]:INFO:kabuto: ... saving timestep #50 to file ../../src/dir_to_train/2020_10_15_16_55_27_50.txt
[2020-10-15 16:55:27,200]:INFO:kabuto: ... saving timestep #100 to file ../../src/dir_to_train/2020_10_15_16_55_27_100.txt
[2020-10-15 16:55:27,204]:INFO:kabuto: ... saving timestep #150 to file ../../src/dir_to_train/2020_10_15_16_55_27_150.txt
[2020-10-15 16:55:27,208]:INFO:kabuto: ... saving timestep #200 to file ../../src/dir_to_train/2020_10_15_16_55_27_200.txt
[2020-10-15 16:55:27,212]:INFO:kabuto: ... saving timestep #250 to file ../../src/dir_to_train/2020_10_15_16_55_27_250.txt
[2020-10-15 16:55:27,216]:INFO:kabuto: ... saving timestep #300 to file ../../src/dir_to_train/2020_10_15_16_55_27_300.txt
[2020-10-15 16:55:27,220]:INFO:kabuto: ... saving timestep #350 to file ../../src/dir_to_train/2020_10_15_16_55_27_350.txt
[2020-10-15 16:55:27,224]:INFO:kabuto: ... saving timestep #400 to file ../../src/dir_to_train/2020_10_15_16_55_27_400.txt
[2020-10-15 16:55:27,228]:INFO:kabuto: ... saving timestep #450 to file ../../src/dir_to_train/2020_10_15_16_55_27_450.txt
[2020-10-15 16:55:27,232]:INFO:kabuto: All timesteps were saved in '../../src/dir_to_train' folder
