[2020-10-15 16:59:39,890]:INFO:kabuto: Command line arguments:
../../src/kabuto.py prepare fcc dump_10_timestep_fcc.file
[2020-10-15 16:59:39,891]:INFO:kabuto: 
******************************************************
                   ___            _______    ____
   | /     /\     |   |   |    |     |      /    \
   |<     /__\    |--<    |    |     |     |      |
   | \   /    \   |___|    \__/      |      \____/
******************************************************
                   Ondrej Bily
                  Diploma Thesis
                       2020
******************************************************

[2020-10-15 16:59:39,892]:INFO:kabuto: Available phases: {'bcc': 0, 'fcc': 1, 'hcp': 2, 'A15': 3, 'dis': 4}
[2020-10-15 16:59:39,892]:INFO:kabuto: Directory '../../src/results' already exists.
[2020-10-15 16:59:39,892]:INFO:kabuto: ACTION: prepare
preparing phase: fcc
preparing from file: dump_10_timestep_fcc.file
[2020-10-15 16:59:39,938]:INFO:kabuto: Calculating of descriptors begins
[2020-10-15 16:59:39,938]:INFO:kabuto: ... processing timestep #0
[2020-10-15 16:59:48,037]:INFO:kabuto: ... processing timestep #50
[2020-10-15 16:59:56,132]:INFO:kabuto: ... processing timestep #100
[2020-10-15 17:00:04,257]:INFO:kabuto: ... processing timestep #150
[2020-10-15 17:00:12,512]:INFO:kabuto: ... processing timestep #200
[2020-10-15 17:00:20,797]:INFO:kabuto: ... processing timestep #250
[2020-10-15 17:00:30,347]:INFO:kabuto: ... processing timestep #300
[2020-10-15 17:00:39,593]:INFO:kabuto: ... processing timestep #350
[2020-10-15 17:00:48,174]:INFO:kabuto: ... processing timestep #400
[2020-10-15 17:00:57,148]:INFO:kabuto: ... processing timestep #450
[2020-10-15 17:01:05,777]:INFO:kabuto: Calculating of descriptors ended
[2020-10-15 17:01:05,885]:INFO:kabuto: Dictionary 'timesteps' was saved to: dict_timesteps.json
[2020-10-15 17:01:05,886]:INFO:kabuto: Dictionary 'pbc_dict' was saved to: dict_pbc.json
[2020-10-15 17:01:05,886]:INFO:kabuto: Directory ../../src/dir_to_train already exists.
[2020-10-15 17:01:05,886]:INFO:kabuto: Saving timesteps to separate files begins
[2020-10-15 17:01:05,886]:INFO:kabuto: ... saving timestep #0 to file ../../src/dir_to_train/2020_10_15_17_01_05_0.txt
[2020-10-15 17:01:05,893]:INFO:kabuto: ... saving timestep #50 to file ../../src/dir_to_train/2020_10_15_17_01_05_50.txt
[2020-10-15 17:01:05,901]:INFO:kabuto: ... saving timestep #100 to file ../../src/dir_to_train/2020_10_15_17_01_05_100.txt
[2020-10-15 17:01:05,909]:INFO:kabuto: ... saving timestep #150 to file ../../src/dir_to_train/2020_10_15_17_01_05_150.txt
[2020-10-15 17:01:05,917]:INFO:kabuto: ... saving timestep #200 to file ../../src/dir_to_train/2020_10_15_17_01_05_200.txt
[2020-10-15 17:01:05,925]:INFO:kabuto: ... saving timestep #250 to file ../../src/dir_to_train/2020_10_15_17_01_05_250.txt
[2020-10-15 17:01:05,932]:INFO:kabuto: ... saving timestep #300 to file ../../src/dir_to_train/2020_10_15_17_01_05_300.txt
[2020-10-15 17:01:05,940]:INFO:kabuto: ... saving timestep #350 to file ../../src/dir_to_train/2020_10_15_17_01_05_350.txt
[2020-10-15 17:01:05,948]:INFO:kabuto: ... saving timestep #400 to file ../../src/dir_to_train/2020_10_15_17_01_05_400.txt
[2020-10-15 17:01:05,960]:INFO:kabuto: ... saving timestep #450 to file ../../src/dir_to_train/2020_10_15_17_01_05_450.txt
[2020-10-15 17:01:05,972]:INFO:kabuto: All timesteps were saved in '../../src/dir_to_train' folder
