[2020-11-29 19:08:11,975]:INFO:kabuto: Command line arguments:
../../src/kabuto.py train nn1
[2020-11-29 19:08:11,975]:INFO:kabuto: 
******************************************************
                   ___            _______    ____
   | /     /\     |   |   |    |     |      /    \
   |<     /__\    |--<    |    |     |     |      |
   | \   /    \   |___|    \__/      |      \____/
******************************************************
                   Ondrej Bily
                  Diploma Thesis
                       2020
******************************************************

[2020-11-29 19:08:11,976]:INFO:kabuto: Available phases: {'bcc': 0, 'fcc': 1}
[2020-11-29 19:08:11,976]:INFO:kabuto: Directory '../../src/results' already exists.
[2020-11-29 19:08:11,976]:INFO:kabuto: ACTION: train
'nn1' is training from '../../src/dir_to_train' directory
[2020-11-29 19:08:11,976]:INFO:kabuto: Directory '../../src/saved_nn' already exists.
[2020-11-29 19:08:11,976]:INFO:kabuto: 1/400 ... processing file: 2020_11_28_18_06_29_0.txt
[2020-11-29 19:08:11,989]:INFO:kabuto: 2/400 ... processing file: 2020_11_28_18_06_29_100.txt
[2020-11-29 19:08:12,002]:INFO:kabuto: 3/400 ... processing file: 2020_11_28_18_06_29_1000.txt
[2020-11-29 19:08:12,011]:INFO:kabuto: 4/400 ... processing file: 2020_11_28_18_06_29_1050.txt
[2020-11-29 19:08:12,019]:INFO:kabuto: 5/400 ... processing file: 2020_11_28_18_06_29_1100.txt
[2020-11-29 19:08:12,027]:INFO:kabuto: 6/400 ... processing file: 2020_11_28_18_06_29_1150.txt
[2020-11-29 19:08:12,035]:INFO:kabuto: 7/400 ... processing file: 2020_11_28_18_06_29_1200.txt
[2020-11-29 19:08:12,042]:INFO:kabuto: 8/400 ... processing file: 2020_11_28_18_06_29_1250.txt
[2020-11-29 19:08:12,050]:INFO:kabuto: 9/400 ... processing file: 2020_11_28_18_06_29_1300.txt
[2020-11-29 19:08:12,058]:INFO:kabuto: 10/400 ... processing file: 2020_11_28_18_06_29_1350.txt
[2020-11-29 19:08:12,066]:INFO:kabuto: 11/400 ... processing file: 2020_11_28_18_06_29_1400.txt
[2020-11-29 19:08:12,074]:INFO:kabuto: 12/400 ... processing file: 2020_11_28_18_06_29_1450.txt
[2020-11-29 19:08:12,081]:INFO:kabuto: 13/400 ... processing file: 2020_11_28_18_06_29_150.txt
[2020-11-29 19:08:12,088]:INFO:kabuto: 14/400 ... processing file: 2020_11_28_18_06_29_1500.txt
[2020-11-29 19:08:12,095]:INFO:kabuto: 15/400 ... processing file: 2020_11_28_18_06_29_1550.txt
[2020-11-29 19:08:12,102]:INFO:kabuto: 16/400 ... processing file: 2020_11_28_18_06_29_1600.txt
[2020-11-29 19:08:12,109]:INFO:kabuto: 17/400 ... processing file: 2020_11_28_18_06_29_1650.txt
[2020-11-29 19:08:12,117]:INFO:kabuto: 18/400 ... processing file: 2020_11_28_18_06_29_1700.txt
[2020-11-29 19:08:12,124]:INFO:kabuto: 19/400 ... processing file: 2020_11_28_18_06_29_1750.txt
[2020-11-29 19:08:12,131]:INFO:kabuto: 20/400 ... processing file: 2020_11_28_18_06_29_1800.txt
[2020-11-29 19:08:12,138]:INFO:kabuto: 21/400 ... processing file: 2020_11_28_18_06_29_1850.txt
[2020-11-29 19:08:12,145]:INFO:kabuto: 22/400 ... processing file: 2020_11_28_18_06_29_1900.txt
[2020-11-29 19:08:12,152]:INFO:kabuto: 23/400 ... processing file: 2020_11_28_18_06_29_1950.txt
[2020-11-29 19:08:12,158]:INFO:kabuto: 24/400 ... processing file: 2020_11_28_18_06_29_200.txt
[2020-11-29 19:08:12,165]:INFO:kabuto: 25/400 ... processing file: 2020_11_28_18_06_29_2000.txt
[2020-11-29 19:08:12,172]:INFO:kabuto: 26/400 ... processing file: 2020_11_28_18_06_29_2050.txt
[2020-11-29 19:08:12,178]:INFO:kabuto: 27/400 ... processing file: 2020_11_28_18_06_29_2100.txt
[2020-11-29 19:08:12,185]:INFO:kabuto: 28/400 ... processing file: 2020_11_28_18_06_29_2150.txt
[2020-11-29 19:08:12,192]:INFO:kabuto: 29/400 ... processing file: 2020_11_28_18_06_29_2200.txt
[2020-11-29 19:08:12,198]:INFO:kabuto: 30/400 ... processing file: 2020_11_28_18_06_29_2250.txt
[2020-11-29 19:08:12,205]:INFO:kabuto: 31/400 ... processing file: 2020_11_28_18_06_29_2300.txt
[2020-11-29 19:08:12,211]:INFO:kabuto: 32/400 ... processing file: 2020_11_28_18_06_29_2350.txt
[2020-11-29 19:08:12,217]:INFO:kabuto: 33/400 ... processing file: 2020_11_28_18_06_29_2400.txt
[2020-11-29 19:08:12,224]:INFO:kabuto: 34/400 ... processing file: 2020_11_28_18_06_29_2450.txt
[2020-11-29 19:08:12,231]:INFO:kabuto: 35/400 ... processing file: 2020_11_28_18_06_29_250.txt
[2020-11-29 19:08:12,238]:INFO:kabuto: 36/400 ... processing file: 2020_11_28_18_06_29_2500.txt
[2020-11-29 19:08:12,245]:INFO:kabuto: 37/400 ... processing file: 2020_11_28_18_06_29_2550.txt
[2020-11-29 19:08:12,253]:INFO:kabuto: 38/400 ... processing file: 2020_11_28_18_06_29_2600.txt
[2020-11-29 19:08:12,260]:INFO:kabuto: 39/400 ... processing file: 2020_11_28_18_06_29_2650.txt
[2020-11-29 19:08:12,268]:INFO:kabuto: 40/400 ... processing file: 2020_11_28_18_06_29_2700.txt
[2020-11-29 19:08:12,276]:INFO:kabuto: 41/400 ... processing file: 2020_11_28_18_06_29_2750.txt
[2020-11-29 19:08:12,284]:INFO:kabuto: 42/400 ... processing file: 2020_11_28_18_06_29_2800.txt
[2020-11-29 19:08:12,292]:INFO:kabuto: 43/400 ... processing file: 2020_11_28_18_06_29_2850.txt
[2020-11-29 19:08:12,301]:INFO:kabuto: 44/400 ... processing file: 2020_11_28_18_06_29_2900.txt
[2020-11-29 19:08:12,309]:INFO:kabuto: 45/400 ... processing file: 2020_11_28_18_06_29_2950.txt
[2020-11-29 19:08:12,317]:INFO:kabuto: 46/400 ... processing file: 2020_11_28_18_06_29_300.txt
[2020-11-29 19:08:12,325]:INFO:kabuto: 47/400 ... processing file: 2020_11_28_18_06_29_3000.txt
[2020-11-29 19:08:12,332]:INFO:kabuto: 48/400 ... processing file: 2020_11_28_18_06_29_3050.txt
[2020-11-29 19:08:12,340]:INFO:kabuto: 49/400 ... processing file: 2020_11_28_18_06_29_3100.txt
[2020-11-29 19:08:12,348]:INFO:kabuto: 50/400 ... processing file: 2020_11_28_18_06_29_3150.txt
[2020-11-29 19:08:12,357]:INFO:kabuto: 51/400 ... processing file: 2020_11_28_18_06_29_3200.txt
[2020-11-29 19:08:12,365]:INFO:kabuto: 52/400 ... processing file: 2020_11_28_18_06_29_3250.txt
[2020-11-29 19:08:12,374]:INFO:kabuto: 53/400 ... processing file: 2020_11_28_18_06_29_3300.txt
[2020-11-29 19:08:12,382]:INFO:kabuto: 54/400 ... processing file: 2020_11_28_18_06_29_3350.txt
[2020-11-29 19:08:12,390]:INFO:kabuto: 55/400 ... processing file: 2020_11_28_18_06_29_3400.txt
[2020-11-29 19:08:12,398]:INFO:kabuto: 56/400 ... processing file: 2020_11_28_18_06_29_3450.txt
[2020-11-29 19:08:12,406]:INFO:kabuto: 57/400 ... processing file: 2020_11_28_18_06_29_350.txt
[2020-11-29 19:08:12,413]:INFO:kabuto: 58/400 ... processing file: 2020_11_28_18_06_29_3500.txt
[2020-11-29 19:08:12,421]:INFO:kabuto: 59/400 ... processing file: 2020_11_28_18_06_29_3550.txt
[2020-11-29 19:08:12,428]:INFO:kabuto: 60/400 ... processing file: 2020_11_28_18_06_29_3600.txt
[2020-11-29 19:08:12,436]:INFO:kabuto: 61/400 ... processing file: 2020_11_28_18_06_29_3650.txt
[2020-11-29 19:08:12,443]:INFO:kabuto: 62/400 ... processing file: 2020_11_28_18_06_29_3700.txt
[2020-11-29 19:08:12,450]:INFO:kabuto: 63/400 ... processing file: 2020_11_28_18_06_29_3750.txt
[2020-11-29 19:08:12,457]:INFO:kabuto: 64/400 ... processing file: 2020_11_28_18_06_29_3800.txt
[2020-11-29 19:08:12,464]:INFO:kabuto: 65/400 ... processing file: 2020_11_28_18_06_29_3850.txt
[2020-11-29 19:08:12,471]:INFO:kabuto: 66/400 ... processing file: 2020_11_28_18_06_29_3900.txt
[2020-11-29 19:08:12,477]:INFO:kabuto: 67/400 ... processing file: 2020_11_28_18_06_29_3950.txt
[2020-11-29 19:08:12,485]:INFO:kabuto: 68/400 ... processing file: 2020_11_28_18_06_29_400.txt
[2020-11-29 19:08:12,492]:INFO:kabuto: 69/400 ... processing file: 2020_11_28_18_06_29_4000.txt
[2020-11-29 19:08:12,499]:INFO:kabuto: 70/400 ... processing file: 2020_11_28_18_06_29_4050.txt
[2020-11-29 19:08:12,506]:INFO:kabuto: 71/400 ... processing file: 2020_11_28_18_06_29_4100.txt
[2020-11-29 19:08:12,514]:INFO:kabuto: 72/400 ... processing file: 2020_11_28_18_06_29_4150.txt
[2020-11-29 19:08:12,521]:INFO:kabuto: 73/400 ... processing file: 2020_11_28_18_06_29_4200.txt
[2020-11-29 19:08:12,528]:INFO:kabuto: 74/400 ... processing file: 2020_11_28_18_06_29_4250.txt
[2020-11-29 19:08:12,536]:INFO:kabuto: 75/400 ... processing file: 2020_11_28_18_06_29_4300.txt
[2020-11-29 19:08:12,543]:INFO:kabuto: 76/400 ... processing file: 2020_11_28_18_06_29_4350.txt
[2020-11-29 19:08:12,550]:INFO:kabuto: 77/400 ... processing file: 2020_11_28_18_06_29_4400.txt
[2020-11-29 19:08:12,557]:INFO:kabuto: 78/400 ... processing file: 2020_11_28_18_06_29_4450.txt
[2020-11-29 19:08:12,563]:INFO:kabuto: 79/400 ... processing file: 2020_11_28_18_06_29_450.txt
[2020-11-29 19:08:12,570]:INFO:kabuto: 80/400 ... processing file: 2020_11_28_18_06_29_4500.txt
[2020-11-29 19:08:12,577]:INFO:kabuto: 81/400 ... processing file: 2020_11_28_18_06_29_4550.txt
[2020-11-29 19:08:12,584]:INFO:kabuto: 82/400 ... processing file: 2020_11_28_18_06_29_4600.txt
[2020-11-29 19:08:12,591]:INFO:kabuto: 83/400 ... processing file: 2020_11_28_18_06_29_4650.txt
[2020-11-29 19:08:12,597]:INFO:kabuto: 84/400 ... processing file: 2020_11_28_18_06_29_4700.txt
[2020-11-29 19:08:12,605]:INFO:kabuto: 85/400 ... processing file: 2020_11_28_18_06_29_4750.txt
[2020-11-29 19:08:12,658]:INFO:kabuto: 86/400 ... processing file: 2020_11_28_18_06_29_4800.txt
[2020-11-29 19:08:12,670]:INFO:kabuto: 87/400 ... processing file: 2020_11_28_18_06_29_4850.txt
[2020-11-29 19:08:12,679]:INFO:kabuto: 88/400 ... processing file: 2020_11_28_18_06_29_4900.txt
[2020-11-29 19:08:12,688]:INFO:kabuto: 89/400 ... processing file: 2020_11_28_18_06_29_4950.txt
[2020-11-29 19:08:12,696]:INFO:kabuto: 90/400 ... processing file: 2020_11_28_18_06_29_50.txt
[2020-11-29 19:08:12,703]:INFO:kabuto: 91/400 ... processing file: 2020_11_28_18_06_29_500.txt
[2020-11-29 19:08:12,711]:INFO:kabuto: 92/400 ... processing file: 2020_11_28_18_06_29_5000.txt
[2020-11-29 19:08:12,719]:INFO:kabuto: 93/400 ... processing file: 2020_11_28_18_06_29_5050.txt
[2020-11-29 19:08:12,727]:INFO:kabuto: 94/400 ... processing file: 2020_11_28_18_06_29_5100.txt
[2020-11-29 19:08:12,735]:INFO:kabuto: 95/400 ... processing file: 2020_11_28_18_06_29_5150.txt
[2020-11-29 19:08:12,743]:INFO:kabuto: 96/400 ... processing file: 2020_11_28_18_06_29_5200.txt
[2020-11-29 19:08:12,752]:INFO:kabuto: 97/400 ... processing file: 2020_11_28_18_06_29_550.txt
[2020-11-29 19:08:12,760]:INFO:kabuto: 98/400 ... processing file: 2020_11_28_18_06_29_600.txt
[2020-11-29 19:08:12,768]:INFO:kabuto: 99/400 ... processing file: 2020_11_28_18_06_29_650.txt
[2020-11-29 19:08:12,777]:INFO:kabuto: 100/400 ... processing file: 2020_11_28_18_06_29_700.txt
[2020-11-29 19:08:12,785]:INFO:kabuto: 101/400 ... processing file: 2020_11_28_18_06_29_750.txt
[2020-11-29 19:08:12,792]:INFO:kabuto: 102/400 ... processing file: 2020_11_28_18_06_29_800.txt
[2020-11-29 19:08:12,802]:INFO:kabuto: 103/400 ... processing file: 2020_11_28_18_06_29_850.txt
[2020-11-29 19:08:12,811]:INFO:kabuto: 104/400 ... processing file: 2020_11_28_18_06_29_900.txt
[2020-11-29 19:08:12,819]:INFO:kabuto: 105/400 ... processing file: 2020_11_28_18_06_29_950.txt
[2020-11-29 19:08:12,827]:INFO:kabuto: 106/400 ... processing file: 2020_11_28_18_06_30_5250.txt
[2020-11-29 19:08:12,835]:INFO:kabuto: 107/400 ... processing file: 2020_11_28_18_06_30_5300.txt
[2020-11-29 19:08:12,843]:INFO:kabuto: 108/400 ... processing file: 2020_11_28_18_06_30_5350.txt
[2020-11-29 19:08:12,853]:INFO:kabuto: 109/400 ... processing file: 2020_11_28_18_06_30_5400.txt
[2020-11-29 19:08:12,865]:INFO:kabuto: 110/400 ... processing file: 2020_11_28_18_06_30_5450.txt
[2020-11-29 19:08:12,876]:INFO:kabuto: 111/400 ... processing file: 2020_11_28_18_06_30_5500.txt
[2020-11-29 19:08:12,884]:INFO:kabuto: 112/400 ... processing file: 2020_11_28_18_06_30_5550.txt
[2020-11-29 19:08:12,892]:INFO:kabuto: 113/400 ... processing file: 2020_11_28_18_06_30_5600.txt
[2020-11-29 19:08:12,900]:INFO:kabuto: 114/400 ... processing file: 2020_11_28_18_06_30_5650.txt
[2020-11-29 19:08:12,908]:INFO:kabuto: 115/400 ... processing file: 2020_11_28_18_06_30_5700.txt
[2020-11-29 19:08:12,916]:INFO:kabuto: 116/400 ... processing file: 2020_11_28_18_06_30_5750.txt
[2020-11-29 19:08:12,924]:INFO:kabuto: 117/400 ... processing file: 2020_11_28_18_06_30_5800.txt
[2020-11-29 19:08:12,932]:INFO:kabuto: 118/400 ... processing file: 2020_11_28_18_06_30_5850.txt
[2020-11-29 19:08:12,939]:INFO:kabuto: 119/400 ... processing file: 2020_11_28_18_06_30_5900.txt
[2020-11-29 19:08:12,948]:INFO:kabuto: 120/400 ... processing file: 2020_11_28_18_06_30_5950.txt
[2020-11-29 19:08:12,956]:INFO:kabuto: 121/400 ... processing file: 2020_11_28_18_06_30_6000.txt
[2020-11-29 19:08:12,964]:INFO:kabuto: 122/400 ... processing file: 2020_11_28_18_06_30_6050.txt
[2020-11-29 19:08:12,972]:INFO:kabuto: 123/400 ... processing file: 2020_11_28_18_06_30_6100.txt
[2020-11-29 19:08:12,980]:INFO:kabuto: 124/400 ... processing file: 2020_11_28_18_06_30_6150.txt
[2020-11-29 19:08:12,988]:INFO:kabuto: 125/400 ... processing file: 2020_11_28_18_06_30_6200.txt
[2020-11-29 19:08:12,996]:INFO:kabuto: 126/400 ... processing file: 2020_11_28_18_06_30_6250.txt
[2020-11-29 19:08:13,005]:INFO:kabuto: 127/400 ... processing file: 2020_11_28_18_06_30_6300.txt
[2020-11-29 19:08:13,013]:INFO:kabuto: 128/400 ... processing file: 2020_11_28_18_06_30_6350.txt
[2020-11-29 19:08:13,021]:INFO:kabuto: 129/400 ... processing file: 2020_11_28_18_06_30_6400.txt
[2020-11-29 19:08:13,029]:INFO:kabuto: 130/400 ... processing file: 2020_11_28_18_06_30_6450.txt
[2020-11-29 19:08:13,037]:INFO:kabuto: 131/400 ... processing file: 2020_11_28_18_06_30_6500.txt
[2020-11-29 19:08:13,044]:INFO:kabuto: 132/400 ... processing file: 2020_11_28_18_06_30_6550.txt
[2020-11-29 19:08:13,052]:INFO:kabuto: 133/400 ... processing file: 2020_11_28_18_06_30_6600.txt
[2020-11-29 19:08:13,060]:INFO:kabuto: 134/400 ... processing file: 2020_11_28_18_06_30_6650.txt
[2020-11-29 19:08:13,067]:INFO:kabuto: 135/400 ... processing file: 2020_11_28_18_06_30_6700.txt
[2020-11-29 19:08:13,074]:INFO:kabuto: 136/400 ... processing file: 2020_11_28_18_06_30_6750.txt
[2020-11-29 19:08:13,082]:INFO:kabuto: 137/400 ... processing file: 2020_11_28_18_06_30_6800.txt
[2020-11-29 19:08:13,089]:INFO:kabuto: 138/400 ... processing file: 2020_11_28_18_06_30_6850.txt
[2020-11-29 19:08:13,096]:INFO:kabuto: 139/400 ... processing file: 2020_11_28_18_06_30_6900.txt
[2020-11-29 19:08:13,103]:INFO:kabuto: 140/400 ... processing file: 2020_11_28_18_06_30_6950.txt
[2020-11-29 19:08:13,109]:INFO:kabuto: 141/400 ... processing file: 2020_11_28_18_06_30_7000.txt
[2020-11-29 19:08:13,116]:INFO:kabuto: 142/400 ... processing file: 2020_11_28_18_06_30_7050.txt
[2020-11-29 19:08:13,123]:INFO:kabuto: 143/400 ... processing file: 2020_11_28_18_06_30_7100.txt
[2020-11-29 19:08:13,131]:INFO:kabuto: 144/400 ... processing file: 2020_11_28_18_06_30_7150.txt
[2020-11-29 19:08:13,138]:INFO:kabuto: 145/400 ... processing file: 2020_11_28_18_06_30_7200.txt
[2020-11-29 19:08:13,144]:INFO:kabuto: 146/400 ... processing file: 2020_11_28_18_06_30_7250.txt
[2020-11-29 19:08:13,151]:INFO:kabuto: 147/400 ... processing file: 2020_11_28_18_06_30_7300.txt
[2020-11-29 19:08:13,158]:INFO:kabuto: 148/400 ... processing file: 2020_11_28_18_06_30_7350.txt
[2020-11-29 19:08:13,165]:INFO:kabuto: 149/400 ... processing file: 2020_11_28_18_06_30_7400.txt
[2020-11-29 19:08:13,172]:INFO:kabuto: 150/400 ... processing file: 2020_11_28_18_06_30_7450.txt
[2020-11-29 19:08:13,179]:INFO:kabuto: 151/400 ... processing file: 2020_11_28_18_06_30_7500.txt
[2020-11-29 19:08:13,185]:INFO:kabuto: 152/400 ... processing file: 2020_11_28_18_06_30_7550.txt
[2020-11-29 19:08:13,194]:INFO:kabuto: 153/400 ... processing file: 2020_11_28_18_06_30_7600.txt
[2020-11-29 19:08:13,202]:INFO:kabuto: 154/400 ... processing file: 2020_11_28_18_06_30_7650.txt
[2020-11-29 19:08:13,210]:INFO:kabuto: 155/400 ... processing file: 2020_11_28_18_06_30_7700.txt
[2020-11-29 19:08:13,217]:INFO:kabuto: 156/400 ... processing file: 2020_11_28_18_06_30_7750.txt
[2020-11-29 19:08:13,224]:INFO:kabuto: 157/400 ... processing file: 2020_11_28_18_06_30_7800.txt
[2020-11-29 19:08:13,231]:INFO:kabuto: 158/400 ... processing file: 2020_11_28_18_06_30_7850.txt
[2020-11-29 19:08:13,238]:INFO:kabuto: 159/400 ... processing file: 2020_11_28_18_06_30_7900.txt
[2020-11-29 19:08:13,245]:INFO:kabuto: 160/400 ... processing file: 2020_11_28_18_06_30_7950.txt
[2020-11-29 19:08:13,252]:INFO:kabuto: 161/400 ... processing file: 2020_11_28_18_06_30_8000.txt
[2020-11-29 19:08:13,259]:INFO:kabuto: 162/400 ... processing file: 2020_11_28_18_06_30_8050.txt
[2020-11-29 19:08:13,266]:INFO:kabuto: 163/400 ... processing file: 2020_11_28_18_06_30_8100.txt
[2020-11-29 19:08:13,273]:INFO:kabuto: 164/400 ... processing file: 2020_11_28_18_06_30_8150.txt
[2020-11-29 19:08:13,279]:INFO:kabuto: 165/400 ... processing file: 2020_11_28_18_06_30_8200.txt
[2020-11-29 19:08:13,286]:INFO:kabuto: 166/400 ... processing file: 2020_11_28_18_06_30_8250.txt
[2020-11-29 19:08:13,293]:INFO:kabuto: 167/400 ... processing file: 2020_11_28_18_06_30_8300.txt
[2020-11-29 19:08:13,300]:INFO:kabuto: 168/400 ... processing file: 2020_11_28_18_06_30_8350.txt
[2020-11-29 19:08:13,307]:INFO:kabuto: 169/400 ... processing file: 2020_11_28_18_06_30_8400.txt
[2020-11-29 19:08:13,315]:INFO:kabuto: 170/400 ... processing file: 2020_11_28_18_06_30_8450.txt
[2020-11-29 19:08:13,322]:INFO:kabuto: 171/400 ... processing file: 2020_11_28_18_06_30_8500.txt
[2020-11-29 19:08:13,329]:INFO:kabuto: 172/400 ... processing file: 2020_11_28_18_06_30_8550.txt
[2020-11-29 19:08:13,336]:INFO:kabuto: 173/400 ... processing file: 2020_11_28_18_06_30_8600.txt
[2020-11-29 19:08:13,343]:INFO:kabuto: 174/400 ... processing file: 2020_11_28_18_06_30_8650.txt
[2020-11-29 19:08:13,350]:INFO:kabuto: 175/400 ... processing file: 2020_11_28_18_06_30_8700.txt
[2020-11-29 19:08:13,357]:INFO:kabuto: 176/400 ... processing file: 2020_11_28_18_06_30_8750.txt
[2020-11-29 19:08:13,363]:INFO:kabuto: 177/400 ... processing file: 2020_11_28_18_06_30_8800.txt
[2020-11-29 19:08:13,370]:INFO:kabuto: 178/400 ... processing file: 2020_11_28_18_06_30_8850.txt
[2020-11-29 19:08:13,376]:INFO:kabuto: 179/400 ... processing file: 2020_11_28_18_06_30_8900.txt
[2020-11-29 19:08:13,383]:INFO:kabuto: 180/400 ... processing file: 2020_11_28_18_06_30_8950.txt
[2020-11-29 19:08:13,389]:INFO:kabuto: 181/400 ... processing file: 2020_11_28_18_06_30_9000.txt
[2020-11-29 19:08:13,396]:INFO:kabuto: 182/400 ... processing file: 2020_11_28_18_06_30_9050.txt
[2020-11-29 19:08:13,402]:INFO:kabuto: 183/400 ... processing file: 2020_11_28_18_06_30_9100.txt
[2020-11-29 19:08:13,409]:INFO:kabuto: 184/400 ... processing file: 2020_11_28_18_06_30_9150.txt
[2020-11-29 19:08:13,416]:INFO:kabuto: 185/400 ... processing file: 2020_11_28_18_06_30_9200.txt
[2020-11-29 19:08:13,423]:INFO:kabuto: 186/400 ... processing file: 2020_11_28_18_06_30_9250.txt
[2020-11-29 19:08:13,432]:INFO:kabuto: 187/400 ... processing file: 2020_11_28_18_06_30_9300.txt
[2020-11-29 19:08:13,440]:INFO:kabuto: 188/400 ... processing file: 2020_11_28_18_06_30_9350.txt
[2020-11-29 19:08:13,447]:INFO:kabuto: 189/400 ... processing file: 2020_11_28_18_06_30_9400.txt
[2020-11-29 19:08:13,454]:INFO:kabuto: 190/400 ... processing file: 2020_11_28_18_06_30_9450.txt
[2020-11-29 19:08:13,461]:INFO:kabuto: 191/400 ... processing file: 2020_11_28_18_06_30_9500.txt
[2020-11-29 19:08:13,468]:INFO:kabuto: 192/400 ... processing file: 2020_11_28_18_06_30_9550.txt
[2020-11-29 19:08:13,475]:INFO:kabuto: 193/400 ... processing file: 2020_11_28_18_06_30_9600.txt
[2020-11-29 19:08:13,486]:INFO:kabuto: 194/400 ... processing file: 2020_11_28_18_06_30_9650.txt
[2020-11-29 19:08:13,494]:INFO:kabuto: 195/400 ... processing file: 2020_11_28_18_06_30_9700.txt
[2020-11-29 19:08:13,501]:INFO:kabuto: 196/400 ... processing file: 2020_11_28_18_06_30_9750.txt
[2020-11-29 19:08:13,508]:INFO:kabuto: 197/400 ... processing file: 2020_11_28_18_06_30_9800.txt
[2020-11-29 19:08:13,514]:INFO:kabuto: 198/400 ... processing file: 2020_11_28_18_06_30_9850.txt
[2020-11-29 19:08:13,521]:INFO:kabuto: 199/400 ... processing file: 2020_11_28_18_06_30_9900.txt
[2020-11-29 19:08:13,528]:INFO:kabuto: 200/400 ... processing file: 2020_11_28_18_06_30_9950.txt
[2020-11-29 19:08:13,535]:INFO:kabuto: 201/400 ... processing file: 2020_11_28_18_12_19_0.txt
[2020-11-29 19:08:13,539]:INFO:kabuto: 202/400 ... processing file: 2020_11_28_18_12_19_100.txt
[2020-11-29 19:08:13,542]:INFO:kabuto: 203/400 ... processing file: 2020_11_28_18_12_19_1000.txt
[2020-11-29 19:08:13,545]:INFO:kabuto: 204/400 ... processing file: 2020_11_28_18_12_19_1050.txt
[2020-11-29 19:08:13,549]:INFO:kabuto: 205/400 ... processing file: 2020_11_28_18_12_19_1100.txt
[2020-11-29 19:08:13,554]:INFO:kabuto: 206/400 ... processing file: 2020_11_28_18_12_19_1150.txt
[2020-11-29 19:08:13,558]:INFO:kabuto: 207/400 ... processing file: 2020_11_28_18_12_19_1200.txt
[2020-11-29 19:08:13,561]:INFO:kabuto: 208/400 ... processing file: 2020_11_28_18_12_19_1250.txt
[2020-11-29 19:08:13,565]:INFO:kabuto: 209/400 ... processing file: 2020_11_28_18_12_19_1300.txt
[2020-11-29 19:08:13,568]:INFO:kabuto: 210/400 ... processing file: 2020_11_28_18_12_19_1350.txt
[2020-11-29 19:08:13,572]:INFO:kabuto: 211/400 ... processing file: 2020_11_28_18_12_19_1400.txt
[2020-11-29 19:08:13,575]:INFO:kabuto: 212/400 ... processing file: 2020_11_28_18_12_19_1450.txt
[2020-11-29 19:08:13,578]:INFO:kabuto: 213/400 ... processing file: 2020_11_28_18_12_19_150.txt
[2020-11-29 19:08:13,582]:INFO:kabuto: 214/400 ... processing file: 2020_11_28_18_12_19_1500.txt
[2020-11-29 19:08:13,586]:INFO:kabuto: 215/400 ... processing file: 2020_11_28_18_12_19_1550.txt
[2020-11-29 19:08:13,589]:INFO:kabuto: 216/400 ... processing file: 2020_11_28_18_12_19_1600.txt
[2020-11-29 19:08:13,593]:INFO:kabuto: 217/400 ... processing file: 2020_11_28_18_12_19_1650.txt
[2020-11-29 19:08:13,596]:INFO:kabuto: 218/400 ... processing file: 2020_11_28_18_12_19_1700.txt
[2020-11-29 19:08:13,600]:INFO:kabuto: 219/400 ... processing file: 2020_11_28_18_12_19_1750.txt
[2020-11-29 19:08:13,603]:INFO:kabuto: 220/400 ... processing file: 2020_11_28_18_12_19_1800.txt
[2020-11-29 19:08:13,607]:INFO:kabuto: 221/400 ... processing file: 2020_11_28_18_12_19_1850.txt
[2020-11-29 19:08:13,610]:INFO:kabuto: 222/400 ... processing file: 2020_11_28_18_12_19_1900.txt
[2020-11-29 19:08:13,614]:INFO:kabuto: 223/400 ... processing file: 2020_11_28_18_12_19_1950.txt
[2020-11-29 19:08:13,617]:INFO:kabuto: 224/400 ... processing file: 2020_11_28_18_12_19_200.txt
[2020-11-29 19:08:13,620]:INFO:kabuto: 225/400 ... processing file: 2020_11_28_18_12_19_2000.txt
[2020-11-29 19:08:13,624]:INFO:kabuto: 226/400 ... processing file: 2020_11_28_18_12_19_2050.txt
[2020-11-29 19:08:13,627]:INFO:kabuto: 227/400 ... processing file: 2020_11_28_18_12_19_2100.txt
[2020-11-29 19:08:13,630]:INFO:kabuto: 228/400 ... processing file: 2020_11_28_18_12_19_2150.txt
[2020-11-29 19:08:13,634]:INFO:kabuto: 229/400 ... processing file: 2020_11_28_18_12_19_2200.txt
[2020-11-29 19:08:13,637]:INFO:kabuto: 230/400 ... processing file: 2020_11_28_18_12_19_2250.txt
[2020-11-29 19:08:13,641]:INFO:kabuto: 231/400 ... processing file: 2020_11_28_18_12_19_2300.txt
[2020-11-29 19:08:13,644]:INFO:kabuto: 232/400 ... processing file: 2020_11_28_18_12_19_2350.txt
[2020-11-29 19:08:13,647]:INFO:kabuto: 233/400 ... processing file: 2020_11_28_18_12_19_2400.txt
[2020-11-29 19:08:13,652]:INFO:kabuto: 234/400 ... processing file: 2020_11_28_18_12_19_2450.txt
[2020-11-29 19:08:13,655]:INFO:kabuto: 235/400 ... processing file: 2020_11_28_18_12_19_250.txt
[2020-11-29 19:08:13,659]:INFO:kabuto: 236/400 ... processing file: 2020_11_28_18_12_19_2500.txt
[2020-11-29 19:08:13,663]:INFO:kabuto: 237/400 ... processing file: 2020_11_28_18_12_19_2550.txt
[2020-11-29 19:08:13,666]:INFO:kabuto: 238/400 ... processing file: 2020_11_28_18_12_19_2600.txt
[2020-11-29 19:08:13,671]:INFO:kabuto: 239/400 ... processing file: 2020_11_28_18_12_19_2650.txt
[2020-11-29 19:08:13,675]:INFO:kabuto: 240/400 ... processing file: 2020_11_28_18_12_19_2700.txt
[2020-11-29 19:08:13,679]:INFO:kabuto: 241/400 ... processing file: 2020_11_28_18_12_19_2750.txt
[2020-11-29 19:08:13,683]:INFO:kabuto: 242/400 ... processing file: 2020_11_28_18_12_19_2800.txt
[2020-11-29 19:08:13,687]:INFO:kabuto: 243/400 ... processing file: 2020_11_28_18_12_19_2850.txt
[2020-11-29 19:08:13,691]:INFO:kabuto: 244/400 ... processing file: 2020_11_28_18_12_19_2900.txt
[2020-11-29 19:08:13,694]:INFO:kabuto: 245/400 ... processing file: 2020_11_28_18_12_19_2950.txt
[2020-11-29 19:08:13,698]:INFO:kabuto: 246/400 ... processing file: 2020_11_28_18_12_19_300.txt
[2020-11-29 19:08:13,702]:INFO:kabuto: 247/400 ... processing file: 2020_11_28_18_12_19_3000.txt
[2020-11-29 19:08:13,705]:INFO:kabuto: 248/400 ... processing file: 2020_11_28_18_12_19_3050.txt
[2020-11-29 19:08:13,709]:INFO:kabuto: 249/400 ... processing file: 2020_11_28_18_12_19_3100.txt
[2020-11-29 19:08:13,712]:INFO:kabuto: 250/400 ... processing file: 2020_11_28_18_12_19_3150.txt
[2020-11-29 19:08:13,716]:INFO:kabuto: 251/400 ... processing file: 2020_11_28_18_12_19_3200.txt
[2020-11-29 19:08:13,719]:INFO:kabuto: 252/400 ... processing file: 2020_11_28_18_12_19_3250.txt
[2020-11-29 19:08:13,723]:INFO:kabuto: 253/400 ... processing file: 2020_11_28_18_12_19_3300.txt
[2020-11-29 19:08:13,726]:INFO:kabuto: 254/400 ... processing file: 2020_11_28_18_12_19_3350.txt
[2020-11-29 19:08:13,730]:INFO:kabuto: 255/400 ... processing file: 2020_11_28_18_12_19_3400.txt
[2020-11-29 19:08:13,734]:INFO:kabuto: 256/400 ... processing file: 2020_11_28_18_12_19_3450.txt
[2020-11-29 19:08:13,738]:INFO:kabuto: 257/400 ... processing file: 2020_11_28_18_12_19_350.txt
[2020-11-29 19:08:13,742]:INFO:kabuto: 258/400 ... processing file: 2020_11_28_18_12_19_3500.txt
[2020-11-29 19:08:13,745]:INFO:kabuto: 259/400 ... processing file: 2020_11_28_18_12_19_3550.txt
[2020-11-29 19:08:13,749]:INFO:kabuto: 260/400 ... processing file: 2020_11_28_18_12_19_3600.txt
[2020-11-29 19:08:13,752]:INFO:kabuto: 261/400 ... processing file: 2020_11_28_18_12_19_3650.txt
[2020-11-29 19:08:13,756]:INFO:kabuto: 262/400 ... processing file: 2020_11_28_18_12_19_3700.txt
[2020-11-29 19:08:13,759]:INFO:kabuto: 263/400 ... processing file: 2020_11_28_18_12_19_3750.txt
[2020-11-29 19:08:13,763]:INFO:kabuto: 264/400 ... processing file: 2020_11_28_18_12_19_3800.txt
[2020-11-29 19:08:13,766]:INFO:kabuto: 265/400 ... processing file: 2020_11_28_18_12_19_3850.txt
[2020-11-29 19:08:13,769]:INFO:kabuto: 266/400 ... processing file: 2020_11_28_18_12_19_3900.txt
[2020-11-29 19:08:13,773]:INFO:kabuto: 267/400 ... processing file: 2020_11_28_18_12_19_3950.txt
[2020-11-29 19:08:13,776]:INFO:kabuto: 268/400 ... processing file: 2020_11_28_18_12_19_400.txt
[2020-11-29 19:08:13,780]:INFO:kabuto: 269/400 ... processing file: 2020_11_28_18_12_19_4000.txt
[2020-11-29 19:08:13,783]:INFO:kabuto: 270/400 ... processing file: 2020_11_28_18_12_19_4050.txt
[2020-11-29 19:08:13,787]:INFO:kabuto: 271/400 ... processing file: 2020_11_28_18_12_19_4100.txt
[2020-11-29 19:08:13,791]:INFO:kabuto: 272/400 ... processing file: 2020_11_28_18_12_19_4150.txt
[2020-11-29 19:08:13,795]:INFO:kabuto: 273/400 ... processing file: 2020_11_28_18_12_19_4200.txt
[2020-11-29 19:08:13,799]:INFO:kabuto: 274/400 ... processing file: 2020_11_28_18_12_19_4250.txt
[2020-11-29 19:08:13,802]:INFO:kabuto: 275/400 ... processing file: 2020_11_28_18_12_19_4300.txt
[2020-11-29 19:08:13,806]:INFO:kabuto: 276/400 ... processing file: 2020_11_28_18_12_19_4350.txt
[2020-11-29 19:08:13,809]:INFO:kabuto: 277/400 ... processing file: 2020_11_28_18_12_19_4400.txt
[2020-11-29 19:08:13,812]:INFO:kabuto: 278/400 ... processing file: 2020_11_28_18_12_19_4450.txt
[2020-11-29 19:08:13,816]:INFO:kabuto: 279/400 ... processing file: 2020_11_28_18_12_19_450.txt
[2020-11-29 19:08:13,819]:INFO:kabuto: 280/400 ... processing file: 2020_11_28_18_12_19_4500.txt
[2020-11-29 19:08:13,823]:INFO:kabuto: 281/400 ... processing file: 2020_11_28_18_12_19_4550.txt
[2020-11-29 19:08:13,826]:INFO:kabuto: 282/400 ... processing file: 2020_11_28_18_12_19_4600.txt
[2020-11-29 19:08:13,829]:INFO:kabuto: 283/400 ... processing file: 2020_11_28_18_12_19_4650.txt
[2020-11-29 19:08:13,833]:INFO:kabuto: 284/400 ... processing file: 2020_11_28_18_12_19_4700.txt
[2020-11-29 19:08:13,836]:INFO:kabuto: 285/400 ... processing file: 2020_11_28_18_12_19_4750.txt
[2020-11-29 19:08:13,840]:INFO:kabuto: 286/400 ... processing file: 2020_11_28_18_12_19_4800.txt
[2020-11-29 19:08:13,843]:INFO:kabuto: 287/400 ... processing file: 2020_11_28_18_12_19_4850.txt
[2020-11-29 19:08:13,847]:INFO:kabuto: 288/400 ... processing file: 2020_11_28_18_12_19_4900.txt
[2020-11-29 19:08:13,851]:INFO:kabuto: 289/400 ... processing file: 2020_11_28_18_12_19_4950.txt
[2020-11-29 19:08:13,857]:INFO:kabuto: 290/400 ... processing file: 2020_11_28_18_12_19_50.txt
[2020-11-29 19:08:13,861]:INFO:kabuto: 291/400 ... processing file: 2020_11_28_18_12_19_500.txt
[2020-11-29 19:08:13,865]:INFO:kabuto: 292/400 ... processing file: 2020_11_28_18_12_19_5000.txt
[2020-11-29 19:08:13,869]:INFO:kabuto: 293/400 ... processing file: 2020_11_28_18_12_19_5050.txt
[2020-11-29 19:08:13,872]:INFO:kabuto: 294/400 ... processing file: 2020_11_28_18_12_19_5100.txt
[2020-11-29 19:08:13,875]:INFO:kabuto: 295/400 ... processing file: 2020_11_28_18_12_19_5150.txt
[2020-11-29 19:08:13,879]:INFO:kabuto: 296/400 ... processing file: 2020_11_28_18_12_19_5200.txt
[2020-11-29 19:08:13,883]:INFO:kabuto: 297/400 ... processing file: 2020_11_28_18_12_19_5250.txt
[2020-11-29 19:08:13,887]:INFO:kabuto: 298/400 ... processing file: 2020_11_28_18_12_19_5300.txt
[2020-11-29 19:08:13,890]:INFO:kabuto: 299/400 ... processing file: 2020_11_28_18_12_19_5350.txt
[2020-11-29 19:08:13,894]:INFO:kabuto: 300/400 ... processing file: 2020_11_28_18_12_19_5400.txt
[2020-11-29 19:08:13,898]:INFO:kabuto: 301/400 ... processing file: 2020_11_28_18_12_19_5450.txt
[2020-11-29 19:08:13,902]:INFO:kabuto: 302/400 ... processing file: 2020_11_28_18_12_19_550.txt
[2020-11-29 19:08:13,906]:INFO:kabuto: 303/400 ... processing file: 2020_11_28_18_12_19_5500.txt
[2020-11-29 19:08:13,910]:INFO:kabuto: 304/400 ... processing file: 2020_11_28_18_12_19_5550.txt
[2020-11-29 19:08:13,913]:INFO:kabuto: 305/400 ... processing file: 2020_11_28_18_12_19_5600.txt
[2020-11-29 19:08:13,918]:INFO:kabuto: 306/400 ... processing file: 2020_11_28_18_12_19_5650.txt
[2020-11-29 19:08:13,922]:INFO:kabuto: 307/400 ... processing file: 2020_11_28_18_12_19_5700.txt
[2020-11-29 19:08:13,926]:INFO:kabuto: 308/400 ... processing file: 2020_11_28_18_12_19_5750.txt
[2020-11-29 19:08:13,930]:INFO:kabuto: 309/400 ... processing file: 2020_11_28_18_12_19_5800.txt
[2020-11-29 19:08:13,933]:INFO:kabuto: 310/400 ... processing file: 2020_11_28_18_12_19_5850.txt
[2020-11-29 19:08:13,937]:INFO:kabuto: 311/400 ... processing file: 2020_11_28_18_12_19_5900.txt
[2020-11-29 19:08:13,940]:INFO:kabuto: 312/400 ... processing file: 2020_11_28_18_12_19_5950.txt
[2020-11-29 19:08:13,944]:INFO:kabuto: 313/400 ... processing file: 2020_11_28_18_12_19_600.txt
[2020-11-29 19:08:13,947]:INFO:kabuto: 314/400 ... processing file: 2020_11_28_18_12_19_6000.txt
[2020-11-29 19:08:13,951]:INFO:kabuto: 315/400 ... processing file: 2020_11_28_18_12_19_6050.txt
[2020-11-29 19:08:13,954]:INFO:kabuto: 316/400 ... processing file: 2020_11_28_18_12_19_6100.txt
[2020-11-29 19:08:13,958]:INFO:kabuto: 317/400 ... processing file: 2020_11_28_18_12_19_6150.txt
[2020-11-29 19:08:13,961]:INFO:kabuto: 318/400 ... processing file: 2020_11_28_18_12_19_6200.txt
[2020-11-29 19:08:13,965]:INFO:kabuto: 319/400 ... processing file: 2020_11_28_18_12_19_6250.txt
[2020-11-29 19:08:13,968]:INFO:kabuto: 320/400 ... processing file: 2020_11_28_18_12_19_6300.txt
[2020-11-29 19:08:13,971]:INFO:kabuto: 321/400 ... processing file: 2020_11_28_18_12_19_6350.txt
[2020-11-29 19:08:13,975]:INFO:kabuto: 322/400 ... processing file: 2020_11_28_18_12_19_6400.txt
[2020-11-29 19:08:13,979]:INFO:kabuto: 323/400 ... processing file: 2020_11_28_18_12_19_6450.txt
[2020-11-29 19:08:13,982]:INFO:kabuto: 324/400 ... processing file: 2020_11_28_18_12_19_650.txt
[2020-11-29 19:08:13,986]:INFO:kabuto: 325/400 ... processing file: 2020_11_28_18_12_19_6500.txt
[2020-11-29 19:08:13,990]:INFO:kabuto: 326/400 ... processing file: 2020_11_28_18_12_19_6550.txt
[2020-11-29 19:08:13,993]:INFO:kabuto: 327/400 ... processing file: 2020_11_28_18_12_19_6600.txt
[2020-11-29 19:08:13,998]:INFO:kabuto: 328/400 ... processing file: 2020_11_28_18_12_19_6650.txt
[2020-11-29 19:08:14,002]:INFO:kabuto: 329/400 ... processing file: 2020_11_28_18_12_19_6700.txt
[2020-11-29 19:08:14,006]:INFO:kabuto: 330/400 ... processing file: 2020_11_28_18_12_19_6750.txt
[2020-11-29 19:08:14,010]:INFO:kabuto: 331/400 ... processing file: 2020_11_28_18_12_19_6800.txt
[2020-11-29 19:08:14,014]:INFO:kabuto: 332/400 ... processing file: 2020_11_28_18_12_19_6850.txt
[2020-11-29 19:08:14,018]:INFO:kabuto: 333/400 ... processing file: 2020_11_28_18_12_19_6900.txt
[2020-11-29 19:08:14,022]:INFO:kabuto: 334/400 ... processing file: 2020_11_28_18_12_19_6950.txt
[2020-11-29 19:08:14,026]:INFO:kabuto: 335/400 ... processing file: 2020_11_28_18_12_19_700.txt
[2020-11-29 19:08:14,030]:INFO:kabuto: 336/400 ... processing file: 2020_11_28_18_12_19_7000.txt
[2020-11-29 19:08:14,034]:INFO:kabuto: 337/400 ... processing file: 2020_11_28_18_12_19_7050.txt
[2020-11-29 19:08:14,038]:INFO:kabuto: 338/400 ... processing file: 2020_11_28_18_12_19_7100.txt
[2020-11-29 19:08:14,043]:INFO:kabuto: 339/400 ... processing file: 2020_11_28_18_12_19_7150.txt
[2020-11-29 19:08:14,047]:INFO:kabuto: 340/400 ... processing file: 2020_11_28_18_12_19_7200.txt
[2020-11-29 19:08:14,051]:INFO:kabuto: 341/400 ... processing file: 2020_11_28_18_12_19_7250.txt
[2020-11-29 19:08:14,120]:INFO:kabuto: 342/400 ... processing file: 2020_11_28_18_12_19_7300.txt
[2020-11-29 19:08:14,125]:INFO:kabuto: 343/400 ... processing file: 2020_11_28_18_12_19_7350.txt
[2020-11-29 19:08:14,131]:INFO:kabuto: 344/400 ... processing file: 2020_11_28_18_12_19_7400.txt
[2020-11-29 19:08:14,135]:INFO:kabuto: 345/400 ... processing file: 2020_11_28_18_12_19_7450.txt
[2020-11-29 19:08:14,140]:INFO:kabuto: 346/400 ... processing file: 2020_11_28_18_12_19_750.txt
[2020-11-29 19:08:14,144]:INFO:kabuto: 347/400 ... processing file: 2020_11_28_18_12_19_7500.txt
[2020-11-29 19:08:14,148]:INFO:kabuto: 348/400 ... processing file: 2020_11_28_18_12_19_7550.txt
[2020-11-29 19:08:14,152]:INFO:kabuto: 349/400 ... processing file: 2020_11_28_18_12_19_7600.txt
[2020-11-29 19:08:14,156]:INFO:kabuto: 350/400 ... processing file: 2020_11_28_18_12_19_7650.txt
[2020-11-29 19:08:14,160]:INFO:kabuto: 351/400 ... processing file: 2020_11_28_18_12_19_7700.txt
[2020-11-29 19:08:14,164]:INFO:kabuto: 352/400 ... processing file: 2020_11_28_18_12_19_7750.txt
[2020-11-29 19:08:14,167]:INFO:kabuto: 353/400 ... processing file: 2020_11_28_18_12_19_7800.txt
[2020-11-29 19:08:14,171]:INFO:kabuto: 354/400 ... processing file: 2020_11_28_18_12_19_7850.txt
[2020-11-29 19:08:14,175]:INFO:kabuto: 355/400 ... processing file: 2020_11_28_18_12_19_7900.txt
[2020-11-29 19:08:14,179]:INFO:kabuto: 356/400 ... processing file: 2020_11_28_18_12_19_7950.txt
[2020-11-29 19:08:14,183]:INFO:kabuto: 357/400 ... processing file: 2020_11_28_18_12_19_800.txt
[2020-11-29 19:08:14,187]:INFO:kabuto: 358/400 ... processing file: 2020_11_28_18_12_19_8000.txt
[2020-11-29 19:08:14,191]:INFO:kabuto: 359/400 ... processing file: 2020_11_28_18_12_19_8050.txt
[2020-11-29 19:08:14,194]:INFO:kabuto: 360/400 ... processing file: 2020_11_28_18_12_19_8100.txt
[2020-11-29 19:08:14,198]:INFO:kabuto: 361/400 ... processing file: 2020_11_28_18_12_19_8150.txt
[2020-11-29 19:08:14,202]:INFO:kabuto: 362/400 ... processing file: 2020_11_28_18_12_19_8200.txt
[2020-11-29 19:08:14,205]:INFO:kabuto: 363/400 ... processing file: 2020_11_28_18_12_19_8250.txt
[2020-11-29 19:08:14,209]:INFO:kabuto: 364/400 ... processing file: 2020_11_28_18_12_19_8300.txt
[2020-11-29 19:08:14,213]:INFO:kabuto: 365/400 ... processing file: 2020_11_28_18_12_19_8350.txt
[2020-11-29 19:08:14,216]:INFO:kabuto: 366/400 ... processing file: 2020_11_28_18_12_19_8400.txt
[2020-11-29 19:08:14,220]:INFO:kabuto: 367/400 ... processing file: 2020_11_28_18_12_19_8450.txt
[2020-11-29 19:08:14,223]:INFO:kabuto: 368/400 ... processing file: 2020_11_28_18_12_19_850.txt
[2020-11-29 19:08:14,226]:INFO:kabuto: 369/400 ... processing file: 2020_11_28_18_12_19_8500.txt
[2020-11-29 19:08:14,230]:INFO:kabuto: 370/400 ... processing file: 2020_11_28_18_12_19_8550.txt
[2020-11-29 19:08:14,233]:INFO:kabuto: 371/400 ... processing file: 2020_11_28_18_12_19_8600.txt
[2020-11-29 19:08:14,237]:INFO:kabuto: 372/400 ... processing file: 2020_11_28_18_12_19_8650.txt
[2020-11-29 19:08:14,241]:INFO:kabuto: 373/400 ... processing file: 2020_11_28_18_12_19_900.txt
[2020-11-29 19:08:14,244]:INFO:kabuto: 374/400 ... processing file: 2020_11_28_18_12_19_950.txt
[2020-11-29 19:08:14,249]:INFO:kabuto: 375/400 ... processing file: 2020_11_28_18_12_20_8700.txt
[2020-11-29 19:08:14,253]:INFO:kabuto: 376/400 ... processing file: 2020_11_28_18_12_20_8750.txt
[2020-11-29 19:08:14,257]:INFO:kabuto: 377/400 ... processing file: 2020_11_28_18_12_20_8800.txt
[2020-11-29 19:08:14,261]:INFO:kabuto: 378/400 ... processing file: 2020_11_28_18_12_20_8850.txt
[2020-11-29 19:08:14,265]:INFO:kabuto: 379/400 ... processing file: 2020_11_28_18_12_20_8900.txt
[2020-11-29 19:08:14,269]:INFO:kabuto: 380/400 ... processing file: 2020_11_28_18_12_20_8950.txt
[2020-11-29 19:08:14,273]:INFO:kabuto: 381/400 ... processing file: 2020_11_28_18_12_20_9000.txt
[2020-11-29 19:08:14,277]:INFO:kabuto: 382/400 ... processing file: 2020_11_28_18_12_20_9050.txt
[2020-11-29 19:08:14,281]:INFO:kabuto: 383/400 ... processing file: 2020_11_28_18_12_20_9100.txt
[2020-11-29 19:08:14,286]:INFO:kabuto: 384/400 ... processing file: 2020_11_28_18_12_20_9150.txt
[2020-11-29 19:08:14,290]:INFO:kabuto: 385/400 ... processing file: 2020_11_28_18_12_20_9200.txt
[2020-11-29 19:08:14,294]:INFO:kabuto: 386/400 ... processing file: 2020_11_28_18_12_20_9250.txt
[2020-11-29 19:08:14,298]:INFO:kabuto: 387/400 ... processing file: 2020_11_28_18_12_20_9300.txt
[2020-11-29 19:08:14,302]:INFO:kabuto: 388/400 ... processing file: 2020_11_28_18_12_20_9350.txt
[2020-11-29 19:08:14,306]:INFO:kabuto: 389/400 ... processing file: 2020_11_28_18_12_20_9400.txt
[2020-11-29 19:08:14,310]:INFO:kabuto: 390/400 ... processing file: 2020_11_28_18_12_20_9450.txt
[2020-11-29 19:08:14,314]:INFO:kabuto: 391/400 ... processing file: 2020_11_28_18_12_20_9500.txt
[2020-11-29 19:08:14,318]:INFO:kabuto: 392/400 ... processing file: 2020_11_28_18_12_20_9550.txt
[2020-11-29 19:08:14,322]:INFO:kabuto: 393/400 ... processing file: 2020_11_28_18_12_20_9600.txt
[2020-11-29 19:08:14,326]:INFO:kabuto: 394/400 ... processing file: 2020_11_28_18_12_20_9650.txt
[2020-11-29 19:08:14,331]:INFO:kabuto: 395/400 ... processing file: 2020_11_28_18_12_20_9700.txt
[2020-11-29 19:08:14,335]:INFO:kabuto: 396/400 ... processing file: 2020_11_28_18_12_20_9750.txt
[2020-11-29 19:08:14,340]:INFO:kabuto: 397/400 ... processing file: 2020_11_28_18_12_20_9800.txt
[2020-11-29 19:08:14,344]:INFO:kabuto: 398/400 ... processing file: 2020_11_28_18_12_20_9850.txt
[2020-11-29 19:08:14,349]:INFO:kabuto: 399/400 ... processing file: 2020_11_28_18_12_20_9900.txt
[2020-11-29 19:08:14,353]:INFO:kabuto: 400/400 ... processing file: 2020_11_28_18_12_20_9950.txt
[2020-11-29 19:08:14,357]:INFO:kabuto: Input and output arrays have the same length: True (150000 vs. 150000)
[2020-11-29 19:08:14,472]:INFO:kabuto: ... Descriptors:
[[9.30554504e+00 2.30428399e+00 1.24609466e+00 ... 5.74524260e-01
  3.57437995e-06 4.03914561e-01]
 [9.30569628e+00 2.30418859e+00 1.24623303e+00 ... 5.74524260e-01
  2.22156807e-06 4.03914561e-01]
 [9.30569628e+00 2.30418859e+00 1.24623303e+00 ... 5.74524260e-01
  2.22156807e-06 4.03914561e-01]
 ...
 [7.75981897e+00 5.76032320e+00 1.07366954e+01 ... 5.09195909e-01
  4.10548762e-02 4.27244162e-01]
 [7.48685920e+00 6.09651499e+00 1.08625926e+01 ... 5.07942169e-01
  4.33850811e-02 4.26966811e-01]
 [7.51307976e+00 5.57795412e+00 1.00096396e+01 ... 5.07558034e-01
  5.76984231e-02 4.24672828e-01]]
[2020-11-29 19:08:14,518]:INFO:kabuto: ... Output vector:
[[0. 1.]
 [0. 1.]
 [0. 1.]
 ...
 [1. 0.]
 [1. 0.]
 [1. 0.]]
[2020-11-29 19:08:14,755]:INFO:kabuto.neural_networks: NN 'nn1' is loaded.
[2020-11-29 19:08:14,755]:INFO:kabuto.neural_networks: Training begins!
3750/3750 - 2s - loss: 0.0097 - accuracy: 0.9972 - val_loss: 2.0371e-06 - val_accuracy: 1.0000
[2020-11-29 19:08:16,806]:INFO:kabuto.neural_networks: Training finished!
[2020-11-29 19:08:17,038]:INFO:kabuto.neural_networks: Model 'nn1' saved to file: ../../src/saved_nn/nn1.h5
[2020-11-29 19:08:17,039]:INFO:kabuto: Moving files ...
[2020-11-29 19:08:17,039]:INFO:kabuto: Directory ../../src/dir_trained already exists.
[2020-11-29 19:08:17,047]:INFO:kabuto: Files successfully moved from '../../src/dir_to_train' to '../../src/dir_trained'
