INFO: [2020-04-15 17:16:01,029] : kabuto : 
******************************************************
                   ___            _______    ____
   | /     /\     |   |   |    |     |      /    \
   |<     /__\    |--<    |    |     |     |     |
   | \   /    \   |___|    \__/      |      \____/
******************************************************
                   Ondrej Bily
                  Diploma Thesis
                       2020
******************************************************
Usage:
    kabuto.py prepare <name_of_phase> <dump_file>
    kabuto.py list_nn
    kabuto.py create_nn <name_of_nn>
    kabuto.py train <name_of_nn>
    kabuto.py predict <name_of_nn> <dump.file>
    kabuto.py test
******************************************************

[2020-04-15 17:18:11,143] : INFO: kabuto : 
******************************************************
                   ___            _______    ____
   | /     /\     |   |   |    |     |      /    \
   |<     /__\    |--<    |    |     |     |     |
   | \   /    \   |___|    \__/      |      \____/
******************************************************
                   Ondrej Bily
                  Diploma Thesis
                       2020
******************************************************

[2020-04-15 17:18:11,150] : INFO: kabuto : Available phases: {'fcc': 0, 'bcc': 1, 'phase2': 2, 'phase3': 3, 'phase4': 4}
[2020-04-15 17:18:11,150] : INFO: kabuto : Successfully created the 'results' directory
[2020-04-15 17:18:11,151] : INFO: kabuto : 
ACTION: list_nn
listing all saved neural networks ...
^^^^^^^^^^^^^^^^^^^^^^^^^^^^^^^^^^^^^^^^^^^^^^^^^^^^^^^^^^^^^^
[2020-04-15 17:18:11,151] : INFO: kabuto : Directory 'saved_nn' already exists.
[2020-04-15 17:18:11,153] : INFO: kabuto : Listing all saved neural networks
[2020-04-15 17:18:11,154] : INFO: kabuto : 
... new1
... new2
[2020-04-15 17:18:11,154] : INFO: kabuto : Listing ended
[2020-04-15 17:19:03,228] : INFO: kabuto : 
******************************************************
                   ___            _______    ____
   | /     /\     |   |   |    |     |      /    \
   |<     /__\    |--<    |    |     |     |     |
   | \   /    \   |___|    \__/      |      \____/
******************************************************
                   Ondrej Bily
                  Diploma Thesis
                       2020
******************************************************

[2020-04-15 17:19:03,231] : INFO: kabuto : Available phases: {'fcc': 0, 'bcc': 1, 'phase2': 2, 'phase3': 3, 'phase4': 4}
[2020-04-15 17:19:03,232] : INFO: kabuto : Directory 'results' already exists.
[2020-04-15 17:19:03,232] : INFO: kabuto : 
ACTION: create_nn
creating neural network 'new2' ...
^^^^^^^^^^^^^^^^^^^^^^^^^^^^^^^^^^^^^^^^^^^^^^^^^^^^^^^^^^^^^^
[2020-04-15 17:19:03,232] : INFO: kabuto : Directory 'saved_nn' already exists.
[2020-04-15 17:19:03,233] : INFO: kabuto : Neural network 'new2' already exists.
[2020-04-15 17:19:11,565] : INFO: kabuto : 
******************************************************
                   ___            _______    ____
   | /     /\     |   |   |    |     |      /    \
   |<     /__\    |--<    |    |     |     |     |
   | \   /    \   |___|    \__/      |      \____/
******************************************************
                   Ondrej Bily
                  Diploma Thesis
                       2020
******************************************************

[2020-04-15 17:19:11,567] : INFO: kabuto : Available phases: {'fcc': 0, 'bcc': 1, 'phase2': 2, 'phase3': 3, 'phase4': 4}
[2020-04-15 17:19:11,568] : INFO: kabuto : Directory 'results' already exists.
[2020-04-15 17:19:11,568] : INFO: kabuto : 
ACTION: create_nn
creating neural network 'new3' ...
^^^^^^^^^^^^^^^^^^^^^^^^^^^^^^^^^^^^^^^^^^^^^^^^^^^^^^^^^^^^^^
[2020-04-15 17:19:11,569] : INFO: kabuto : Directory 'saved_nn' already exists.
[2020-04-15 17:19:11,672] : INFO: kabuto.neural_networks : Model 'new3' created.
[2020-04-15 17:19:11,805] : INFO: kabuto.neural_networks : Model 'new3' saved to file: saved_nn/new3.h5
[2020-04-15 17:19:49,631] : INFO: kabuto : 
******************************************************
                   ___            _______    ____
   | /     /\     |   |   |    |     |      /    \
   |<     /__\    |--<    |    |     |     |     |
   | \   /    \   |___|    \__/      |      \____/
******************************************************
                   Ondrej Bily
                  Diploma Thesis
                       2020
******************************************************

[2020-04-15 17:19:49,633] : INFO: kabuto : Available phases: {'fcc': 0, 'bcc': 1, 'phase2': 2, 'phase3': 3, 'phase4': 4}
[2020-04-15 17:19:49,633] : INFO: kabuto : Directory 'results' already exists.
[2020-04-15 17:19:49,633] : INFO: kabuto : 
ACTION: create_nn
creating neural network 'new4' ...
^^^^^^^^^^^^^^^^^^^^^^^^^^^^^^^^^^^^^^^^^^^^^^^^^^^^^^^^^^^^^^
[2020-04-15 17:19:49,634] : INFO: kabuto : Directory 'saved_nn' already exists.
[2020-04-15 17:19:49,714] : INFO: kabuto.neural_networks : Model 'new4' created.
[2020-04-15 17:19:49,777] : INFO: kabuto.neural_networks : Model 'new4' saved to file: saved_nn/new4.h5
[2020-04-15 17:22:03,375] : INFO: kabuto : 
******************************************************
                   ___            _______    ____
   | /     /\     |   |   |    |     |      /    \
   |<     /__\    |--<    |    |     |     |     |
   | \   /    \   |___|    \__/      |      \____/
******************************************************
                   Ondrej Bily
                  Diploma Thesis
                       2020
******************************************************

[2020-04-15 17:22:03,378] : INFO: kabuto : Available phases: {'fcc': 0, 'bcc': 1, 'phase2': 2, 'phase3': 3, 'phase4': 4}
[2020-04-15 17:22:03,378] : INFO: kabuto : Directory 'results' already exists.
[2020-04-15 17:22:03,379] : INFO: kabuto : 
ACTION: prepare
preparing phase: bcc
preparing from file: temporary/example_dump.file
^^^^^^^^^^^^^^^^^^^^^^^^^^^^^^^^^^^^^^^^^^^^^^^^^^^^^^^^^^^^^^
[2020-04-15 17:22:03,411] : INFO: kabuto : Dictionary 'timesteps' was saved to: dict_timesteps.json
[2020-04-15 17:22:03,416] : INFO: kabuto : Successfully created the directory dir_to_train
[2020-04-15 17:22:03,425] : INFO: kabuto : All timesteps were saved in 'dir_to_train' folder
[2020-04-15 17:23:34,478] : INFO: kabuto : 
******************************************************
                   ___            _______    ____
   | /     /\     |   |   |    |     |      /    \
   |<     /__\    |--<    |    |     |     |     |
   | \   /    \   |___|    \__/      |      \____/
******************************************************
                   Ondrej Bily
                  Diploma Thesis
                       2020
******************************************************

[2020-04-15 17:23:34,481] : INFO: kabuto : Available phases: {'fcc': 0, 'bcc': 1, 'phase2': 2, 'phase3': 3, 'phase4': 4}
[2020-04-15 17:23:34,481] : INFO: kabuto : Directory 'results' already exists.
[2020-04-15 17:23:34,481] : INFO: kabuto : 
ACTION: train
'new4' is training from 'dir_to_train' directory
^^^^^^^^^^^^^^^^^^^^^^^^^^^^^^^^^^^^^^^^^^^^^^^^^^^^^^^^^^^^^^
[2020-04-15 17:23:34,482] : INFO: kabuto : Directory 'saved_nn' already exists.
[2020-04-15 17:23:34,482] : INFO: kabuto : Preparing arrays from directory: 'dir_to_train'
[2020-04-15 17:23:34,484] : INFO: kabuto : Input and output arrays have the same length: True
[2020-04-15 17:23:34,629] : INFO: kabuto.neural_networks : NN 'new4' is loaded.
[2020-04-15 17:23:35,494] : INFO: kabuto.neural_networks : Finished training!
[2020-04-15 17:23:35,558] : INFO: kabuto.neural_networks : Model 'new4' saved to file: saved_nn/new4.h5
[2020-04-15 17:23:35,559] : INFO: kabuto : Moving files ...
[2020-04-15 17:23:35,559] : INFO: kabuto : Successfully created the directory dir_trained
[2020-04-15 17:23:35,561] : INFO: kabuto : Files from 'dir_to_train' successfully moved to 'dir_trained'
[2020-04-15 17:24:47,199] : INFO: kabuto : ['kabuto.py', 'train', 'new4']
[2020-04-15 17:24:47,199] : INFO: kabuto : 
******************************************************
                   ___            _______    ____
   | /     /\     |   |   |    |     |      /    \
   |<     /__\    |--<    |    |     |     |     |
   | \   /    \   |___|    \__/      |      \____/
******************************************************
                   Ondrej Bily
                  Diploma Thesis
                       2020
******************************************************

[2020-04-15 17:24:47,202] : INFO: kabuto : Available phases: {'fcc': 0, 'bcc': 1, 'phase2': 2, 'phase3': 3, 'phase4': 4}
[2020-04-15 17:24:47,202] : INFO: kabuto : Directory 'results' already exists.
[2020-04-15 17:24:47,203] : INFO: kabuto : 
ACTION: train
'new4' is training from 'dir_to_train' directory
^^^^^^^^^^^^^^^^^^^^^^^^^^^^^^^^^^^^^^^^^^^^^^^^^^^^^^^^^^^^^^
[2020-04-15 17:24:47,203] : INFO: kabuto : Directory 'saved_nn' already exists.
[2020-04-15 17:24:47,204] : INFO: kabuto : Preparing arrays from directory: 'dir_to_train'
[2020-04-15 17:24:47,204] : ERROR: kabuto : No files in 'dir_to_train'
[2020-04-15 17:24:47,204] : ERROR: kabuto : The interrupting of the training NN!
[2020-04-15 17:26:04,421] : INFO: kabuto : Command line arguments:
kabuto.py train new4
[2020-04-15 17:26:04,422] : INFO: kabuto : 
******************************************************
                   ___            _______    ____
   | /     /\     |   |   |    |     |      /    \
   |<     /__\    |--<    |    |     |     |     |
   | \   /    \   |___|    \__/      |      \____/
******************************************************
                   Ondrej Bily
                  Diploma Thesis
                       2020
******************************************************

[2020-04-15 17:26:04,423] : INFO: kabuto : Available phases: {'fcc': 0, 'bcc': 1, 'phase2': 2, 'phase3': 3, 'phase4': 4}
[2020-04-15 17:26:04,423] : INFO: kabuto : Directory 'results' already exists.
[2020-04-15 17:26:04,424] : INFO: kabuto : 
ACTION: train
'new4' is training from 'dir_to_train' directory
^^^^^^^^^^^^^^^^^^^^^^^^^^^^^^^^^^^^^^^^^^^^^^^^^^^^^^^^^^^^^^
[2020-04-15 17:26:04,425] : INFO: kabuto : Directory 'saved_nn' already exists.
[2020-04-15 17:26:04,425] : INFO: kabuto : Preparing arrays from directory: 'dir_to_train'
[2020-04-15 17:26:04,426] : ERROR: kabuto : No files in 'dir_to_train'
[2020-04-15 17:26:04,426] : ERROR: kabuto : The interrupting of the training NN!
[2020-04-25 10:31:16,438] : INFO: kabuto : Command line arguments:
kabuto.py
[2020-04-25 10:31:16,439] : INFO: kabuto : 
******************************************************
                   ___            _______    ____
   | /     /\     |   |   |    |     |      /    \
   |<     /__\    |--<    |    |     |     |     |
   | \   /    \   |___|    \__/      |      \____/
******************************************************
                   Ondrej Bily
                  Diploma Thesis
                       2020
******************************************************
Usage:
    kabuto.py prepare <name_of_phase> <dump_file>
    kabuto.py list_nn
    kabuto.py create_nn <name_of_nn>
    kabuto.py train <name_of_nn>
    kabuto.py predict <name_of_nn> <dump.file>
    kabuto.py test
******************************************************

[2020-04-25 10:31:29,766] : INFO: kabuto : Command line arguments:
kabuto.py test
[2020-04-25 10:31:29,767] : INFO: kabuto : 
******************************************************
                   ___            _______    ____
   | /     /\     |   |   |    |     |      /    \
   |<     /__\    |--<    |    |     |     |     |
   | \   /    \   |___|    \__/      |      \____/
******************************************************
                   Ondrej Bily
                  Diploma Thesis
                       2020
******************************************************

[2020-04-25 10:31:29,789] : INFO: kabuto : Available phases: {'fcc': 0, 'bcc': 1, 'phase2': 2, 'phase3': 3, 'phase4': 4}
[2020-04-25 10:31:29,790] : INFO: kabuto : Directory 'results' already exists.
[2020-04-25 10:31:29,790] : INFO: kabuto : 
ACTION: test
Entering TEST mode. Object KABUTO created. ...
^^^^^^^^^^^^^^^^^^^^^^^^^^^^^^^^^^^^^^^^^^^^^^^^^^^^^^^^^^^^^^
[2020-04-25 10:31:29,791] : INFO: kabuto : symettry function parameters dictionary:
{1: [2.8, 20.0], 2: [3.2, 20.0], 3: [4.4, 20.0], 4: [4.8, 20.0], 5: [5.0, 20.0], 6: [5.3, 20.0], 7: [5.7, 20.0], 8: [6.0, 20.0], 9: [3.5], 10: [4.5], 11: [7.0]}
[2020-04-25 10:33:48,679] : INFO: kabuto : Command line arguments:
kabuto.py test
[2020-04-25 10:33:48,679] : INFO: kabuto : 
******************************************************
                   ___            _______    ____
   | /     /\     |   |   |    |     |      /    \
   |<     /__\    |--<    |    |     |     |     |
   | \   /    \   |___|    \__/      |      \____/
******************************************************
                   Ondrej Bily
                  Diploma Thesis
                       2020
******************************************************

[2020-04-25 10:33:48,680] : INFO: kabuto : Available phases: {'fcc': 0, 'bcc': 1, 'phase2': 2, 'phase3': 3, 'phase4': 4}
[2020-04-25 10:33:48,680] : INFO: kabuto : Directory 'results' already exists.
[2020-04-25 10:33:48,680] : INFO: kabuto : 
ACTION: test
Entering TEST mode. Object KABUTO created. ...
^^^^^^^^^^^^^^^^^^^^^^^^^^^^^^^^^^^^^^^^^^^^^^^^^^^^^^^^^^^^^^
[2020-04-25 10:33:48,681] : INFO: kabuto : symmetry function parameters dictionary:
{1: [2.8, 20.0], 2: [3.2, 20.0], 3: [4.4, 20.0], 4: [4.8, 20.0], 5: [5.0, 20.0], 6: [5.3, 20.0], 7: [5.7, 20.0], 8: [6.0, 20.0], 9: [3.5], 10: [4.5], 11: [7.0]}
[2020-04-25 10:33:48,681] : INFO: kabuto : [r_min, r_max] = 
6.2
[2020-04-25 10:34:12,040] : INFO: kabuto : Command line arguments:
kabuto.py test
[2020-04-25 10:34:12,040] : INFO: kabuto : 
******************************************************
                   ___            _______    ____
   | /     /\     |   |   |    |     |      /    \
   |<     /__\    |--<    |    |     |     |     |
   | \   /    \   |___|    \__/      |      \____/
******************************************************
                   Ondrej Bily
                  Diploma Thesis
                       2020
******************************************************

[2020-04-25 10:34:12,042] : INFO: kabuto : Available phases: {'fcc': 0, 'bcc': 1, 'phase2': 2, 'phase3': 3, 'phase4': 4}
[2020-04-25 10:34:12,043] : INFO: kabuto : Directory 'results' already exists.
[2020-04-25 10:34:12,043] : INFO: kabuto : 
ACTION: test
Entering TEST mode. Object KABUTO created. ...
^^^^^^^^^^^^^^^^^^^^^^^^^^^^^^^^^^^^^^^^^^^^^^^^^^^^^^^^^^^^^^
[2020-04-25 10:34:12,043] : INFO: kabuto : symmetry function parameters dictionary:
{1: [2.8, 20.0], 2: [3.2, 20.0], 3: [4.4, 20.0], 4: [4.8, 20.0], 5: [5.0, 20.0], 6: [5.3, 20.0], 7: [5.7, 20.0], 8: [6.0, 20.0], 9: [3.5], 10: [4.5], 11: [7.0]}
[2020-04-25 10:34:12,044] : INFO: kabuto : [r_min, r_max] = 
[6.2, 6.4]
[2020-04-25 10:36:05,528] : INFO: kabuto : Command line arguments:
kabuto.py test
[2020-04-25 10:36:05,528] : INFO: kabuto : 
******************************************************
                   ___            _______    ____
   | /     /\     |   |   |    |     |      /    \
   |<     /__\    |--<    |    |     |     |     |
   | \   /    \   |___|    \__/      |      \____/
******************************************************
                   Ondrej Bily
                  Diploma Thesis
                       2020
******************************************************

[2020-04-25 10:36:05,530] : INFO: kabuto : Available phases: {'fcc': 0, 'bcc': 1, 'phase2': 2, 'phase3': 3, 'phase4': 4}
[2020-04-25 10:36:05,531] : INFO: kabuto : Directory 'results' already exists.
[2020-04-25 10:36:05,531] : INFO: kabuto : 
ACTION: test
Entering TEST mode. Object KABUTO created. ...
^^^^^^^^^^^^^^^^^^^^^^^^^^^^^^^^^^^^^^^^^^^^^^^^^^^^^^^^^^^^^^
[2020-04-25 10:36:05,532] : INFO: kabuto : symmetry function parameters dictionary:
{1: [2.8, 20.0], 2: [3.2, 20.0], 3: [4.4, 20.0], 4: [4.8, 20.0], 5: [5.0, 20.0], 6: [5.3, 20.0], 7: [5.7, 20.0], 8: [6.0, 20.0], 9: [3.5], 10: [4.5], 11: [7.0]}
[2020-04-25 10:36:05,532] : INFO: kabuto : [r_min, r_max] = 
[6.2, 6.4]
[2020-04-25 10:36:33,409] : INFO: kabuto : Command line arguments:
kabuto.py test
[2020-04-25 10:36:33,410] : INFO: kabuto : 
******************************************************
                   ___            _______    ____
   | /     /\     |   |   |    |     |      /    \
   |<     /__\    |--<    |    |     |     |     |
   | \   /    \   |___|    \__/      |      \____/
******************************************************
                   Ondrej Bily
                  Diploma Thesis
                       2020
******************************************************

[2020-04-25 10:36:33,412] : INFO: kabuto : Available phases: {'fcc': 0, 'bcc': 1, 'phase2': 2, 'phase3': 3, 'phase4': 4}
[2020-04-25 10:36:33,412] : INFO: kabuto : Directory 'results' already exists.
[2020-04-25 10:36:33,412] : INFO: kabuto : 
ACTION: test
Entering TEST mode. Object KABUTO created. ...
^^^^^^^^^^^^^^^^^^^^^^^^^^^^^^^^^^^^^^^^^^^^^^^^^^^^^^^^^^^^^^
[2020-04-25 10:36:33,413] : INFO: kabuto : symmetry function parameters dictionary:
{1: [2.8, 20.0], 2: [3.2, 20.0], 3: [4.4, 20.0], 4: [4.8, 20.0], 5: [5.0, 20.0], 6: [5.3, 20.0], 7: [5.7, 20.0], 8: [6.0, 20.0], 9: [3.5], 10: [4.5], 11: [7.0]}
[2020-04-25 10:36:33,413] : INFO: kabuto : [r_min, r_max] = 
[6.2, 6.4]
[2020-04-25 10:36:33,414] : INFO: kabuto : f_c(0) = 1
[2020-04-25 10:36:33,414] : INFO: kabuto : f_c(6.2) = 1
[2020-04-25 10:36:33,416] : INFO: kabuto : f_c(6.3) = 0.5000000000000034
[2020-04-25 10:36:33,416] : INFO: kabuto : f_c(6.4) = 0.0
[2020-04-25 10:36:33,416] : INFO: kabuto : f_c(10) = 0
[2020-04-25 10:38:07,696] : INFO: kabuto : Command line arguments:
kabuto.py test
[2020-04-25 10:38:07,696] : INFO: kabuto : 
******************************************************
                   ___            _______    ____
   | /     /\     |   |   |    |     |      /    \
   |<     /__\    |--<    |    |     |     |     |
   | \   /    \   |___|    \__/      |      \____/
******************************************************
                   Ondrej Bily
                  Diploma Thesis
                       2020
******************************************************

[2020-04-25 10:38:07,698] : INFO: kabuto : Available phases: {'fcc': 0, 'bcc': 1, 'phase2': 2, 'phase3': 3, 'phase4': 4}
[2020-04-25 10:38:07,699] : INFO: kabuto : Directory 'results' already exists.
[2020-04-25 10:38:07,699] : INFO: kabuto : 
ACTION: test
Entering TEST mode. Object KABUTO created. ...
^^^^^^^^^^^^^^^^^^^^^^^^^^^^^^^^^^^^^^^^^^^^^^^^^^^^^^^^^^^^^^
[2020-04-25 10:38:07,699] : INFO: kabuto : symmetry function parameters dictionary:
{1: [2.8, 20.0], 2: [3.2, 20.0], 3: [4.4, 20.0], 4: [4.8, 20.0], 5: [5.0, 20.0], 6: [5.3, 20.0], 7: [5.7, 20.0], 8: [6.0, 20.0], 9: [3.5], 10: [4.5], 11: [7.0]}
[2020-04-25 10:38:07,699] : INFO: kabuto : [r_min, r_max] = 
[6.2, 6.4]
[2020-04-25 10:38:07,700] : INFO: kabuto : f_c(0) = 1.0
[2020-04-25 10:38:07,700] : INFO: kabuto : f_c(6.2) = 1.0
[2020-04-25 10:38:07,700] : INFO: kabuto : f_c(6.3) = 0.5000000000000034
[2020-04-25 10:38:07,700] : INFO: kabuto : f_c(6.4) = 0.0
[2020-04-25 10:38:07,700] : INFO: kabuto : f_c(10) = 0.0
[2020-04-25 10:42:45,436] : INFO: kabuto : Command line arguments:
kabuto.py test
[2020-04-25 10:42:45,437] : INFO: kabuto : 
******************************************************
                   ___            _______    ____
   | /     /\     |   |   |    |     |      /    \
   |<     /__\    |--<    |    |     |     |     |
   | \   /    \   |___|    \__/      |      \____/
******************************************************
                   Ondrej Bily
                  Diploma Thesis
                       2020
******************************************************

[2020-04-25 10:42:45,439] : INFO: kabuto : Available phases: {'fcc': 0, 'bcc': 1, 'phase2': 2, 'phase3': 3, 'phase4': 4}
[2020-04-25 10:42:45,439] : INFO: kabuto : Directory 'results' already exists.
[2020-04-25 10:42:45,439] : INFO: kabuto : 
ACTION: test
Entering TEST mode. Object KABUTO created. ...
^^^^^^^^^^^^^^^^^^^^^^^^^^^^^^^^^^^^^^^^^^^^^^^^^^^^^^^^^^^^^^
[2020-04-25 10:42:45,440] : INFO: kabuto : symmetry function parameters dictionary:
{1: [2.8, 20.0], 2: [3.2, 20.0], 3: [4.4, 20.0], 4: [4.8, 20.0], 5: [5.0, 20.0], 6: [5.3, 20.0], 7: [5.7, 20.0], 8: [6.0, 20.0], 9: [3.5], 10: [4.5], 11: [7.0]}
[2020-04-25 10:42:45,440] : INFO: kabuto : [r_min, r_max] = 
[6.2, 6.4]
[2020-04-25 10:42:45,441] : INFO: kabuto : f_c(0) = 1.0
[2020-04-25 10:42:45,441] : INFO: kabuto : f_c(6.2) = 1.0
[2020-04-25 10:42:45,441] : INFO: kabuto : f_c(6.3) = 0.5000000000000034
[2020-04-25 10:42:45,441] : INFO: kabuto : f_c(6.4) = 0.0
[2020-04-25 10:42:45,441] : INFO: kabuto : f_c(10) = 0.0
[2020-04-25 11:07:05,880] : INFO: kabuto : Command line arguments:
kabuto.py test
[2020-04-25 11:07:05,881] : INFO: kabuto : 
******************************************************
                   ___            _______    ____
   | /     /\     |   |   |    |     |      /    \
   |<     /__\    |--<    |    |     |     |     |
   | \   /    \   |___|    \__/      |      \____/
******************************************************
                   Ondrej Bily
                  Diploma Thesis
                       2020
******************************************************

[2020-04-25 11:07:05,883] : INFO: kabuto : Available phases: {'fcc': 0, 'bcc': 1, 'phase2': 2, 'phase3': 3, 'phase4': 4}
[2020-04-25 11:07:05,883] : INFO: kabuto : Directory 'results' already exists.
[2020-04-25 11:07:05,883] : INFO: kabuto : 
ACTION: test
Entering TEST mode. Object KABUTO created. ...
^^^^^^^^^^^^^^^^^^^^^^^^^^^^^^^^^^^^^^^^^^^^^^^^^^^^^^^^^^^^^^
[2020-04-25 11:07:05,884] : INFO: kabuto : symmetry function parameters dictionary:
{1: [2.8, 20.0], 2: [3.2, 20.0], 3: [4.4, 20.0], 4: [4.8, 20.0], 5: [5.0, 20.0], 6: [5.3, 20.0], 7: [5.7, 20.0], 8: [6.0, 20.0], 9: [3.5], 10: [4.5], 11: [7.0]}
[2020-04-25 11:07:05,884] : INFO: kabuto : f_c(0) = 1.0
[2020-04-25 11:07:05,884] : INFO: kabuto : f_c(6.2) = 1.0
[2020-04-25 11:07:05,884] : INFO: kabuto : f_c(6.3) = 0.5000000000000034
[2020-04-25 11:07:05,885] : INFO: kabuto : f_c(6.4) = 0.0
[2020-04-25 11:07:05,885] : INFO: kabuto : f_c(10) = 0.0
[2020-04-25 11:11:13,602] : INFO: kabuto : Command line arguments:
kabuto.py test
[2020-04-25 11:11:13,602] : INFO: kabuto : 
******************************************************
                   ___            _______    ____
   | /     /\     |   |   |    |     |      /    \
   |<     /__\    |--<    |    |     |     |     |
   | \   /    \   |___|    \__/      |      \____/
******************************************************
                   Ondrej Bily
                  Diploma Thesis
                       2020
******************************************************

[2020-04-25 11:11:13,604] : INFO: kabuto : Available phases: {'fcc': 0, 'bcc': 1, 'phase2': 2, 'phase3': 3, 'phase4': 4}
[2020-04-25 11:11:13,604] : INFO: kabuto : Directory 'results' already exists.
[2020-04-25 11:11:13,605] : INFO: kabuto : 
ACTION: test
Entering TEST mode. Object KABUTO created. ...
^^^^^^^^^^^^^^^^^^^^^^^^^^^^^^^^^^^^^^^^^^^^^^^^^^^^^^^^^^^^^^
[2020-04-25 11:11:13,605] : INFO: kabuto : symmetry function parameters dictionary:
{1: [2.8, 20.0], 2: [3.2, 20.0], 3: [4.4, 20.0], 4: [4.8, 20.0], 5: [5.0, 20.0], 6: [5.3, 20.0], 7: [5.7, 20.0], 8: [6.0, 20.0], 9: [3.5], 10: [4.5], 11: [7.0]}
[2020-04-25 11:11:13,605] : INFO: kabuto : f_c(0) = 1.0
[2020-04-25 11:11:13,606] : INFO: kabuto : f_c(6.2) = 1.0
[2020-04-25 11:11:13,606] : INFO: kabuto : f_c(6.3) = 0.5000000000000034
[2020-04-25 11:11:13,606] : INFO: kabuto : f_c(6.4) = 0.0
[2020-04-25 11:11:13,606] : INFO: kabuto : f_c(10) = 0.0
[2020-04-25 11:11:13,609] : INFO: kabuto : y_00 = (0.28209479177387814+0j)
[2020-04-25 11:15:03,327] : INFO: kabuto : Command line arguments:
kabuto.py test
[2020-04-25 11:15:03,328] : INFO: kabuto : 
******************************************************
                   ___            _______    ____
   | /     /\     |   |   |    |     |      /    \
   |<     /__\    |--<    |    |     |     |     |
   | \   /    \   |___|    \__/      |      \____/
******************************************************
                   Ondrej Bily
                  Diploma Thesis
                       2020
******************************************************

[2020-04-25 11:15:03,330] : INFO: kabuto : Available phases: {'fcc': 0, 'bcc': 1, 'phase2': 2, 'phase3': 3, 'phase4': 4}
[2020-04-25 11:15:03,330] : INFO: kabuto : Directory 'results' already exists.
[2020-04-25 11:15:03,330] : INFO: kabuto : 
ACTION: test
Entering TEST mode. Object KABUTO created. ...
^^^^^^^^^^^^^^^^^^^^^^^^^^^^^^^^^^^^^^^^^^^^^^^^^^^^^^^^^^^^^^
[2020-04-25 11:15:03,331] : INFO: kabuto : symmetry function parameters dictionary:
{1: [2.8, 20.0], 2: [3.2, 20.0], 3: [4.4, 20.0], 4: [4.8, 20.0], 5: [5.0, 20.0], 6: [5.3, 20.0], 7: [5.7, 20.0], 8: [6.0, 20.0], 9: [3.5], 10: [4.5], 11: [7.0]}
[2020-04-25 11:15:03,331] : INFO: kabuto : f_c(0) = 1.0
[2020-04-25 11:15:03,331] : INFO: kabuto : f_c(6.2) = 1.0
[2020-04-25 11:15:03,331] : INFO: kabuto : f_c(6.3) = 0.5000000000000034
[2020-04-25 11:15:03,332] : INFO: kabuto : f_c(6.4) = 0.0
[2020-04-25 11:15:03,332] : INFO: kabuto : f_c(10) = 0.0
[2020-04-25 11:15:03,332] : INFO: kabuto : y_00 = (0.28209479177387814+0j)
[2020-04-25 11:15:03,332] : INFO: kabuto : scipy version = 0.19.1
[2020-04-25 11:21:26,022] : INFO: kabuto : Command line arguments:
kabuto.py test
[2020-04-25 11:21:26,023] : INFO: kabuto : 
******************************************************
                   ___            _______    ____
   | /     /\     |   |   |    |     |      /    \
   |<     /__\    |--<    |    |     |     |     |
   | \   /    \   |___|    \__/      |      \____/
******************************************************
                   Ondrej Bily
                  Diploma Thesis
                       2020
******************************************************

[2020-04-25 11:21:26,025] : INFO: kabuto : Available phases: {'fcc': 0, 'bcc': 1, 'phase2': 2, 'phase3': 3, 'phase4': 4}
[2020-04-25 11:21:26,025] : INFO: kabuto : Directory 'results' already exists.
[2020-04-25 11:21:26,025] : INFO: kabuto : 
ACTION: test
Entering TEST mode. Object KABUTO created. ...
^^^^^^^^^^^^^^^^^^^^^^^^^^^^^^^^^^^^^^^^^^^^^^^^^^^^^^^^^^^^^^
[2020-04-25 11:21:26,026] : INFO: kabuto : symmetry function parameters dictionary:
{1: [2.8, 20.0], 2: [3.2, 20.0], 3: [4.4, 20.0], 4: [4.8, 20.0], 5: [5.0, 20.0], 6: [5.3, 20.0], 7: [5.7, 20.0], 8: [6.0, 20.0], 9: [3.5], 10: [4.5], 11: [7.0]}
[2020-04-25 11:21:26,026] : INFO: kabuto : f_c(0) = 1.0
[2020-04-25 11:21:26,027] : INFO: kabuto : f_c(6.2) = 1.0
[2020-04-25 11:21:26,027] : INFO: kabuto : f_c(6.3) = 0.5000000000000034
[2020-04-25 11:21:26,027] : INFO: kabuto : f_c(6.4) = 0.0
[2020-04-25 11:21:26,027] : INFO: kabuto : f_c(10) = 0.0
[2020-04-25 11:21:26,027] : INFO: kabuto : scipy version = 0.19.1
[2020-04-25 11:21:26,027] : INFO: kabuto : y_00 = (0.28209479177387814+0j)
[2020-04-25 11:21:26,029] : INFO: kabuto : y_00 = (0.38627420202318963-9.460989302017945e-17j)
[2020-04-25 11:21:39,888] : INFO: kabuto : Command line arguments:
kabuto.py test
[2020-04-25 11:21:39,889] : INFO: kabuto : 
******************************************************
                   ___            _______    ____
   | /     /\     |   |   |    |     |      /    \
   |<     /__\    |--<    |    |     |     |     |
   | \   /    \   |___|    \__/      |      \____/
******************************************************
                   Ondrej Bily
                  Diploma Thesis
                       2020
******************************************************

[2020-04-25 11:21:39,891] : INFO: kabuto : Available phases: {'fcc': 0, 'bcc': 1, 'phase2': 2, 'phase3': 3, 'phase4': 4}
[2020-04-25 11:21:39,891] : INFO: kabuto : Directory 'results' already exists.
[2020-04-25 11:21:39,891] : INFO: kabuto : 
ACTION: test
Entering TEST mode. Object KABUTO created. ...
^^^^^^^^^^^^^^^^^^^^^^^^^^^^^^^^^^^^^^^^^^^^^^^^^^^^^^^^^^^^^^
[2020-04-25 11:21:39,892] : INFO: kabuto : symmetry function parameters dictionary:
{1: [2.8, 20.0], 2: [3.2, 20.0], 3: [4.4, 20.0], 4: [4.8, 20.0], 5: [5.0, 20.0], 6: [5.3, 20.0], 7: [5.7, 20.0], 8: [6.0, 20.0], 9: [3.5], 10: [4.5], 11: [7.0]}
[2020-04-25 11:21:39,892] : INFO: kabuto : f_c(0) = 1.0
[2020-04-25 11:21:39,892] : INFO: kabuto : f_c(6.2) = 1.0
[2020-04-25 11:21:39,892] : INFO: kabuto : f_c(6.3) = 0.5000000000000034
[2020-04-25 11:21:39,893] : INFO: kabuto : f_c(6.4) = 0.0
[2020-04-25 11:21:39,893] : INFO: kabuto : f_c(10) = 0.0
[2020-04-25 11:21:39,893] : INFO: kabuto : scipy version = 0.19.1
[2020-04-25 11:21:39,893] : INFO: kabuto : y_00 = (0.28209479177387814+0j)
[2020-04-25 11:21:39,894] : INFO: kabuto : y_22 = (0.38627420202318963-9.460989302017945e-17j)
[2020-04-25 11:29:03,264] : INFO: kabuto : Command line arguments:
kabuto.py test
[2020-04-25 11:29:03,265] : INFO: kabuto : 
******************************************************
                   ___            _______    ____
   | /     /\     |   |   |    |     |      /    \
   |<     /__\    |--<    |    |     |     |     |
   | \   /    \   |___|    \__/      |      \____/
******************************************************
                   Ondrej Bily
                  Diploma Thesis
                       2020
******************************************************

[2020-04-25 11:29:03,266] : INFO: kabuto : Available phases: {'fcc': 0, 'bcc': 1, 'phase2': 2, 'phase3': 3, 'phase4': 4}
[2020-04-25 11:29:03,267] : INFO: kabuto : Directory 'results' already exists.
[2020-04-25 11:29:03,267] : INFO: kabuto : 
ACTION: test
Entering TEST mode. Object KABUTO created. ...
^^^^^^^^^^^^^^^^^^^^^^^^^^^^^^^^^^^^^^^^^^^^^^^^^^^^^^^^^^^^^^
[2020-04-25 11:29:03,267] : INFO: kabuto : symmetry function parameters dictionary:
{1: [2.8, 20.0], 2: [3.2, 20.0], 3: [4.4, 20.0], 4: [4.8, 20.0], 5: [5.0, 20.0], 6: [5.3, 20.0], 7: [5.7, 20.0], 8: [6.0, 20.0], 9: [3.5], 10: [4.5], 11: [7.0]}
[2020-04-25 11:29:03,268] : INFO: kabuto : f_c(0) = 1.0
[2020-04-25 11:29:03,268] : INFO: kabuto : f_c(6.2) = 1.0
[2020-04-25 11:29:03,268] : INFO: kabuto : f_c(6.3) = 0.5000000000000034
[2020-04-25 11:29:03,268] : INFO: kabuto : f_c(6.4) = 0.0
[2020-04-25 11:29:03,269] : INFO: kabuto : f_c(10) = 0.0
[2020-04-25 11:29:03,269] : INFO: kabuto : scipy version = 0.19.1
[2020-04-25 11:29:03,269] : INFO: kabuto : y_00 = (0.28209479177387814+0j)
[2020-04-25 11:29:03,269] : INFO: kabuto : y_22 = 0.5462742152960396
[2020-04-25 11:29:34,611] : INFO: kabuto : Command line arguments:
kabuto.py test
[2020-04-25 11:29:34,612] : INFO: kabuto : 
******************************************************
                   ___            _______    ____
   | /     /\     |   |   |    |     |      /    \
   |<     /__\    |--<    |    |     |     |     |
   | \   /    \   |___|    \__/      |      \____/
******************************************************
                   Ondrej Bily
                  Diploma Thesis
                       2020
******************************************************

[2020-04-25 11:29:34,614] : INFO: kabuto : Available phases: {'fcc': 0, 'bcc': 1, 'phase2': 2, 'phase3': 3, 'phase4': 4}
[2020-04-25 11:29:34,614] : INFO: kabuto : Directory 'results' already exists.
[2020-04-25 11:29:34,615] : INFO: kabuto : 
ACTION: test
Entering TEST mode. Object KABUTO created. ...
^^^^^^^^^^^^^^^^^^^^^^^^^^^^^^^^^^^^^^^^^^^^^^^^^^^^^^^^^^^^^^
[2020-04-25 11:29:34,615] : INFO: kabuto : symmetry function parameters dictionary:
{1: [2.8, 20.0], 2: [3.2, 20.0], 3: [4.4, 20.0], 4: [4.8, 20.0], 5: [5.0, 20.0], 6: [5.3, 20.0], 7: [5.7, 20.0], 8: [6.0, 20.0], 9: [3.5], 10: [4.5], 11: [7.0]}
[2020-04-25 11:29:34,616] : INFO: kabuto : f_c(0) = 1.0
[2020-04-25 11:29:34,616] : INFO: kabuto : f_c(6.2) = 1.0
[2020-04-25 11:29:34,616] : INFO: kabuto : f_c(6.3) = 0.5000000000000034
[2020-04-25 11:29:34,616] : INFO: kabuto : f_c(6.4) = 0.0
[2020-04-25 11:29:34,616] : INFO: kabuto : f_c(10) = 0.0
[2020-04-25 11:29:34,616] : INFO: kabuto : scipy version = 0.19.1
[2020-04-25 11:29:34,617] : INFO: kabuto : y_00 = (0.28209479177387814+0j)
[2020-04-25 11:29:34,617] : INFO: kabuto : y_22 = 0.5462742152960396
[2020-04-25 11:29:34,617] : INFO: kabuto : y_20 = (-0.31539156525252005+0j)
[2020-04-25 11:36:08,121] : INFO: kabuto : Command line arguments:
kabuto.py test
[2020-04-25 11:36:08,122] : INFO: kabuto : 
******************************************************
                   ___            _______    ____
   | /     /\     |   |   |    |     |      /    \
   |<     /__\    |--<    |    |     |     |     |
   | \   /    \   |___|    \__/      |      \____/
******************************************************
                   Ondrej Bily
                  Diploma Thesis
                       2020
******************************************************

[2020-04-25 11:36:08,123] : INFO: kabuto : Available phases: {'fcc': 0, 'bcc': 1, 'phase2': 2, 'phase3': 3, 'phase4': 4}
[2020-04-25 11:36:08,124] : INFO: kabuto : Directory 'results' already exists.
[2020-04-25 11:36:08,124] : INFO: kabuto : 
ACTION: test
Entering TEST mode. Object KABUTO created. ...
^^^^^^^^^^^^^^^^^^^^^^^^^^^^^^^^^^^^^^^^^^^^^^^^^^^^^^^^^^^^^^
[2020-04-25 11:36:08,125] : INFO: kabuto : symmetry function parameters dictionary:
{1: [2.8, 20.0], 2: [3.2, 20.0], 3: [4.4, 20.0], 4: [4.8, 20.0], 5: [5.0, 20.0], 6: [5.3, 20.0], 7: [5.7, 20.0], 8: [6.0, 20.0], 9: [3.5], 10: [4.5], 11: [7.0]}
[2020-04-25 11:36:08,125] : INFO: kabuto : f_c(0) = 1.0
[2020-04-25 11:36:08,125] : INFO: kabuto : f_c(6.2) = 1.0
[2020-04-25 11:36:08,125] : INFO: kabuto : f_c(6.3) = 0.5000000000000034
[2020-04-25 11:36:08,126] : INFO: kabuto : f_c(6.4) = 0.0
[2020-04-25 11:36:08,126] : INFO: kabuto : f_c(10) = 0.0
[2020-04-25 11:36:08,126] : INFO: kabuto : scipy version = 0.19.1
[2020-04-25 11:36:08,126] : INFO: kabuto : y_00 = (0.28209479177387814+0j)
[2020-04-25 11:36:08,127] : INFO: kabuto : y_22 = 0.5462742152960396
[2020-04-25 11:36:08,127] : INFO: kabuto : y_20 = (-0.31539156525252005+0j)
[2020-04-25 11:36:08,127] : INFO: kabuto : y_2^2 = (0.38627420202318963+0j)
[2020-04-25 11:37:02,643] : INFO: kabuto : Command line arguments:
kabuto.py test
[2020-04-25 11:37:02,644] : INFO: kabuto : 
******************************************************
                   ___            _______    ____
   | /     /\     |   |   |    |     |      /    \
   |<     /__\    |--<    |    |     |     |     |
   | \   /    \   |___|    \__/      |      \____/
******************************************************
                   Ondrej Bily
                  Diploma Thesis
                       2020
******************************************************

[2020-04-25 11:37:02,646] : INFO: kabuto : Available phases: {'fcc': 0, 'bcc': 1, 'phase2': 2, 'phase3': 3, 'phase4': 4}
[2020-04-25 11:37:02,646] : INFO: kabuto : Directory 'results' already exists.
[2020-04-25 11:37:02,646] : INFO: kabuto : 
ACTION: test
Entering TEST mode. Object KABUTO created. ...
^^^^^^^^^^^^^^^^^^^^^^^^^^^^^^^^^^^^^^^^^^^^^^^^^^^^^^^^^^^^^^
[2020-04-25 11:37:02,647] : INFO: kabuto : symmetry function parameters dictionary:
{1: [2.8, 20.0], 2: [3.2, 20.0], 3: [4.4, 20.0], 4: [4.8, 20.0], 5: [5.0, 20.0], 6: [5.3, 20.0], 7: [5.7, 20.0], 8: [6.0, 20.0], 9: [3.5], 10: [4.5], 11: [7.0]}
[2020-04-25 11:37:02,647] : INFO: kabuto : f_c(0) = 1.0
[2020-04-25 11:37:02,647] : INFO: kabuto : f_c(6.2) = 1.0
[2020-04-25 11:37:02,647] : INFO: kabuto : f_c(6.3) = 0.5000000000000034
[2020-04-25 11:37:02,647] : INFO: kabuto : f_c(6.4) = 0.0
[2020-04-25 11:37:02,648] : INFO: kabuto : f_c(10) = 0.0
[2020-04-25 11:37:02,648] : INFO: kabuto : scipy version = 0.19.1
[2020-04-25 11:37:02,648] : INFO: kabuto : y_00 = (0.28209479177387814+0j)
[2020-04-25 11:37:02,648] : INFO: kabuto : y_43 = 0.0
[2020-04-25 11:37:02,648] : INFO: kabuto : y_20 = (-0.31539156525252005+0j)
[2020-04-25 11:37:02,648] : INFO: kabuto : y_4^3 = (nan+0j)
[2020-04-25 11:37:31,987] : INFO: kabuto : Command line arguments:
kabuto.py test
[2020-04-25 11:37:31,988] : INFO: kabuto : 
******************************************************
                   ___            _______    ____
   | /     /\     |   |   |    |     |      /    \
   |<     /__\    |--<    |    |     |     |     |
   | \   /    \   |___|    \__/      |      \____/
******************************************************
                   Ondrej Bily
                  Diploma Thesis
                       2020
******************************************************

[2020-04-25 11:37:31,989] : INFO: kabuto : Available phases: {'fcc': 0, 'bcc': 1, 'phase2': 2, 'phase3': 3, 'phase4': 4}
[2020-04-25 11:37:31,989] : INFO: kabuto : Directory 'results' already exists.
[2020-04-25 11:37:31,989] : INFO: kabuto : 
ACTION: test
Entering TEST mode. Object KABUTO created. ...
^^^^^^^^^^^^^^^^^^^^^^^^^^^^^^^^^^^^^^^^^^^^^^^^^^^^^^^^^^^^^^
[2020-04-25 11:37:31,990] : INFO: kabuto : symmetry function parameters dictionary:
{1: [2.8, 20.0], 2: [3.2, 20.0], 3: [4.4, 20.0], 4: [4.8, 20.0], 5: [5.0, 20.0], 6: [5.3, 20.0], 7: [5.7, 20.0], 8: [6.0, 20.0], 9: [3.5], 10: [4.5], 11: [7.0]}
[2020-04-25 11:37:31,990] : INFO: kabuto : f_c(0) = 1.0
[2020-04-25 11:37:31,990] : INFO: kabuto : f_c(6.2) = 1.0
[2020-04-25 11:37:31,990] : INFO: kabuto : f_c(6.3) = 0.5000000000000034
[2020-04-25 11:37:31,990] : INFO: kabuto : f_c(6.4) = 0.0
[2020-04-25 11:37:31,990] : INFO: kabuto : f_c(10) = 0.0
[2020-04-25 11:37:31,991] : INFO: kabuto : scipy version = 0.19.1
[2020-04-25 11:37:31,991] : INFO: kabuto : y_00 = (0.28209479177387814+0j)
[2020-04-25 11:37:31,991] : INFO: kabuto : y_43 = 0.0
[2020-04-25 11:37:31,991] : INFO: kabuto : y_20 = (-0.31539156525252005+0j)
[2020-04-25 11:37:31,991] : INFO: kabuto : y_4^3 = 0j
[2020-04-25 11:37:53,777] : INFO: kabuto : Command line arguments:
kabuto.py test
[2020-04-25 11:37:53,777] : INFO: kabuto : 
******************************************************
                   ___            _______    ____
   | /     /\     |   |   |    |     |      /    \
   |<     /__\    |--<    |    |     |     |     |
   | \   /    \   |___|    \__/      |      \____/
******************************************************
                   Ondrej Bily
                  Diploma Thesis
                       2020
******************************************************

[2020-04-25 11:37:53,779] : INFO: kabuto : Available phases: {'fcc': 0, 'bcc': 1, 'phase2': 2, 'phase3': 3, 'phase4': 4}
[2020-04-25 11:37:53,779] : INFO: kabuto : Directory 'results' already exists.
[2020-04-25 11:37:53,779] : INFO: kabuto : 
ACTION: test
Entering TEST mode. Object KABUTO created. ...
^^^^^^^^^^^^^^^^^^^^^^^^^^^^^^^^^^^^^^^^^^^^^^^^^^^^^^^^^^^^^^
[2020-04-25 11:37:53,780] : INFO: kabuto : symmetry function parameters dictionary:
{1: [2.8, 20.0], 2: [3.2, 20.0], 3: [4.4, 20.0], 4: [4.8, 20.0], 5: [5.0, 20.0], 6: [5.3, 20.0], 7: [5.7, 20.0], 8: [6.0, 20.0], 9: [3.5], 10: [4.5], 11: [7.0]}
[2020-04-25 11:37:53,780] : INFO: kabuto : f_c(0) = 1.0
[2020-04-25 11:37:53,781] : INFO: kabuto : f_c(6.2) = 1.0
[2020-04-25 11:37:53,781] : INFO: kabuto : f_c(6.3) = 0.5000000000000034
[2020-04-25 11:37:53,781] : INFO: kabuto : f_c(6.4) = 0.0
[2020-04-25 11:37:53,781] : INFO: kabuto : f_c(10) = 0.0
[2020-04-25 11:37:53,781] : INFO: kabuto : scipy version = 0.19.1
[2020-04-25 11:37:53,781] : INFO: kabuto : y_00 = (0.28209479177387814+0j)
[2020-04-25 11:37:53,782] : INFO: kabuto : y_43 = -0.4730873478787801
[2020-04-25 11:37:53,782] : INFO: kabuto : y_20 = (-0.31539156525252005+0j)
[2020-04-25 11:37:53,782] : INFO: kabuto : y_4^3 = (-0.3345232717786446+0j)
[2020-04-25 11:39:53,949] : INFO: kabuto : Command line arguments:
kabuto.py test
[2020-04-25 11:39:53,950] : INFO: kabuto : 
******************************************************
                   ___            _______    ____
   | /     /\     |   |   |    |     |      /    \
   |<     /__\    |--<    |    |     |     |     |
   | \   /    \   |___|    \__/      |      \____/
******************************************************
                   Ondrej Bily
                  Diploma Thesis
                       2020
******************************************************

[2020-04-25 11:39:53,952] : INFO: kabuto : Available phases: {'fcc': 0, 'bcc': 1, 'phase2': 2, 'phase3': 3, 'phase4': 4}
[2020-04-25 11:39:53,952] : INFO: kabuto : Directory 'results' already exists.
[2020-04-25 11:39:53,952] : INFO: kabuto : 
ACTION: test
Entering TEST mode. Object KABUTO created. ...
^^^^^^^^^^^^^^^^^^^^^^^^^^^^^^^^^^^^^^^^^^^^^^^^^^^^^^^^^^^^^^
[2020-04-25 11:39:53,953] : INFO: kabuto : symmetry function parameters dictionary:
{1: [2.8, 20.0], 2: [3.2, 20.0], 3: [4.4, 20.0], 4: [4.8, 20.0], 5: [5.0, 20.0], 6: [5.3, 20.0], 7: [5.7, 20.0], 8: [6.0, 20.0], 9: [3.5], 10: [4.5], 11: [7.0]}
[2020-04-25 11:39:53,954] : INFO: kabuto : f_c(0) = 1.0
[2020-04-25 11:39:53,954] : INFO: kabuto : f_c(6.2) = 1.0
[2020-04-25 11:39:53,954] : INFO: kabuto : f_c(6.3) = 0.5000000000000034
[2020-04-25 11:39:53,954] : INFO: kabuto : f_c(6.4) = 0.0
[2020-04-25 11:39:53,955] : INFO: kabuto : f_c(10) = 0.0
[2020-04-25 11:39:53,955] : INFO: kabuto : scipy version = 0.19.1
[2020-04-25 11:39:53,955] : INFO: kabuto : y_00 = (0.28209479177387814+0j)
[2020-04-25 11:39:53,955] : INFO: kabuto : y_42 = -0.4730873478787801
[2020-04-25 11:39:53,955] : INFO: kabuto : y_20 = (-0.31539156525252005+0j)
[2020-04-25 11:39:53,956] : INFO: kabuto : y_4^2 = (-0.4730873478787801+0j)
[2020-04-25 12:03:15,441] : INFO: kabuto : Command line arguments:
kabuto.py test
[2020-04-25 12:03:15,441] : INFO: kabuto : 
******************************************************
                   ___            _______    ____
   | /     /\     |   |   |    |     |      /    \
   |<     /__\    |--<    |    |     |     |     |
   | \   /    \   |___|    \__/      |      \____/
******************************************************
                   Ondrej Bily
                  Diploma Thesis
                       2020
******************************************************

[2020-04-25 12:03:15,446] : INFO: kabuto : Available phases: {'fcc': 0, 'bcc': 1, 'phase2': 2, 'phase3': 3, 'phase4': 4}
[2020-04-25 12:03:15,447] : INFO: kabuto : Directory 'results' already exists.
[2020-04-25 12:03:15,447] : INFO: kabuto : ACTION: test
Entering TEST mode. Object KABUTO created. ...
^^^^^^^^^^^^^^^^^^^^^^^^^^^^^^^^^^^^^^^^^^^^^^^^^^^^^^^^^^^^^^
